[2026-04-16 10:47:18.558 INF] [STALL-CHECK] No stalled rows found
[2026-04-16 10:48:07.876 WRN] [RESTORE] TypeMID:1b4295cb5abd DeviceID:1 RestoredRows:0 ReqTime:05:18:07.847 Duration:25ms
[2026-04-16 10:48:15.694 INF] [POLL-SENT] TypeMID:1b4295cb5abd DeviceID:1 Name:R&D1 - Ground Floor RowsSent:2 TotalPending:28 TrnIDs:[40104,40105] ReqTime:05:18:15.501 Duration:188ms
[2026-04-16 10:48:15.697 INF] [POLL-ROW] TrnID:40104 TypeMID:1b4295cb5abd MsgStr:ENROLL|UID:USR0097|DID:1 RetryCnt:2 
[2026-04-16 10:48:15.698 INF] [POLL-ROW] TrnID:40105 TypeMID:1b4295cb5abd MsgStr:ENROLL|UID:USR0098|DID:1 RetryCnt:2 
[2026-04-16 10:48:19.727 WRN] [POLL-BLOCKED] TypeMID:1b4295cb5abd DeviceID:1 Reason:TrnStat1RowsExist ReqTime:05:18:19.720 Duration:4ms
[2026-04-16 10:48:22.722 WRN] [POLL-BLOCKED] TypeMID:1b4295cb5abd DeviceID:1 Reason:TrnStat1RowsExist ReqTime:05:18:22.718 Duration:1ms
[2026-04-16 10:48:23.242 WRN] [POLL-BLOCKED] TypeMID:1b4295cb5abd DeviceID:1 Reason:TrnStat1RowsExist ReqTime:05:18:23.238 Duration:1ms
[2026-04-16 10:48:23.824 WRN] [POLL-BLOCKED] TypeMID:1b4295cb5abd DeviceID:1 Reason:TrnStat1RowsExist ReqTime:05:18:23.821 Duration:1ms
[2026-04-16 10:48:25.820 WRN] [POLL-BLOCKED] TypeMID:1b4295cb5abd DeviceID:1 Reason:TrnStat1RowsExist ReqTime:05:18:25.815 Duration:1ms
[2026-04-16 10:48:44.125 INF] [ACK] TypeMID:1b4295cb5abd DeviceID:1 Claimed:2 Updated:0 TrnIDs:[40102,40103] AvgDelay:0s MaxDelay:0s ReqTime:05:18:44.076 Duration:41ms
[2026-04-16 10:49:18.629 WRN] [STALL] TypeMID:1b4295cb5abd StalledRows:2 Reset:2 Failed:0 MaxRetry:2
[2026-04-16 10:50:00.760 INF] [ACK] TypeMID:1b4295cb5abd DeviceID:1 Claimed:2 Updated:0 TrnIDs:[40102,40103] AvgDelay:0s MaxDelay:0s ReqTime:05:20:00.755 Duration:3ms
[2026-04-16 10:51:18.663 INF] [STALL-CHECK] No stalled rows found
[2026-04-16 10:51:56.626 WRN] [RESTORE] TypeMID:1b4295cb5abd DeviceID:1 RestoredRows:0 ReqTime:05:21:56.618 Duration:5ms
[2026-04-16 10:55:23.923 INF] [ACK] TypeMID:1b4295cb5abd DeviceID:1 Claimed:2 Updated:0 TrnIDs:[40102,40103] AvgDelay:0s MaxDelay:0s ReqTime:05:25:23.334 Duration:579ms
[2026-04-16 10:55:26.153 INF] [ACK] TypeMID:1b4295cb5abd DeviceID:1 Claimed:2 Updated:0 TrnIDs:[40102,40103] AvgDelay:0s MaxDelay:0s ReqTime:05:25:26.135 Duration:13ms
[2026-04-16 10:55:28.505 WRN] [RESTORE] TypeMID:1b4295cb5abd DeviceID:1 RestoredRows:0 ReqTime:05:25:28.448 Duration:54ms
[2026-04-16 10:55:31.528 WRN] [RESTORE] TypeMID:1b4295cb5abd DeviceID:1 RestoredRows:0 ReqTime:05:25:31.522 Duration:3ms
[2026-04-16 10:55:32.300 WRN] [RESTORE] TypeMID:1b4295cb5abd DeviceID:1 RestoredRows:0 ReqTime:05:25:32.294 Duration:4ms
[2026-04-16 10:55:41.052 INF] [LOGIN] TypeMID:1b4295cb5abd DeviceID:1 Name:R&D1 - Ground Floor Result:SUCCESS Duration:44ms
[2026-04-16 10:55:42.206 INF] [LOGIN] TypeMID:1b4295cb5abd DeviceID:1 Name:R&D1 - Ground Floor Result:SUCCESS Duration:3ms
[2026-04-16 10:56:21.523 INF] [STALL-CHECK] No stalled rows found
[2026-04-16 10:58:21.552 INF] [STALL-CHECK] No stalled rows found
[2026-04-16 11:00:21.579 INF] [STALL-CHECK] No stalled rows found
[2026-04-16 11:02:21.614 INF] [STALL-CHECK] No stalled rows found
[2026-04-16 11:04:21.651 INF] [STALL-CHECK] No stalled rows found
[2026-04-16 11:06:21.690 INF] [STALL-CHECK] No stalled rows found
[2026-04-16 11:08:21.726 INF] [STALL-CHECK] No stalled rows found
[2026-04-16 11:10:21.754 INF] [STALL-CHECK] No stalled rows found
[2026-04-16 11:12:21.786 INF] [STALL-CHECK] No stalled rows found
[2026-04-16 11:14:21.800 INF] [STALL-CHECK] No stalled rows found
[2026-04-16 11:16:21.824 INF] [STALL-CHECK] No stalled rows found
[2026-04-16 11:18:21.837 INF] [STALL-CHECK] No stalled rows found
[2026-04-16 11:20:21.854 INF] [STALL-CHECK] No stalled rows found
[2026-04-16 11:26:43.057 INF] [STALL-CHECK] No stalled rows found
[2026-04-16 11:28:43.123 INF] [STALL-CHECK] No stalled rows found
[2026-04-16 11:30:43.183 INF] [STALL-CHECK] No stalled rows found
[2026-04-16 11:32:43.207 INF] [STALL-CHECK] No stalled rows found
[2026-04-16 11:44:19.190 INF] [STALL-CHECK] No stalled rows found
[2026-04-16 11:44:38.707 INF] [LOGIN] TypeMID:1b4295cb5abd DeviceID:1 Name:R&D1 - Ground Floor Result:SUCCESS Duration:56ms
[2026-04-16 11:44:38.852 WRN] [RESTORE] TypeMID:1b4295cb5abd DeviceID:1 RestoredRows:0 ReqTime:06:14:38.795 Duration:54ms
[2026-04-16 11:44:38.983 INF] [POLL-SENT] TypeMID:1b4295cb5abd DeviceID:1 Name:R&D1 - Ground Floor RowsSent:1 TotalPending:37 TrnIDs:[40096] ReqTime:06:14:38.869 Duration:109ms
[2026-04-16 11:44:38.985 INF] [POLL-ROW] TrnID:40096 TypeMID:1b4295cb5abd MsgStr:ENROLL|UID:USR0088|DID:1 RetryCnt:1 
[2026-04-16 11:44:41.093 INF] [ACK] TypeMID:1b4295cb5abd DeviceID:1 Claimed:1 Updated:1 TrnIDs:[40096] AvgDelay:0s MaxDelay:0s ReqTime:06:14:41.048 Duration:41ms
[2026-04-16 11:44:49.125 INF] [POLL-SENT] TypeMID:1b4295cb5abd DeviceID:1 Name:R&D1 - Ground Floor RowsSent:1 TotalPending:36 TrnIDs:[40097] ReqTime:06:14:49.111 Duration:12ms
[2026-04-16 11:44:49.127 INF] [POLL-ROW] TrnID:40097 TypeMID:1b4295cb5abd MsgStr:ENROLL|UID:USR0089|DID:1 RetryCnt:1 
[2026-04-16 11:44:51.161 INF] [ACK] TypeMID:1b4295cb5abd DeviceID:1 Claimed:1 Updated:1 TrnIDs:[40097] AvgDelay:0s MaxDelay:0s ReqTime:06:14:51.146 Duration:9ms
[2026-04-16 11:44:59.188 INF] [POLL-SENT] TypeMID:1b4295cb5abd DeviceID:1 Name:R&D1 - Ground Floor RowsSent:1 TotalPending:35 TrnIDs:[40098] ReqTime:06:14:59.174 Duration:12ms
[2026-04-16 11:44:59.189 INF] [POLL-ROW] TrnID:40098 TypeMID:1b4295cb5abd MsgStr:ENROLL|UID:USR0091|DID:1 RetryCnt:1 
[2026-04-16 11:45:01.205 INF] [ACK] TypeMID:1b4295cb5abd DeviceID:1 Claimed:1 Updated:1 TrnIDs:[40098] AvgDelay:0s MaxDelay:0s ReqTime:06:15:01.197 Duration:5ms
[2026-04-16 11:45:09.229 INF] [POLL-SENT] TypeMID:1b4295cb5abd DeviceID:1 Name:R&D1 - Ground Floor RowsSent:1 TotalPending:34 TrnIDs:[40099] ReqTime:06:15:09.213 Duration:14ms
[2026-04-16 11:45:09.231 INF] [POLL-ROW] TrnID:40099 TypeMID:1b4295cb5abd MsgStr:ENROLL|UID:USR0092|DID:1 RetryCnt:1 
[2026-04-16 11:45:11.255 INF] [ACK] TypeMID:1b4295cb5abd DeviceID:1 Claimed:1 Updated:1 TrnIDs:[40099] AvgDelay:0s MaxDelay:0s ReqTime:06:15:11.245 Duration:7ms
[2026-04-16 11:45:19.276 INF] [POLL-SENT] TypeMID:1b4295cb5abd DeviceID:1 Name:R&D1 - Ground Floor RowsSent:1 TotalPending:33 TrnIDs:[40100] ReqTime:06:15:19.257 Duration:16ms
[2026-04-16 11:45:19.280 INF] [POLL-ROW] TrnID:40100 TypeMID:1b4295cb5abd MsgStr:ENROLL|UID:USR0093|DID:1 RetryCnt:1 
[2026-04-16 11:45:21.304 INF] [ACK] TypeMID:1b4295cb5abd DeviceID:1 Claimed:1 Updated:1 TrnIDs:[40100] AvgDelay:0s MaxDelay:0s ReqTime:06:15:21.289 Duration:10ms
[2026-04-16 11:45:29.348 INF] [POLL-SENT] TypeMID:1b4295cb5abd DeviceID:1 Name:R&D1 - Ground Floor RowsSent:1 TotalPending:32 TrnIDs:[40101] ReqTime:06:15:29.313 Duration:31ms
[2026-04-16 11:45:29.351 INF] [POLL-ROW] TrnID:40101 TypeMID:1b4295cb5abd MsgStr:ENROLL|UID:USR0094|DID:1 RetryCnt:1 
[2026-04-16 11:45:31.384 INF] [ACK] TypeMID:1b4295cb5abd DeviceID:1 Claimed:1 Updated:1 TrnIDs:[40101] AvgDelay:0s MaxDelay:0s ReqTime:06:15:31.370 Duration:11ms
[2026-04-16 11:45:39.404 INF] [POLL-SENT] TypeMID:1b4295cb5abd DeviceID:1 Name:R&D1 - Ground Floor RowsSent:1 TotalPending:31 TrnIDs:[40102] ReqTime:06:15:39.393 Duration:9ms
[2026-04-16 11:45:39.405 INF] [POLL-ROW] TrnID:40102 TypeMID:1b4295cb5abd MsgStr:ENROLL|UID:USR0095|DID:1 RetryCnt:1 
[2026-04-16 11:45:41.423 INF] [ACK] TypeMID:1b4295cb5abd DeviceID:1 Claimed:1 Updated:1 TrnIDs:[40102] AvgDelay:0s MaxDelay:0s ReqTime:06:15:41.415 Duration:6ms
[2026-04-16 11:46:19.968 WRN] [LOGIN] TypeMID:b1e582f6911c DeviceID:1 Result:FAILED Reason:Device not found Duration:620ms
[2026-04-16 11:48:04.378 INF] [LOGIN] TypeMID:1b4295cb5abd DeviceID:1 Name:R&D1 - Ground Floor Result:SUCCESS Duration:590ms
[2026-04-16 11:48:04.499 WRN] [RESTORE] TypeMID:1b4295cb5abd DeviceID:1 RestoredRows:0 ReqTime:06:18:04.466 Duration:29ms
[2026-04-16 11:48:04.674 INF] [POLL-SENT] TypeMID:1b4295cb5abd DeviceID:1 Name:R&D1 - Ground Floor RowsSent:1 TotalPending:30 TrnIDs:[40103] ReqTime:06:18:04.517 Duration:150ms
[2026-04-16 11:48:04.676 INF] [POLL-ROW] TrnID:40103 TypeMID:1b4295cb5abd MsgStr:ENROLL|UID:USR0096|DID:1 RetryCnt:1 
[2026-04-16 11:48:06.807 INF] [ACK] TypeMID:1b4295cb5abd DeviceID:1 Claimed:1 Updated:1 TrnIDs:[40103] AvgDelay:0s MaxDelay:0s ReqTime:06:18:06.749 Duration:53ms
[2026-04-16 11:48:14.845 INF] [POLL-SENT] TypeMID:1b4295cb5abd DeviceID:1 Name:R&D1 - Ground Floor RowsSent:1 TotalPending:29 TrnIDs:[40104] ReqTime:06:18:14.826 Duration:16ms
[2026-04-16 11:48:14.847 INF] [POLL-ROW] TrnID:40104 TypeMID:1b4295cb5abd MsgStr:ENROLL|UID:USR0097|DID:1 RetryCnt:1 
[2026-04-16 11:48:16.878 INF] [ACK] TypeMID:1b4295cb5abd DeviceID:1 Claimed:1 Updated:1 TrnIDs:[40104] AvgDelay:0s MaxDelay:0s ReqTime:06:18:16.867 Duration:8ms
[2026-04-16 11:48:24.899 INF] [POLL-SENT] TypeMID:1b4295cb5abd DeviceID:1 Name:R&D1 - Ground Floor RowsSent:1 TotalPending:28 TrnIDs:[40105] ReqTime:06:18:24.888 Duration:9ms
[2026-04-16 11:48:24.901 INF] [POLL-ROW] TrnID:40105 TypeMID:1b4295cb5abd MsgStr:ENROLL|UID:USR0098|DID:1 RetryCnt:1 
[2026-04-16 11:48:26.915 INF] [ACK] TypeMID:1b4295cb5abd DeviceID:1 Claimed:1 Updated:1 TrnIDs:[40105] AvgDelay:0s MaxDelay:0s ReqTime:06:18:26.904 Duration:8ms
[2026-04-16 11:48:34.937 INF] [POLL-SENT] TypeMID:1b4295cb5abd DeviceID:1 Name:R&D1 - Ground Floor RowsSent:1 TotalPending:27 TrnIDs:[40106] ReqTime:06:18:34.921 Duration:14ms
[2026-04-16 11:48:34.939 INF] [POLL-ROW] TrnID:40106 TypeMID:1b4295cb5abd MsgStr:ENROLL|UID:USR0099|DID:1 RetryCnt:1 
[2026-04-16 11:48:36.944 INF] [ACK] TypeMID:1b4295cb5abd DeviceID:1 Claimed:1 Updated:1 TrnIDs:[40106] AvgDelay:0s MaxDelay:0s ReqTime:06:18:36.937 Duration:5ms
[2026-04-16 11:48:44.970 INF] [POLL-SENT] TypeMID:1b4295cb5abd DeviceID:1 Name:R&D1 - Ground Floor RowsSent:1 TotalPending:26 TrnIDs:[40107] ReqTime:06:18:44.951 Duration:17ms
[2026-04-16 11:48:44.972 INF] [POLL-ROW] TrnID:40107 TypeMID:1b4295cb5abd MsgStr:ENROLL|UID:USR00101|DID:1 RetryCnt:1 
[2026-04-16 11:48:46.990 INF] [ACK] TypeMID:1b4295cb5abd DeviceID:1 Claimed:1 Updated:1 TrnIDs:[40107] AvgDelay:0s MaxDelay:0s ReqTime:06:18:46.971 Duration:16ms
[2026-04-16 11:48:55.037 INF] [POLL-SENT] TypeMID:1b4295cb5abd DeviceID:1 Name:R&D1 - Ground Floor RowsSent:1 TotalPending:25 TrnIDs:[40108] ReqTime:06:18:55.001 Duration:31ms
[2026-04-16 11:48:55.040 INF] [POLL-ROW] TrnID:40108 TypeMID:1b4295cb5abd MsgStr:ENROLL|UID:USR00102|DID:1 RetryCnt:1 
[2026-04-16 11:48:57.064 INF] [ACK] TypeMID:1b4295cb5abd DeviceID:1 Claimed:1 Updated:1 TrnIDs:[40108] AvgDelay:0s MaxDelay:0s ReqTime:06:18:57.056 Duration:5ms
[2026-04-16 11:49:05.097 INF] [POLL-SENT] TypeMID:1b4295cb5abd DeviceID:1 Name:R&D1 - Ground Floor RowsSent:1 TotalPending:24 TrnIDs:[40109] ReqTime:06:19:05.074 Duration:18ms
[2026-04-16 11:49:05.101 INF] [POLL-ROW] TrnID:40109 TypeMID:1b4295cb5abd MsgStr:ENROLL|UID:USR00103|DID:1 RetryCnt:1 
[2026-04-16 11:49:07.128 INF] [ACK] TypeMID:1b4295cb5abd DeviceID:1 Claimed:1 Updated:1 TrnIDs:[40109] AvgDelay:0s MaxDelay:0s ReqTime:06:19:07.121 Duration:4ms
[2026-04-16 11:49:15.143 INF] [POLL-SENT] TypeMID:1b4295cb5abd DeviceID:1 Name:R&D1 - Ground Floor RowsSent:1 TotalPending:23 TrnIDs:[40110] ReqTime:06:19:15.124 Duration:15ms
[2026-04-16 11:49:15.144 INF] [POLL-ROW] TrnID:40110 TypeMID:1b4295cb5abd MsgStr:ENROLL|UID:USR00104|DID:1 RetryCnt:1 
[2026-04-16 11:49:17.166 INF] [ACK] TypeMID:1b4295cb5abd DeviceID:1 Claimed:1 Updated:1 TrnIDs:[40110] AvgDelay:0s MaxDelay:0s ReqTime:06:19:17.153 Duration:9ms
[2026-04-16 11:49:25.187 INF] [POLL-SENT] TypeMID:1b4295cb5abd DeviceID:1 Name:R&D1 - Ground Floor RowsSent:1 TotalPending:22 TrnIDs:[40111] ReqTime:06:19:25.173 Duration:11ms
[2026-04-16 11:49:25.189 INF] [POLL-ROW] TrnID:40111 TypeMID:1b4295cb5abd MsgStr:ENROLL|UID:USR00105|DID:1 RetryCnt:1 
[2026-04-16 11:49:27.214 INF] [ACK] TypeMID:1b4295cb5abd DeviceID:1 Claimed:1 Updated:1 TrnIDs:[40111] AvgDelay:0s MaxDelay:0s ReqTime:06:19:27.205 Duration:6ms
[2026-04-16 11:49:35.235 INF] [POLL-SENT] TypeMID:1b4295cb5abd DeviceID:1 Name:R&D1 - Ground Floor RowsSent:1 TotalPending:21 TrnIDs:[40112] ReqTime:06:19:35.223 Duration:9ms
[2026-04-16 11:49:35.236 INF] [POLL-ROW] TrnID:40112 TypeMID:1b4295cb5abd MsgStr:ENROLL|UID:USR00106|DID:1 RetryCnt:1 
[2026-04-16 11:49:37.270 INF] [ACK] TypeMID:1b4295cb5abd DeviceID:1 Claimed:1 Updated:1 TrnIDs:[40112] AvgDelay:0s MaxDelay:0s ReqTime:06:19:37.257 Duration:9ms
[2026-04-16 11:49:45.294 INF] [POLL-SENT] TypeMID:1b4295cb5abd DeviceID:1 Name:R&D1 - Ground Floor RowsSent:1 TotalPending:20 TrnIDs:[40113] ReqTime:06:19:45.280 Duration:12ms
[2026-04-16 11:49:45.296 INF] [POLL-ROW] TrnID:40113 TypeMID:1b4295cb5abd MsgStr:ENROLL|UID:USR00107|DID:1 RetryCnt:1 
[2026-04-16 11:49:47.319 INF] [ACK] TypeMID:1b4295cb5abd DeviceID:1 Claimed:1 Updated:1 TrnIDs:[40113] AvgDelay:0s MaxDelay:0s ReqTime:06:19:47.307 Duration:8ms
[2026-04-16 11:49:47.932 INF] [STALL-CHECK] No stalled rows found
[2026-04-16 11:49:55.352 INF] [POLL-SENT] TypeMID:1b4295cb5abd DeviceID:1 Name:R&D1 - Ground Floor RowsSent:1 TotalPending:19 TrnIDs:[40114] ReqTime:06:19:55.325 Duration:24ms
[2026-04-16 11:49:55.354 INF] [POLL-ROW] TrnID:40114 TypeMID:1b4295cb5abd MsgStr:ENROLL|UID:USR00108|DID:1 RetryCnt:1 
[2026-04-16 11:49:57.398 INF] [ACK] TypeMID:1b4295cb5abd DeviceID:1 Claimed:1 Updated:1 TrnIDs:[40114] AvgDelay:0s MaxDelay:0s ReqTime:06:19:57.374 Duration:19ms
[2026-04-16 11:50:05.422 INF] [POLL-SENT] TypeMID:1b4295cb5abd DeviceID:1 Name:R&D1 - Ground Floor RowsSent:1 TotalPending:18 TrnIDs:[40115] ReqTime:06:20:05.409 Duration:11ms
[2026-04-16 11:50:05.424 INF] [POLL-ROW] TrnID:40115 TypeMID:1b4295cb5abd MsgStr:ENROLL|UID:USR00109|DID:1 RetryCnt:1 
[2026-04-16 11:50:07.439 INF] [ACK] TypeMID:1b4295cb5abd DeviceID:1 Claimed:1 Updated:1 TrnIDs:[40115] AvgDelay:0s MaxDelay:0s ReqTime:06:20:07.425 Duration:10ms
[2026-04-16 11:50:15.471 INF] [POLL-SENT] TypeMID:1b4295cb5abd DeviceID:1 Name:R&D1 - Ground Floor RowsSent:1 TotalPending:17 TrnIDs:[40116] ReqTime:06:20:15.449 Duration:17ms
[2026-04-16 11:50:15.474 INF] [POLL-ROW] TrnID:40116 TypeMID:1b4295cb5abd MsgStr:ENROLL|UID:USR00111|DID:1 RetryCnt:1 
[2026-04-16 11:50:17.503 INF] [ACK] TypeMID:1b4295cb5abd DeviceID:1 Claimed:1 Updated:1 TrnIDs:[40116] AvgDelay:0s MaxDelay:0s ReqTime:06:20:17.492 Duration:7ms
[2026-04-16 11:50:25.525 INF] [POLL-SENT] TypeMID:1b4295cb5abd DeviceID:1 Name:R&D1 - Ground Floor RowsSent:1 TotalPending:16 TrnIDs:[40117] ReqTime:06:20:25.508 Duration:14ms
[2026-04-16 11:50:25.527 INF] [POLL-ROW] TrnID:40117 TypeMID:1b4295cb5abd MsgStr:ENROLL|UID:USR00112|DID:1 RetryCnt:1 
[2026-04-16 11:50:27.554 INF] [ACK] TypeMID:1b4295cb5abd DeviceID:1 Claimed:1 Updated:1 TrnIDs:[40117] AvgDelay:0s MaxDelay:0s ReqTime:06:20:27.541 Duration:9ms
