[2026-04-16 10:48:44.129 ERR] [ACK-MISMATCH] TypeMID:1b4295cb5abd DeviceID:1 ClientClaimed:2 DBUpdated:0 MissingTrnIDs:[40102,40103]
[2026-04-16 10:50:00.761 ERR] [ACK-MISMATCH] TypeMID:1b4295cb5abd DeviceID:1 ClientClaimed:2 DBUpdated:0 MissingTrnIDs:[40102,40103]
[2026-04-16 10:53:18.686 ERR] [DB-ERROR] Action:STALL-RECOVERY TypeMID:N/A Error:The ConnectionString property has not been initialized.
System.InvalidOperationException: The ConnectionString property has not been initialized.
   at Microsoft.Data.SqlClient.SqlConnection.PermissionDemand()
   at Microsoft.Data.SqlClient.SqlConnectionFactory.PermissionDemand(DbConnection outerConnection)
   at Microsoft.Data.ProviderBase.DbConnectionInternal.TryOpenConnectionInternal(DbConnection outerConnection, DbConnectionFactory connectionFactory, TaskCompletionSource`1 retry, DbConnectionOptions userOptions)
   at Microsoft.Data.ProviderBase.DbConnectionClosed.TryOpenConnection(DbConnection outerConnection, DbConnectionFactory connectionFactory, TaskCompletionSource`1 retry, DbConnectionOptions userOptions)
   at Microsoft.Data.SqlClient.SqlConnection.TryOpen(TaskCompletionSource`1 retry, SqlConnectionOverrides overrides)
   at Microsoft.Data.SqlClient.SqlConnection.InternalOpenAsync(CancellationToken cancellationToken)
--- End of stack trace from previous location ---
   at Microsoft.EntityFrameworkCore.Storage.RelationalConnection.OpenInternalAsync(Boolean errorsExpected, CancellationToken cancellationToken)
   at Microsoft.EntityFrameworkCore.Storage.RelationalConnection.OpenInternalAsync(Boolean errorsExpected, CancellationToken cancellationToken)
   at Microsoft.EntityFrameworkCore.Storage.RelationalConnection.OpenAsync(CancellationToken cancellationToken, Boolean errorsExpected)
   at Microsoft.EntityFrameworkCore.Storage.RelationalCommand.ExecuteReaderAsync(RelationalCommandParameterObject parameterObject, CancellationToken cancellationToken)
   at Microsoft.EntityFrameworkCore.Query.Internal.SingleQueryingEnumerable`1.AsyncEnumerator.InitializeReaderAsync(AsyncEnumerator enumerator, CancellationToken cancellationToken)
   at Microsoft.EntityFrameworkCore.SqlServer.Storage.Internal.SqlServerExecutionStrategy.ExecuteAsync[TState,TResult](TState state, Func`4 operation, Func`4 verifySucceeded, CancellationToken cancellationToken)
   at Microsoft.EntityFrameworkCore.Query.Internal.SingleQueryingEnumerable`1.AsyncEnumerator.MoveNextAsync()
   at Microsoft.EntityFrameworkCore.EntityFrameworkQueryableExtensions.ToListAsync[TSource](IQueryable`1 source, CancellationToken cancellationToken)
   at Microsoft.EntityFrameworkCore.EntityFrameworkQueryableExtensions.ToListAsync[TSource](IQueryable`1 source, CancellationToken cancellationToken)
   at MatPoll.Repositories.AppRepository.ResetStalledRowsAsync(Int32 timeoutMinutes) in C:\Users\hasti.movaliya\Downloads\MatPollServer (3)\MatPoll\Repositories\AppRepository.cs:line 122
   at MatPoll.Services.StallRecoveryService.ExecuteAsync(CancellationToken ct) in C:\Users\hasti.movaliya\Downloads\MatPollServer (3)\MatPoll\Services\StallRecoveryService.cs:line 45
[2026-04-16 10:55:23.929 ERR] [ACK-MISMATCH] TypeMID:1b4295cb5abd DeviceID:1 ClientClaimed:2 DBUpdated:0 MissingTrnIDs:[40102,40103]
[2026-04-16 10:55:26.159 ERR] [ACK-MISMATCH] TypeMID:1b4295cb5abd DeviceID:1 ClientClaimed:2 DBUpdated:0 MissingTrnIDs:[40102,40103]
