[2026-04-22 11:16:21.042 INF] [LOGIN] TypeMID:210c0348e116 DeviceID:100 Name:Device-100 DeviceType:2 Result:SUCCESS Duration:467ms
[2026-04-22 11:16:21.049 INF] [LOGIN] TypeMID:210c0348e116 DeviceID:100 Name:Device-100 DeviceType:2 Result:SUCCESS Duration:467ms
[2026-04-22 11:16:21.807 INF] [BULK-EVENT] TypeMID:210c0348e116 DeviceID:100 DeviceType:2 Count:20 ServerMs:97ms UpstreamMs:20.6ms FullMs:117.7ms ReqTime:11:16:21.707 T1:05:46:21.687 T2:05:46:21.707 T3:05:46:21.804
[2026-04-22 11:16:21.809 INF] [BULK-EVENT] TypeMID:210c0348e116 DeviceID:100 DeviceType:2 Count:20 ServerMs:97ms UpstreamMs:20.6ms FullMs:117.7ms ReqTime:11:16:21.707 T1:05:46:21.687 T2:05:46:21.707 T3:05:46:21.804
[2026-04-22 11:16:21.962 INF] [BULK-EVENT] TypeMID:210c0348e116 DeviceID:100 DeviceType:2 Count:20 ServerMs:37ms UpstreamMs:4.7ms FullMs:42.7ms ReqTime:11:16:21.924 T1:05:46:21.919 T2:05:46:21.924 T3:05:46:21.962
[2026-04-22 11:16:21.964 INF] [BULK-EVENT] TypeMID:210c0348e116 DeviceID:100 DeviceType:2 Count:20 ServerMs:37ms UpstreamMs:4.7ms FullMs:42.7ms ReqTime:11:16:21.924 T1:05:46:21.919 T2:05:46:21.924 T3:05:46:21.962
[2026-04-22 11:16:22.082 INF] [BULK-EVENT] TypeMID:210c0348e116 DeviceID:100 DeviceType:2 Count:20 ServerMs:5ms UpstreamMs:1.4ms FullMs:6.5ms ReqTime:11:16:22.077 T1:05:46:22.075 T2:05:46:22.077 T3:05:46:22.082
[2026-04-22 11:16:22.084 INF] [BULK-EVENT] TypeMID:210c0348e116 DeviceID:100 DeviceType:2 Count:20 ServerMs:5ms UpstreamMs:1.4ms FullMs:6.5ms ReqTime:11:16:22.077 T1:05:46:22.075 T2:05:46:22.077 T3:05:46:22.082
[2026-04-22 11:16:22.205 INF] [BULK-EVENT] TypeMID:210c0348e116 DeviceID:100 DeviceType:2 Count:20 ServerMs:4ms UpstreamMs:1.3ms FullMs:5.7ms ReqTime:11:16:22.201 T1:05:46:22.199 T2:05:46:22.201 T3:05:46:22.205
[2026-04-22 11:16:22.207 INF] [BULK-EVENT] TypeMID:210c0348e116 DeviceID:100 DeviceType:2 Count:20 ServerMs:4ms UpstreamMs:1.3ms FullMs:5.7ms ReqTime:11:16:22.201 T1:05:46:22.199 T2:05:46:22.201 T3:05:46:22.205
[2026-04-22 11:16:22.330 INF] [BULK-EVENT] TypeMID:210c0348e116 DeviceID:100 DeviceType:2 Count:20 ServerMs:5ms UpstreamMs:1.4ms FullMs:6.6ms ReqTime:11:16:22.325 T1:05:46:22.324 T2:05:46:22.325 T3:05:46:22.330
[2026-04-22 11:16:22.333 INF] [BULK-EVENT] TypeMID:210c0348e116 DeviceID:100 DeviceType:2 Count:20 ServerMs:5ms UpstreamMs:1.4ms FullMs:6.6ms ReqTime:11:16:22.325 T1:05:46:22.324 T2:05:46:22.325 T3:05:46:22.330
[2026-04-22 11:16:27.289 INF] [POLL-EMPTY] TypeMID:210c0348e116 DeviceID:100 DeviceType:2 TotalPending:5902 ReqTime:05:46:27.241 Duration:48ms
[2026-04-22 11:16:27.292 INF] [POLL-EMPTY] TypeMID:210c0348e116 DeviceID:100 DeviceType:2 TotalPending:5902 ReqTime:05:46:27.241 Duration:48ms
[2026-04-22 11:16:27.467 INF] [BULK-EVENT] TypeMID:210c0348e116 DeviceID:100 DeviceType:2 Count:20 ServerMs:5ms UpstreamMs:1.1ms FullMs:6.7ms ReqTime:11:16:27.462 T1:05:46:27.460 T2:05:46:27.462 T3:05:46:27.467
[2026-04-22 11:16:27.469 INF] [BULK-EVENT] TypeMID:210c0348e116 DeviceID:100 DeviceType:2 Count:20 ServerMs:5ms UpstreamMs:1.1ms FullMs:6.7ms ReqTime:11:16:27.462 T1:05:46:27.460 T2:05:46:27.462 T3:05:46:27.467
[2026-04-22 11:16:27.591 INF] [BULK-EVENT] TypeMID:210c0348e116 DeviceID:100 DeviceType:2 Count:20 ServerMs:6ms UpstreamMs:1.1ms FullMs:7.2ms ReqTime:11:16:27.585 T1:05:46:27.584 T2:05:46:27.585 T3:05:46:27.591
[2026-04-22 11:16:27.593 INF] [BULK-EVENT] TypeMID:210c0348e116 DeviceID:100 DeviceType:2 Count:20 ServerMs:6ms UpstreamMs:1.1ms FullMs:7.2ms ReqTime:11:16:27.585 T1:05:46:27.584 T2:05:46:27.585 T3:05:46:27.591
[2026-04-22 11:16:27.729 INF] [BULK-EVENT] TypeMID:210c0348e116 DeviceID:100 DeviceType:2 Count:20 ServerMs:18ms UpstreamMs:1.2ms FullMs:19.4ms ReqTime:11:16:27.710 T1:05:46:27.709 T2:05:46:27.710 T3:05:46:27.729
[2026-04-22 11:16:27.731 INF] [BULK-EVENT] TypeMID:210c0348e116 DeviceID:100 DeviceType:2 Count:20 ServerMs:18ms UpstreamMs:1.2ms FullMs:19.4ms ReqTime:11:16:27.710 T1:05:46:27.709 T2:05:46:27.710 T3:05:46:27.729
[2026-04-22 11:16:27.841 INF] [BULK-EVENT] TypeMID:210c0348e116 DeviceID:100 DeviceType:2 Count:20 ServerMs:4ms UpstreamMs:1ms FullMs:5.9ms ReqTime:11:16:27.836 T1:05:46:27.835 T2:05:46:27.836 T3:05:46:27.841
[2026-04-22 11:16:27.843 INF] [BULK-EVENT] TypeMID:210c0348e116 DeviceID:100 DeviceType:2 Count:20 ServerMs:4ms UpstreamMs:1ms FullMs:5.9ms ReqTime:11:16:27.836 T1:05:46:27.835 T2:05:46:27.836 T3:05:46:27.841
[2026-04-22 11:16:27.962 INF] [BULK-EVENT] TypeMID:210c0348e116 DeviceID:100 DeviceType:2 Count:20 ServerMs:2ms UpstreamMs:0.9ms FullMs:3.3ms ReqTime:11:16:27.960 T1:05:46:27.959 T2:05:46:27.960 T3:05:46:27.962
[2026-04-22 11:16:27.964 INF] [BULK-EVENT] TypeMID:210c0348e116 DeviceID:100 DeviceType:2 Count:20 ServerMs:2ms UpstreamMs:0.9ms FullMs:3.3ms ReqTime:11:16:27.960 T1:05:46:27.959 T2:05:46:27.960 T3:05:46:27.962
[2026-04-22 11:16:28.610 INF] [BULK-EVENT] TypeMID:210c0348e116 DeviceID:100 DeviceType:2 Count:20 ServerMs:8ms UpstreamMs:3.1ms FullMs:11.6ms ReqTime:11:16:28.601 T1:05:46:28.598 T2:05:46:28.601 T3:05:46:28.610
[2026-04-22 11:16:28.615 INF] [BULK-EVENT] TypeMID:210c0348e116 DeviceID:100 DeviceType:2 Count:20 ServerMs:8ms UpstreamMs:3.1ms FullMs:11.6ms ReqTime:11:16:28.601 T1:05:46:28.598 T2:05:46:28.601 T3:05:46:28.610
[2026-04-22 11:16:28.732 INF] [BULK-EVENT] TypeMID:210c0348e116 DeviceID:100 DeviceType:2 Count:20 ServerMs:6ms UpstreamMs:2.9ms FullMs:9.8ms ReqTime:11:16:28.725 T1:05:46:28.723 T2:05:46:28.725 T3:05:46:28.732
[2026-04-22 11:16:28.739 INF] [BULK-EVENT] TypeMID:210c0348e116 DeviceID:100 DeviceType:2 Count:20 ServerMs:6ms UpstreamMs:2.9ms FullMs:9.8ms ReqTime:11:16:28.725 T1:05:46:28.723 T2:05:46:28.725 T3:05:46:28.732
[2026-04-22 11:16:28.861 INF] [BULK-EVENT] TypeMID:210c0348e116 DeviceID:100 DeviceType:2 Count:20 ServerMs:13ms UpstreamMs:1ms FullMs:14.9ms ReqTime:11:16:28.847 T1:05:46:28.846 T2:05:46:28.847 T3:05:46:28.861
[2026-04-22 11:16:28.863 INF] [BULK-EVENT] TypeMID:210c0348e116 DeviceID:100 DeviceType:2 Count:20 ServerMs:13ms UpstreamMs:1ms FullMs:14.9ms ReqTime:11:16:28.847 T1:05:46:28.846 T2:05:46:28.847 T3:05:46:28.861
[2026-04-22 11:16:28.981 INF] [BULK-EVENT] TypeMID:210c0348e116 DeviceID:100 DeviceType:2 Count:20 ServerMs:7ms UpstreamMs:2.5ms FullMs:10.4ms ReqTime:11:16:28.973 T1:05:46:28.971 T2:05:46:28.973 T3:05:46:28.981
[2026-04-22 11:16:28.983 INF] [BULK-EVENT] TypeMID:210c0348e116 DeviceID:100 DeviceType:2 Count:20 ServerMs:7ms UpstreamMs:2.5ms FullMs:10.4ms ReqTime:11:16:28.973 T1:05:46:28.971 T2:05:46:28.973 T3:05:46:28.981
[2026-04-22 11:16:29.108 INF] [BULK-EVENT] TypeMID:210c0348e116 DeviceID:100 DeviceType:2 Count:20 ServerMs:10ms UpstreamMs:2ms FullMs:12ms ReqTime:11:16:29.097 T1:05:46:29.095 T2:05:46:29.097 T3:05:46:29.108
[2026-04-22 11:16:29.110 INF] [BULK-EVENT] TypeMID:210c0348e116 DeviceID:100 DeviceType:2 Count:20 ServerMs:10ms UpstreamMs:2ms FullMs:12ms ReqTime:11:16:29.097 T1:05:46:29.095 T2:05:46:29.097 T3:05:46:29.108
[2026-04-22 11:16:29.225 INF] [BULK-EVENT] TypeMID:210c0348e116 DeviceID:100 DeviceType:2 Count:20 ServerMs:4ms UpstreamMs:1.1ms FullMs:5.5ms ReqTime:11:16:29.221 T1:05:46:29.219 T2:05:46:29.221 T3:05:46:29.225
[2026-04-22 11:16:29.226 INF] [BULK-EVENT] TypeMID:210c0348e116 DeviceID:100 DeviceType:2 Count:20 ServerMs:4ms UpstreamMs:1.1ms FullMs:5.5ms ReqTime:11:16:29.221 T1:05:46:29.219 T2:05:46:29.221 T3:05:46:29.225
[2026-04-22 11:16:29.338 INF] [BULK-EVENT] TypeMID:210c0348e116 DeviceID:100 DeviceType:2 Count:20 ServerMs:6ms UpstreamMs:2.4ms FullMs:9.3ms ReqTime:11:16:29.331 T1:05:46:29.328 T2:05:46:29.331 T3:05:46:29.338
[2026-04-22 11:16:29.339 INF] [BULK-EVENT] TypeMID:210c0348e116 DeviceID:100 DeviceType:2 Count:20 ServerMs:6ms UpstreamMs:2.4ms FullMs:9.3ms ReqTime:11:16:29.331 T1:05:46:29.328 T2:05:46:29.331 T3:05:46:29.338
[2026-04-22 11:16:29.462 INF] [BULK-EVENT] TypeMID:210c0348e116 DeviceID:100 DeviceType:2 Count:20 ServerMs:7ms UpstreamMs:2.6ms FullMs:10.6ms ReqTime:11:16:29.454 T1:05:46:29.451 T2:05:46:29.454 T3:05:46:29.462
[2026-04-22 11:16:29.466 INF] [BULK-EVENT] TypeMID:210c0348e116 DeviceID:100 DeviceType:2 Count:20 ServerMs:7ms UpstreamMs:2.6ms FullMs:10.6ms ReqTime:11:16:29.454 T1:05:46:29.451 T2:05:46:29.454 T3:05:46:29.462
[2026-04-22 11:16:29.582 INF] [BULK-EVENT] TypeMID:210c0348e116 DeviceID:100 DeviceType:2 Count:20 ServerMs:4ms UpstreamMs:1ms FullMs:5.3ms ReqTime:11:16:29.577 T1:05:46:29.576 T2:05:46:29.577 T3:05:46:29.581
[2026-04-22 11:16:29.584 INF] [BULK-EVENT] TypeMID:210c0348e116 DeviceID:100 DeviceType:2 Count:20 ServerMs:4ms UpstreamMs:1ms FullMs:5.3ms ReqTime:11:16:29.577 T1:05:46:29.576 T2:05:46:29.577 T3:05:46:29.581
[2026-04-22 11:16:29.695 INF] [BULK-EVENT] TypeMID:210c0348e116 DeviceID:100 DeviceType:2 Count:20 ServerMs:7ms UpstreamMs:2.3ms FullMs:9.6ms ReqTime:11:16:29.687 T1:05:46:29.685 T2:05:46:29.687 T3:05:46:29.695
[2026-04-22 11:16:29.698 INF] [BULK-EVENT] TypeMID:210c0348e116 DeviceID:100 DeviceType:2 Count:20 ServerMs:7ms UpstreamMs:2.3ms FullMs:9.6ms ReqTime:11:16:29.687 T1:05:46:29.685 T2:05:46:29.687 T3:05:46:29.695
[2026-04-22 11:16:29.817 INF] [BULK-EVENT] TypeMID:210c0348e116 DeviceID:100 DeviceType:2 Count:20 ServerMs:6ms UpstreamMs:2.2ms FullMs:8.8ms ReqTime:11:16:29.811 T1:05:46:29.809 T2:05:46:29.811 T3:05:46:29.817
[2026-04-22 11:16:29.820 INF] [BULK-EVENT] TypeMID:210c0348e116 DeviceID:100 DeviceType:2 Count:20 ServerMs:6ms UpstreamMs:2.2ms FullMs:8.8ms ReqTime:11:16:29.811 T1:05:46:29.809 T2:05:46:29.811 T3:05:46:29.817
[2026-04-22 11:16:29.940 INF] [BULK-EVENT] TypeMID:210c0348e116 DeviceID:100 DeviceType:2 Count:20 ServerMs:4ms UpstreamMs:0.8ms FullMs:5ms ReqTime:11:16:29.935 T1:05:46:29.935 T2:05:46:29.935 T3:05:46:29.940
[2026-04-22 11:16:29.942 INF] [BULK-EVENT] TypeMID:210c0348e116 DeviceID:100 DeviceType:2 Count:20 ServerMs:4ms UpstreamMs:0.8ms FullMs:5ms ReqTime:11:16:29.935 T1:05:46:29.935 T2:05:46:29.935 T3:05:46:29.940
[2026-04-22 11:16:30.052 INF] [BULK-EVENT] TypeMID:210c0348e116 DeviceID:100 DeviceType:2 Count:20 ServerMs:6ms UpstreamMs:2.1ms FullMs:9ms ReqTime:11:16:30.045 T1:05:46:30.043 T2:05:46:30.045 T3:05:46:30.052
[2026-04-22 11:16:30.055 INF] [BULK-EVENT] TypeMID:210c0348e116 DeviceID:100 DeviceType:2 Count:20 ServerMs:6ms UpstreamMs:2.1ms FullMs:9ms ReqTime:11:16:30.045 T1:05:46:30.043 T2:05:46:30.045 T3:05:46:30.052
[2026-04-22 11:16:30.180 INF] [BULK-EVENT] TypeMID:210c0348e116 DeviceID:100 DeviceType:2 Count:20 ServerMs:8ms UpstreamMs:2.3ms FullMs:10.8ms ReqTime:11:16:30.171 T1:05:46:30.169 T2:05:46:30.171 T3:05:46:30.180
[2026-04-22 11:16:30.187 INF] [BULK-EVENT] TypeMID:210c0348e116 DeviceID:100 DeviceType:2 Count:20 ServerMs:8ms UpstreamMs:2.3ms FullMs:10.8ms ReqTime:11:16:30.171 T1:05:46:30.169 T2:05:46:30.171 T3:05:46:30.180
[2026-04-22 11:16:30.299 INF] [BULK-EVENT] TypeMID:210c0348e116 DeviceID:100 DeviceType:2 Count:20 ServerMs:3ms UpstreamMs:1.4ms FullMs:4.9ms ReqTime:11:16:30.296 T1:05:46:30.295 T2:05:46:30.296 T3:05:46:30.299
[2026-04-22 11:16:30.302 INF] [BULK-EVENT] TypeMID:210c0348e116 DeviceID:100 DeviceType:2 Count:20 ServerMs:3ms UpstreamMs:1.4ms FullMs:4.9ms ReqTime:11:16:30.296 T1:05:46:30.295 T2:05:46:30.296 T3:05:46:30.299
[2026-04-22 11:16:30.430 INF] [BULK-EVENT] TypeMID:210c0348e116 DeviceID:100 DeviceType:2 Count:20 ServerMs:7ms UpstreamMs:2.3ms FullMs:9.8ms ReqTime:11:16:30.422 T1:05:46:30.420 T2:05:46:30.422 T3:05:46:30.430
[2026-04-22 11:16:30.432 INF] [BULK-EVENT] TypeMID:210c0348e116 DeviceID:100 DeviceType:2 Count:20 ServerMs:7ms UpstreamMs:2.3ms FullMs:9.8ms ReqTime:11:16:30.422 T1:05:46:30.420 T2:05:46:30.422 T3:05:46:30.430
[2026-04-22 11:16:30.552 INF] [BULK-EVENT] TypeMID:210c0348e116 DeviceID:100 DeviceType:2 Count:20 ServerMs:7ms UpstreamMs:2.4ms FullMs:10.1ms ReqTime:11:16:30.544 T1:05:46:30.542 T2:05:46:30.544 T3:05:46:30.552
[2026-04-22 11:16:30.560 INF] [BULK-EVENT] TypeMID:210c0348e116 DeviceID:100 DeviceType:2 Count:20 ServerMs:7ms UpstreamMs:2.4ms FullMs:10.1ms ReqTime:11:16:30.544 T1:05:46:30.542 T2:05:46:30.544 T3:05:46:30.552
[2026-04-22 11:16:30.679 INF] [BULK-EVENT] TypeMID:210c0348e116 DeviceID:100 DeviceType:2 Count:20 ServerMs:9ms UpstreamMs:2.6ms FullMs:12.3ms ReqTime:11:16:30.669 T1:05:46:30.666 T2:05:46:30.669 T3:05:46:30.679
[2026-04-22 11:16:30.684 INF] [BULK-EVENT] TypeMID:210c0348e116 DeviceID:100 DeviceType:2 Count:20 ServerMs:9ms UpstreamMs:2.6ms FullMs:12.3ms ReqTime:11:16:30.669 T1:05:46:30.666 T2:05:46:30.669 T3:05:46:30.679
[2026-04-22 11:16:30.796 INF] [BULK-EVENT] TypeMID:210c0348e116 DeviceID:100 DeviceType:2 Count:20 ServerMs:4ms UpstreamMs:1ms FullMs:5.7ms ReqTime:11:16:30.791 T1:05:46:30.790 T2:05:46:30.791 T3:05:46:30.796
[2026-04-22 11:16:30.797 INF] [BULK-EVENT] TypeMID:210c0348e116 DeviceID:100 DeviceType:2 Count:20 ServerMs:4ms UpstreamMs:1ms FullMs:5.7ms ReqTime:11:16:30.791 T1:05:46:30.790 T2:05:46:30.791 T3:05:46:30.796
[2026-04-22 11:16:30.923 INF] [BULK-EVENT] TypeMID:210c0348e116 DeviceID:100 DeviceType:2 Count:20 ServerMs:6ms UpstreamMs:2.2ms FullMs:8.5ms ReqTime:11:16:30.917 T1:05:46:30.915 T2:05:46:30.917 T3:05:46:30.923
[2026-04-22 11:16:30.926 INF] [BULK-EVENT] TypeMID:210c0348e116 DeviceID:100 DeviceType:2 Count:20 ServerMs:6ms UpstreamMs:2.2ms FullMs:8.5ms ReqTime:11:16:30.917 T1:05:46:30.915 T2:05:46:30.917 T3:05:46:30.923
[2026-04-22 11:16:31.034 INF] [BULK-EVENT] TypeMID:210c0348e116 DeviceID:100 DeviceType:2 Count:20 ServerMs:4ms UpstreamMs:1ms FullMs:5.1ms ReqTime:11:16:31.030 T1:05:46:31.029 T2:05:46:31.030 T3:05:46:31.034
[2026-04-22 11:16:31.036 INF] [BULK-EVENT] TypeMID:210c0348e116 DeviceID:100 DeviceType:2 Count:20 ServerMs:4ms UpstreamMs:1ms FullMs:5.1ms ReqTime:11:16:31.030 T1:05:46:31.029 T2:05:46:31.030 T3:05:46:31.034
[2026-04-22 11:16:31.161 INF] [BULK-EVENT] TypeMID:210c0348e116 DeviceID:100 DeviceType:2 Count:20 ServerMs:6ms UpstreamMs:2.1ms FullMs:9ms ReqTime:11:16:31.155 T1:05:46:31.152 T2:05:46:31.155 T3:05:46:31.161
[2026-04-22 11:16:31.166 INF] [BULK-EVENT] TypeMID:210c0348e116 DeviceID:100 DeviceType:2 Count:20 ServerMs:6ms UpstreamMs:2.1ms FullMs:9ms ReqTime:11:16:31.155 T1:05:46:31.152 T2:05:46:31.155 T3:05:46:31.161
[2026-04-22 11:16:31.287 INF] [BULK-EVENT] TypeMID:210c0348e116 DeviceID:100 DeviceType:2 Count:20 ServerMs:4ms UpstreamMs:0.9ms FullMs:4.9ms ReqTime:11:16:31.283 T1:05:46:31.282 T2:05:46:31.283 T3:05:46:31.287
[2026-04-22 11:16:31.289 INF] [BULK-EVENT] TypeMID:210c0348e116 DeviceID:100 DeviceType:2 Count:20 ServerMs:4ms UpstreamMs:0.9ms FullMs:4.9ms ReqTime:11:16:31.283 T1:05:46:31.282 T2:05:46:31.283 T3:05:46:31.287
[2026-04-22 11:16:31.415 INF] [BULK-EVENT] TypeMID:210c0348e116 DeviceID:100 DeviceType:2 Count:20 ServerMs:7ms UpstreamMs:2ms FullMs:9.2ms ReqTime:11:16:31.408 T1:05:46:31.406 T2:05:46:31.408 T3:05:46:31.415
[2026-04-22 11:16:31.420 INF] [BULK-EVENT] TypeMID:210c0348e116 DeviceID:100 DeviceType:2 Count:20 ServerMs:7ms UpstreamMs:2ms FullMs:9.2ms ReqTime:11:16:31.408 T1:05:46:31.406 T2:05:46:31.408 T3:05:46:31.415
[2026-04-22 11:16:31.535 INF] [BULK-EVENT] TypeMID:210c0348e116 DeviceID:100 DeviceType:2 Count:20 ServerMs:4ms UpstreamMs:0.8ms FullMs:5ms ReqTime:11:16:31.531 T1:05:46:31.530 T2:05:46:31.531 T3:05:46:31.535
[2026-04-22 11:16:31.537 INF] [BULK-EVENT] TypeMID:210c0348e116 DeviceID:100 DeviceType:2 Count:20 ServerMs:4ms UpstreamMs:0.8ms FullMs:5ms ReqTime:11:16:31.531 T1:05:46:31.530 T2:05:46:31.531 T3:05:46:31.535
[2026-04-22 11:16:31.642 INF] [BULK-EVENT] TypeMID:210c0348e116 DeviceID:100 DeviceType:2 Count:20 ServerMs:2ms UpstreamMs:0.7ms FullMs:3.3ms ReqTime:11:16:31.640 T1:05:46:31.639 T2:05:46:31.640 T3:05:46:31.642
[2026-04-22 11:16:31.644 INF] [BULK-EVENT] TypeMID:210c0348e116 DeviceID:100 DeviceType:2 Count:20 ServerMs:2ms UpstreamMs:0.7ms FullMs:3.3ms ReqTime:11:16:31.640 T1:05:46:31.639 T2:05:46:31.640 T3:05:46:31.642
[2026-04-22 11:16:31.754 INF] [BULK-EVENT] TypeMID:210c0348e116 DeviceID:100 DeviceType:2 Count:20 ServerMs:4ms UpstreamMs:0.7ms FullMs:4.8ms ReqTime:11:16:31.750 T1:05:46:31.749 T2:05:46:31.750 T3:05:46:31.754
[2026-04-22 11:16:31.756 INF] [BULK-EVENT] TypeMID:210c0348e116 DeviceID:100 DeviceType:2 Count:20 ServerMs:4ms UpstreamMs:0.7ms FullMs:4.8ms ReqTime:11:16:31.750 T1:05:46:31.749 T2:05:46:31.750 T3:05:46:31.754
[2026-04-22 11:16:31.868 INF] [BULK-EVENT] TypeMID:210c0348e116 DeviceID:100 DeviceType:2 Count:20 ServerMs:7ms UpstreamMs:2.3ms FullMs:9.6ms ReqTime:11:16:31.861 T1:05:46:31.858 T2:05:46:31.861 T3:05:46:31.868
[2026-04-22 11:16:31.873 INF] [BULK-EVENT] TypeMID:210c0348e116 DeviceID:100 DeviceType:2 Count:20 ServerMs:7ms UpstreamMs:2.3ms FullMs:9.6ms ReqTime:11:16:31.861 T1:05:46:31.858 T2:05:46:31.861 T3:05:46:31.868
[2026-04-22 11:16:31.988 INF] [BULK-EVENT] TypeMID:210c0348e116 DeviceID:100 DeviceType:2 Count:20 ServerMs:3ms UpstreamMs:0.7ms FullMs:4.4ms ReqTime:11:16:31.984 T1:05:46:31.983 T2:05:46:31.984 T3:05:46:31.988
[2026-04-22 11:16:31.989 INF] [BULK-EVENT] TypeMID:210c0348e116 DeviceID:100 DeviceType:2 Count:20 ServerMs:3ms UpstreamMs:0.7ms FullMs:4.4ms ReqTime:11:16:31.984 T1:05:46:31.983 T2:05:46:31.984 T3:05:46:31.988
[2026-04-22 11:16:32.096 INF] [BULK-EVENT] TypeMID:210c0348e116 DeviceID:100 DeviceType:2 Count:20 ServerMs:4ms UpstreamMs:0.7ms FullMs:4.7ms ReqTime:11:16:32.092 T1:05:46:32.091 T2:05:46:32.092 T3:05:46:32.096
[2026-04-22 11:16:32.098 INF] [BULK-EVENT] TypeMID:210c0348e116 DeviceID:100 DeviceType:2 Count:20 ServerMs:4ms UpstreamMs:0.7ms FullMs:4.7ms ReqTime:11:16:32.092 T1:05:46:32.091 T2:05:46:32.092 T3:05:46:32.096
[2026-04-22 11:16:32.208 INF] [BULK-EVENT] TypeMID:210c0348e116 DeviceID:100 DeviceType:2 Count:20 ServerMs:5ms UpstreamMs:1.6ms FullMs:7.2ms ReqTime:11:16:32.203 T1:05:46:32.201 T2:05:46:32.203 T3:05:46:32.208
[2026-04-22 11:16:32.211 INF] [BULK-EVENT] TypeMID:210c0348e116 DeviceID:100 DeviceType:2 Count:20 ServerMs:5ms UpstreamMs:1.6ms FullMs:7.2ms ReqTime:11:16:32.203 T1:05:46:32.201 T2:05:46:32.203 T3:05:46:32.208
[2026-04-22 11:16:32.331 INF] [BULK-EVENT] TypeMID:210c0348e116 DeviceID:100 DeviceType:2 Count:20 ServerMs:4ms UpstreamMs:1ms FullMs:5.2ms ReqTime:11:16:32.326 T1:05:46:32.325 T2:05:46:32.326 T3:05:46:32.331
[2026-04-22 11:16:32.332 INF] [BULK-EVENT] TypeMID:210c0348e116 DeviceID:100 DeviceType:2 Count:20 ServerMs:4ms UpstreamMs:1ms FullMs:5.2ms ReqTime:11:16:32.326 T1:05:46:32.325 T2:05:46:32.326 T3:05:46:32.331
[2026-04-22 11:16:32.448 INF] [BULK-EVENT] TypeMID:210c0348e116 DeviceID:100 DeviceType:2 Count:20 ServerMs:3ms UpstreamMs:0.7ms FullMs:4.6ms ReqTime:11:16:32.444 T1:05:46:32.444 T2:05:46:32.444 T3:05:46:32.448
[2026-04-22 11:16:32.450 INF] [BULK-EVENT] TypeMID:210c0348e116 DeviceID:100 DeviceType:2 Count:20 ServerMs:3ms UpstreamMs:0.7ms FullMs:4.6ms ReqTime:11:16:32.444 T1:05:46:32.444 T2:05:46:32.444 T3:05:46:32.448
[2026-04-22 11:16:32.562 INF] [BULK-EVENT] TypeMID:210c0348e116 DeviceID:100 DeviceType:2 Count:20 ServerMs:6ms UpstreamMs:2ms FullMs:8.8ms ReqTime:11:16:32.555 T1:05:46:32.553 T2:05:46:32.555 T3:05:46:32.562
[2026-04-22 11:16:32.566 INF] [BULK-EVENT] TypeMID:210c0348e116 DeviceID:100 DeviceType:2 Count:20 ServerMs:6ms UpstreamMs:2ms FullMs:8.8ms ReqTime:11:16:32.555 T1:05:46:32.553 T2:05:46:32.555 T3:05:46:32.562
[2026-04-22 11:16:32.683 INF] [BULK-EVENT] TypeMID:210c0348e116 DeviceID:100 DeviceType:2 Count:20 ServerMs:4ms UpstreamMs:1.7ms FullMs:6.6ms ReqTime:11:16:32.678 T1:05:46:32.676 T2:05:46:32.678 T3:05:46:32.683
[2026-04-22 11:16:32.685 INF] [BULK-EVENT] TypeMID:210c0348e116 DeviceID:100 DeviceType:2 Count:20 ServerMs:4ms UpstreamMs:1.7ms FullMs:6.6ms ReqTime:11:16:32.678 T1:05:46:32.676 T2:05:46:32.678 T3:05:46:32.683
[2026-04-22 11:16:32.804 INF] [BULK-EVENT] TypeMID:210c0348e116 DeviceID:100 DeviceType:2 Count:20 ServerMs:3ms UpstreamMs:1.5ms FullMs:5.3ms ReqTime:11:16:32.801 T1:05:46:32.799 T2:05:46:32.801 T3:05:46:32.804
[2026-04-22 11:16:32.809 INF] [BULK-EVENT] TypeMID:210c0348e116 DeviceID:100 DeviceType:2 Count:20 ServerMs:3ms UpstreamMs:1.5ms FullMs:5.3ms ReqTime:11:16:32.801 T1:05:46:32.799 T2:05:46:32.801 T3:05:46:32.804
[2026-04-22 11:16:32.930 INF] [BULK-EVENT] TypeMID:210c0348e116 DeviceID:100 DeviceType:2 Count:20 ServerMs:3ms UpstreamMs:0.7ms FullMs:4.3ms ReqTime:11:16:32.926 T1:05:46:32.925 T2:05:46:32.926 T3:05:46:32.930
[2026-04-22 11:16:32.931 INF] [BULK-EVENT] TypeMID:210c0348e116 DeviceID:100 DeviceType:2 Count:20 ServerMs:3ms UpstreamMs:0.7ms FullMs:4.3ms ReqTime:11:16:32.926 T1:05:46:32.925 T2:05:46:32.926 T3:05:46:32.930
[2026-04-22 11:16:33.041 INF] [BULK-EVENT] TypeMID:210c0348e116 DeviceID:100 DeviceType:2 Count:20 ServerMs:5ms UpstreamMs:1.5ms FullMs:7.4ms ReqTime:11:16:33.035 T1:05:46:33.034 T2:05:46:33.035 T3:05:46:33.041
[2026-04-22 11:16:33.046 INF] [BULK-EVENT] TypeMID:210c0348e116 DeviceID:100 DeviceType:2 Count:20 ServerMs:5ms UpstreamMs:1.5ms FullMs:7.4ms ReqTime:11:16:33.035 T1:05:46:33.034 T2:05:46:33.035 T3:05:46:33.041
[2026-04-22 11:16:33.087 INF] [BULK-EVENT] TypeMID:210c0348e116 DeviceID:100 DeviceType:2 Count:20 ServerMs:4ms UpstreamMs:1.7ms FullMs:6.1ms ReqTime:11:16:33.082 T1:05:46:33.081 T2:05:46:33.082 T3:05:46:33.087
[2026-04-22 11:16:33.090 INF] [BULK-EVENT] TypeMID:210c0348e116 DeviceID:100 DeviceType:2 Count:20 ServerMs:4ms UpstreamMs:1.7ms FullMs:6.1ms ReqTime:11:16:33.082 T1:05:46:33.081 T2:05:46:33.082 T3:05:46:33.087
[2026-04-22 11:16:33.164 INF] [BULK-EVENT] TypeMID:210c0348e116 DeviceID:100 DeviceType:2 Count:20 ServerMs:5ms UpstreamMs:1ms FullMs:6.2ms ReqTime:11:16:33.159 T1:05:46:33.158 T2:05:46:33.159 T3:05:46:33.164
[2026-04-22 11:16:33.168 INF] [BULK-EVENT] TypeMID:210c0348e116 DeviceID:100 DeviceType:2 Count:20 ServerMs:5ms UpstreamMs:1ms FullMs:6.2ms ReqTime:11:16:33.159 T1:05:46:33.158 T2:05:46:33.159 T3:05:46:33.164
[2026-04-22 11:16:33.208 INF] [BULK-EVENT] TypeMID:210c0348e116 DeviceID:100 DeviceType:2 Count:20 ServerMs:3ms UpstreamMs:0.9ms FullMs:4.1ms ReqTime:11:16:33.205 T1:05:46:33.204 T2:05:46:33.205 T3:05:46:33.208
[2026-04-22 11:16:33.210 INF] [BULK-EVENT] TypeMID:210c0348e116 DeviceID:100 DeviceType:2 Count:20 ServerMs:3ms UpstreamMs:0.9ms FullMs:4.1ms ReqTime:11:16:33.205 T1:05:46:33.204 T2:05:46:33.205 T3:05:46:33.208
[2026-04-22 11:16:33.285 INF] [BULK-EVENT] TypeMID:210c0348e116 DeviceID:100 DeviceType:2 Count:20 ServerMs:4ms UpstreamMs:0.8ms FullMs:4.8ms ReqTime:11:16:33.281 T1:05:46:33.281 T2:05:46:33.281 T3:05:46:33.285
[2026-04-22 11:16:33.287 INF] [BULK-EVENT] TypeMID:210c0348e116 DeviceID:100 DeviceType:2 Count:20 ServerMs:4ms UpstreamMs:0.8ms FullMs:4.8ms ReqTime:11:16:33.281 T1:05:46:33.281 T2:05:46:33.281 T3:05:46:33.285
[2026-04-22 11:16:33.315 INF] [BULK-EVENT] TypeMID:210c0348e116 DeviceID:100 DeviceType:2 Count:20 ServerMs:2ms UpstreamMs:1ms FullMs:3.2ms ReqTime:11:16:33.312 T1:05:46:33.311 T2:05:46:33.312 T3:05:46:33.315
[2026-04-22 11:16:33.316 INF] [BULK-EVENT] TypeMID:210c0348e116 DeviceID:100 DeviceType:2 Count:20 ServerMs:2ms UpstreamMs:1ms FullMs:3.2ms ReqTime:11:16:33.312 T1:05:46:33.311 T2:05:46:33.312 T3:05:46:33.315
[2026-04-22 11:16:33.395 INF] [BULK-EVENT] TypeMID:210c0348e116 DeviceID:100 DeviceType:2 Count:20 ServerMs:5ms UpstreamMs:1.6ms FullMs:7.1ms ReqTime:11:16:33.390 T1:05:46:33.388 T2:05:46:33.390 T3:05:46:33.395
[2026-04-22 11:16:33.398 INF] [BULK-EVENT] TypeMID:210c0348e116 DeviceID:100 DeviceType:2 Count:20 ServerMs:5ms UpstreamMs:1.6ms FullMs:7.1ms ReqTime:11:16:33.390 T1:05:46:33.388 T2:05:46:33.390 T3:05:46:33.395
[2026-04-22 11:16:33.422 INF] [BULK-EVENT] TypeMID:210c0348e116 DeviceID:100 DeviceType:2 Count:20 ServerMs:1ms UpstreamMs:0.7ms FullMs:2.7ms ReqTime:11:16:33.420 T1:05:46:33.419 T2:05:46:33.420 T3:05:46:33.422
[2026-04-22 11:16:33.423 INF] [BULK-EVENT] TypeMID:210c0348e116 DeviceID:100 DeviceType:2 Count:20 ServerMs:1ms UpstreamMs:0.7ms FullMs:2.7ms ReqTime:11:16:33.420 T1:05:46:33.419 T2:05:46:33.420 T3:05:46:33.422
[2026-04-22 11:16:33.518 INF] [BULK-EVENT] TypeMID:210c0348e116 DeviceID:100 DeviceType:2 Count:20 ServerMs:3ms UpstreamMs:0.7ms FullMs:4.4ms ReqTime:11:16:33.514 T1:05:46:33.514 T2:05:46:33.514 T3:05:46:33.518
[2026-04-22 11:16:33.519 INF] [BULK-EVENT] TypeMID:210c0348e116 DeviceID:100 DeviceType:2 Count:20 ServerMs:3ms UpstreamMs:0.7ms FullMs:4.4ms ReqTime:11:16:33.514 T1:05:46:33.514 T2:05:46:33.514 T3:05:46:33.518
[2026-04-22 11:16:33.532 INF] [BULK-EVENT] TypeMID:210c0348e116 DeviceID:100 DeviceType:2 Count:20 ServerMs:1ms UpstreamMs:0.6ms FullMs:2.3ms ReqTime:11:16:33.530 T1:05:46:33.529 T2:05:46:33.530 T3:05:46:33.532
[2026-04-22 11:16:33.533 INF] [BULK-EVENT] TypeMID:210c0348e116 DeviceID:100 DeviceType:2 Count:20 ServerMs:1ms UpstreamMs:0.6ms FullMs:2.3ms ReqTime:11:16:33.530 T1:05:46:33.529 T2:05:46:33.530 T3:05:46:33.532
[2026-04-22 11:16:33.631 INF] [BULK-EVENT] TypeMID:210c0348e116 DeviceID:100 DeviceType:2 Count:20 ServerMs:6ms UpstreamMs:2.4ms FullMs:8.9ms ReqTime:11:16:33.625 T1:05:46:33.622 T2:05:46:33.625 T3:05:46:33.631
[2026-04-22 11:16:33.633 INF] [BULK-EVENT] TypeMID:210c0348e116 DeviceID:100 DeviceType:2 Count:20 ServerMs:6ms UpstreamMs:2.4ms FullMs:8.9ms ReqTime:11:16:33.625 T1:05:46:33.622 T2:05:46:33.625 T3:05:46:33.631
[2026-04-22 11:16:33.755 INF] [BULK-EVENT] TypeMID:210c0348e116 DeviceID:100 DeviceType:2 Count:20 ServerMs:6ms UpstreamMs:2ms FullMs:8.5ms ReqTime:11:16:33.748 T1:05:46:33.746 T2:05:46:33.748 T3:05:46:33.755
[2026-04-22 11:16:33.761 INF] [BULK-EVENT] TypeMID:210c0348e116 DeviceID:100 DeviceType:2 Count:20 ServerMs:6ms UpstreamMs:2ms FullMs:8.5ms ReqTime:11:16:33.748 T1:05:46:33.746 T2:05:46:33.748 T3:05:46:33.755
[2026-04-22 11:16:33.879 INF] [BULK-EVENT] TypeMID:210c0348e116 DeviceID:100 DeviceType:2 Count:20 ServerMs:7ms UpstreamMs:2.2ms FullMs:9.8ms ReqTime:11:16:33.871 T1:05:46:33.869 T2:05:46:33.871 T3:05:46:33.879
[2026-04-22 11:16:33.881 INF] [BULK-EVENT] TypeMID:210c0348e116 DeviceID:100 DeviceType:2 Count:20 ServerMs:7ms UpstreamMs:2.2ms FullMs:9.8ms ReqTime:11:16:33.871 T1:05:46:33.869 T2:05:46:33.871 T3:05:46:33.879
[2026-04-22 11:16:33.999 INF] [BULK-EVENT] TypeMID:210c0348e116 DeviceID:100 DeviceType:2 Count:20 ServerMs:3ms UpstreamMs:0.9ms FullMs:4.6ms ReqTime:11:16:33.995 T1:05:46:33.994 T2:05:46:33.995 T3:05:46:33.999
[2026-04-22 11:16:34.000 INF] [BULK-EVENT] TypeMID:210c0348e116 DeviceID:100 DeviceType:2 Count:20 ServerMs:3ms UpstreamMs:0.9ms FullMs:4.6ms ReqTime:11:16:33.995 T1:05:46:33.994 T2:05:46:33.995 T3:05:46:33.999
[2026-04-22 11:16:34.109 INF] [BULK-EVENT] TypeMID:210c0348e116 DeviceID:100 DeviceType:2 Count:20 ServerMs:4ms UpstreamMs:1.9ms FullMs:6.6ms ReqTime:11:16:34.105 T1:05:46:34.103 T2:05:46:34.105 T3:05:46:34.109
[2026-04-22 11:16:34.111 INF] [BULK-EVENT] TypeMID:210c0348e116 DeviceID:100 DeviceType:2 Count:20 ServerMs:4ms UpstreamMs:1.9ms FullMs:6.6ms ReqTime:11:16:34.105 T1:05:46:34.103 T2:05:46:34.105 T3:05:46:34.109
[2026-04-22 11:16:34.233 INF] [BULK-EVENT] TypeMID:210c0348e116 DeviceID:100 DeviceType:2 Count:20 ServerMs:5ms UpstreamMs:1.4ms FullMs:7.3ms ReqTime:11:16:34.227 T1:05:46:34.225 T2:05:46:34.227 T3:05:46:34.233
[2026-04-22 11:16:34.243 INF] [BULK-EVENT] TypeMID:210c0348e116 DeviceID:100 DeviceType:2 Count:20 ServerMs:5ms UpstreamMs:1.4ms FullMs:7.3ms ReqTime:11:16:34.227 T1:05:46:34.225 T2:05:46:34.227 T3:05:46:34.233
[2026-04-22 11:16:34.355 INF] [BULK-EVENT] TypeMID:210c0348e116 DeviceID:100 DeviceType:2 Count:20 ServerMs:4ms UpstreamMs:0.9ms FullMs:5.8ms ReqTime:11:16:34.351 T1:05:46:34.350 T2:05:46:34.351 T3:05:46:34.355
[2026-04-22 11:16:34.358 INF] [BULK-EVENT] TypeMID:210c0348e116 DeviceID:100 DeviceType:2 Count:20 ServerMs:4ms UpstreamMs:0.9ms FullMs:5.8ms ReqTime:11:16:34.351 T1:05:46:34.350 T2:05:46:34.351 T3:05:46:34.355
[2026-04-22 11:16:34.482 INF] [BULK-EVENT] TypeMID:210c0348e116 DeviceID:100 DeviceType:2 Count:20 ServerMs:5ms UpstreamMs:1.2ms FullMs:6.4ms ReqTime:11:16:34.476 T1:05:46:34.475 T2:05:46:34.476 T3:05:46:34.482
[2026-04-22 11:16:34.485 INF] [BULK-EVENT] TypeMID:210c0348e116 DeviceID:100 DeviceType:2 Count:20 ServerMs:5ms UpstreamMs:1.2ms FullMs:6.4ms ReqTime:11:16:34.476 T1:05:46:34.475 T2:05:46:34.476 T3:05:46:34.482
[2026-04-22 11:16:35.314 INF] [POLL-EMPTY] TypeMID:210c0348e116 DeviceID:100 DeviceType:2 TotalPending:5902 ReqTime:05:46:35.302 Duration:12ms
[2026-04-22 11:16:35.315 INF] [POLL-EMPTY] TypeMID:210c0348e116 DeviceID:100 DeviceType:2 TotalPending:5902 ReqTime:05:46:35.302 Duration:12ms
