[2026-04-16 10:55:23.915 INF] [ACK] TypeMID:1b4295cb5abd DeviceID:1 Claimed:2 Updated:0 AvgDelay:0s MaxDelay:0s ReqTime:05:25:23.334 Duration:579ms
[2026-04-16 10:55:23.923 INF] [ACK] TypeMID:1b4295cb5abd DeviceID:1 Claimed:2 Updated:0 TrnIDs:[40102,40103] AvgDelay:0s MaxDelay:0s ReqTime:05:25:23.334 Duration:579ms
[2026-04-16 10:55:26.148 INF] [ACK] TypeMID:1b4295cb5abd DeviceID:1 Claimed:2 Updated:0 AvgDelay:0s MaxDelay:0s ReqTime:05:25:26.135 Duration:13ms
[2026-04-16 10:55:26.153 INF] [ACK] TypeMID:1b4295cb5abd DeviceID:1 Claimed:2 Updated:0 TrnIDs:[40102,40103] AvgDelay:0s MaxDelay:0s ReqTime:05:25:26.135 Duration:13ms
[2026-04-16 10:55:28.502 WRN] [RESTORE] TypeMID:1b4295cb5abd DeviceID:1 RestoredRows:0 ReqTime:05:25:28.448 Duration:54ms
[2026-04-16 10:55:28.505 WRN] [RESTORE] TypeMID:1b4295cb5abd DeviceID:1 RestoredRows:0 ReqTime:05:25:28.448 Duration:54ms
[2026-04-16 10:55:31.525 WRN] [RESTORE] TypeMID:1b4295cb5abd DeviceID:1 RestoredRows:0 ReqTime:05:25:31.522 Duration:3ms
[2026-04-16 10:55:31.528 WRN] [RESTORE] TypeMID:1b4295cb5abd DeviceID:1 RestoredRows:0 ReqTime:05:25:31.522 Duration:3ms
[2026-04-16 10:55:32.298 WRN] [RESTORE] TypeMID:1b4295cb5abd DeviceID:1 RestoredRows:0 ReqTime:05:25:32.294 Duration:4ms
[2026-04-16 10:55:32.300 WRN] [RESTORE] TypeMID:1b4295cb5abd DeviceID:1 RestoredRows:0 ReqTime:05:25:32.294 Duration:4ms
[2026-04-16 10:55:41.049 INF] [LOGIN] TypeMID:1b4295cb5abd DeviceID:1 Name:R&D1 - Ground Floor Result:SUCCESS Duration:44ms
[2026-04-16 10:55:41.052 INF] [LOGIN] TypeMID:1b4295cb5abd DeviceID:1 Name:R&D1 - Ground Floor Result:SUCCESS Duration:44ms
[2026-04-16 10:55:42.205 INF] [LOGIN] TypeMID:1b4295cb5abd DeviceID:1 Name:R&D1 - Ground Floor Result:SUCCESS Duration:3ms
[2026-04-16 10:55:42.206 INF] [LOGIN] TypeMID:1b4295cb5abd DeviceID:1 Name:R&D1 - Ground Floor Result:SUCCESS Duration:3ms
[2026-04-16 10:56:21.523 INF] [STALL-CHECK] No stalled rows found
[2026-04-16 10:58:21.552 INF] [STALL-CHECK] No stalled rows found
[2026-04-16 11:00:21.579 INF] [STALL-CHECK] No stalled rows found
[2026-04-16 11:02:21.614 INF] [STALL-CHECK] No stalled rows found
[2026-04-16 11:04:21.651 INF] [STALL-CHECK] No stalled rows found
[2026-04-16 11:06:21.690 INF] [STALL-CHECK] No stalled rows found
[2026-04-16 11:08:21.726 INF] [STALL-CHECK] No stalled rows found
[2026-04-16 11:10:21.754 INF] [STALL-CHECK] No stalled rows found
[2026-04-16 11:12:21.786 INF] [STALL-CHECK] No stalled rows found
[2026-04-16 11:14:21.800 INF] [STALL-CHECK] No stalled rows found
[2026-04-16 11:16:21.824 INF] [STALL-CHECK] No stalled rows found
[2026-04-16 11:18:21.837 INF] [STALL-CHECK] No stalled rows found
[2026-04-16 11:20:21.854 INF] [STALL-CHECK] No stalled rows found
[2026-04-16 11:21:39.378 INF] MatPoll server started — TestingLog=false
[2026-04-16 11:23:03.709 INF] MatPoll server started — TestingLog=false
[2026-04-16 11:24:42.223 INF] MatPoll server started — TestingLog=false
