[2026-04-14 17:40:47.613 INF] MatPoll server started
[2026-04-14 17:40:47.680 INF] User profile is available. Using 'C:\Users\hasti.movaliya\AppData\Local\ASP.NET\DataProtection-Keys' as key repository and Windows DPAPI to encrypt keys at rest.
[2026-04-14 17:40:47.815 INF] Now listening on: http://localhost:5000
[2026-04-14 17:40:47.818 INF] Application started. Press Ctrl+C to shut down.
[2026-04-14 17:40:47.819 INF] Hosting environment: Production
[2026-04-14 17:40:47.819 INF] Content root path: D:\Cosec-demo-combine\MatPoll
[2026-04-14 17:41:23.959 INF] Request starting HTTP/1.1 POST http://localhost:5000/api/auth/login - application/json; charset=utf-8 69
[2026-04-14 17:41:23.999 INF] Executing endpoint 'MatPoll.Controllers.AuthController.Login (MatPoll)'
[2026-04-14 17:41:24.012 INF] Route matched with {action = "Login", controller = "Auth"}. Executing controller action with signature System.Threading.Tasks.Task`1[Microsoft.AspNetCore.Mvc.IActionResult] Login(MatPoll.DTOs.LoginRequest) on controller MatPoll.Controllers.AuthController (MatPoll).
[2026-04-14 17:41:24.301 WRN] The decimal property 'TrnID' is part of a key on entity type 'MatCommTrn'. If the configured precision and scale don't match the column type in the database, this will cause values to be silently truncated if they do not fit in the default precision and scale. Consider using a different property as the key, or make sure that the database column type matches the model configuration and enable decimal rounding warnings using 'SET NUMERIC_ROUNDABORT ON'.
[2026-04-14 17:41:24.303 WRN] The decimal property 'DeviceID' is part of a key on entity type 'MatDeviceMst'. If the configured precision and scale don't match the column type in the database, this will cause values to be silently truncated if they do not fit in the default precision and scale. Consider using a different property as the key, or make sure that the database column type matches the model configuration and enable decimal rounding warnings using 'SET NUMERIC_ROUNDABORT ON'.
[2026-04-14 17:41:24.681 INF] [LOGIN] TypeMID:1b4295cb5abd DeviceID:1 Name:R&D1 - Ground Floor Result:SUCCESS Duration:584ms
[2026-04-14 17:41:24.686 INF] Executing OkObjectResult, writing value of type 'MatPoll.DTOs.LoginResponse'.
[2026-04-14 17:41:24.694 INF] Executed action MatPoll.Controllers.AuthController.Login (MatPoll) in 679.0351ms
[2026-04-14 17:41:24.697 INF] Executed endpoint 'MatPoll.Controllers.AuthController.Login (MatPoll)'
[2026-04-14 17:41:24.705 INF] Request finished HTTP/1.1 POST http://localhost:5000/api/auth/login - 200 null application/json; charset=utf-8 746.6594ms
[2026-04-14 17:41:24.714 INF] Request starting HTTP/1.1 POST http://localhost:5000/api/poll/restore - null 0
[2026-04-14 17:41:24.741 INF] Executing endpoint 'MatPoll.Controllers.PollController.Restore (MatPoll)'
[2026-04-14 17:41:24.745 INF] Route matched with {action = "Restore", controller = "Poll"}. Executing controller action with signature System.Threading.Tasks.Task`1[Microsoft.AspNetCore.Mvc.IActionResult] Restore() on controller MatPoll.Controllers.PollController (MatPoll).
[2026-04-14 17:41:24.976 WRN] [REST ] TypeMID:1b4295cb5abd DeviceID:1 RestoredRows:3 ReqTime:12:11:24.747 Duration:228ms
[2026-04-14 17:41:24.978 INF] Executing OkObjectResult, writing value of type 'MatPoll.DTOs.RestoreResponse'.
[2026-04-14 17:41:24.981 INF] Executed action MatPoll.Controllers.PollController.Restore (MatPoll) in 235.1217ms
[2026-04-14 17:41:24.982 INF] Executed endpoint 'MatPoll.Controllers.PollController.Restore (MatPoll)'
[2026-04-14 17:41:24.984 INF] Request finished HTTP/1.1 POST http://localhost:5000/api/poll/restore - 200 null application/json; charset=utf-8 269.9144ms
[2026-04-14 17:41:24.990 INF] Request starting HTTP/1.1 GET http://localhost:5000/api/poll - null null
[2026-04-14 17:41:24.996 INF] Executing endpoint 'MatPoll.Controllers.PollController.Poll (MatPoll)'
[2026-04-14 17:41:24.999 INF] Route matched with {action = "Poll", controller = "Poll"}. Executing controller action with signature System.Threading.Tasks.Task`1[Microsoft.AspNetCore.Mvc.IActionResult] Poll() on controller MatPoll.Controllers.PollController (MatPoll).
[2026-04-14 17:41:25.340 INF] [POLL ] TypeMID:1b4295cb5abd DeviceID:1 Result:DATA_SENT RowsSent:3 TotalPending:147801 ReqTime:12:11:25.002 Duration:337ms
[2026-04-14 17:41:25.342 INF] Executing OkObjectResult, writing value of type 'MatPoll.DTOs.PollResponse'.
[2026-04-14 17:41:25.348 INF] Executed action MatPoll.Controllers.PollController.Poll (MatPoll) in 348.0735ms
[2026-04-14 17:41:25.349 INF] Executed endpoint 'MatPoll.Controllers.PollController.Poll (MatPoll)'
[2026-04-14 17:41:25.351 INF] Request finished HTTP/1.1 GET http://localhost:5000/api/poll - 200 null application/json; charset=utf-8 361.027ms
[2026-04-14 17:41:27.375 INF] Request starting HTTP/1.1 POST http://localhost:5000/api/poll/ack - application/json; charset=utf-8 30
[2026-04-14 17:41:27.379 INF] Executing endpoint 'MatPoll.Controllers.PollController.Ack (MatPoll)'
[2026-04-14 17:41:27.384 INF] Route matched with {action = "Ack", controller = "Poll"}. Executing controller action with signature System.Threading.Tasks.Task`1[Microsoft.AspNetCore.Mvc.IActionResult] Ack(MatPoll.DTOs.AckRequest) on controller MatPoll.Controllers.PollController (MatPoll).
[2026-04-14 17:41:27.618 INF] [ACK  ] TypeMID:1b4295cb5abd DeviceID:1 TrnIDsSent:3 TrnIDsUpdated:3 TrnIDs:[40182,40183,40184] ReqTime:12:11:27.392 Duration:219ms
[2026-04-14 17:41:27.620 INF] Executing OkObjectResult, writing value of type 'MatPoll.DTOs.AckResponse'.
[2026-04-14 17:41:27.627 INF] Executed action MatPoll.Controllers.PollController.Ack (MatPoll) in 240.8484ms
[2026-04-14 17:41:27.632 INF] Executed endpoint 'MatPoll.Controllers.PollController.Ack (MatPoll)'
[2026-04-14 17:41:27.636 INF] Request finished HTTP/1.1 POST http://localhost:5000/api/poll/ack - 200 null application/json; charset=utf-8 260.9086ms
[2026-04-14 17:41:35.643 INF] Request starting HTTP/1.1 GET http://localhost:5000/api/poll - null null
[2026-04-14 17:41:35.645 INF] Executing endpoint 'MatPoll.Controllers.PollController.Poll (MatPoll)'
[2026-04-14 17:41:35.646 INF] Route matched with {action = "Poll", controller = "Poll"}. Executing controller action with signature System.Threading.Tasks.Task`1[Microsoft.AspNetCore.Mvc.IActionResult] Poll() on controller MatPoll.Controllers.PollController (MatPoll).
[2026-04-14 17:41:35.927 INF] [POLL ] TypeMID:1b4295cb5abd DeviceID:1 Result:DATA_SENT RowsSent:3 TotalPending:147798 ReqTime:12:11:35.648 Duration:279ms
[2026-04-14 17:41:35.929 INF] Executing OkObjectResult, writing value of type 'MatPoll.DTOs.PollResponse'.
[2026-04-14 17:41:35.930 INF] Executed action MatPoll.Controllers.PollController.Poll (MatPoll) in 282.2342ms
[2026-04-14 17:41:35.931 INF] Executed endpoint 'MatPoll.Controllers.PollController.Poll (MatPoll)'
[2026-04-14 17:41:35.932 INF] Request finished HTTP/1.1 GET http://localhost:5000/api/poll - 200 null application/json; charset=utf-8 288.5491ms
[2026-04-14 17:41:37.937 INF] Request starting HTTP/1.1 POST http://localhost:5000/api/poll/ack - application/json; charset=utf-8 30
[2026-04-14 17:41:37.943 INF] Executing endpoint 'MatPoll.Controllers.PollController.Ack (MatPoll)'
[2026-04-14 17:41:37.945 INF] Route matched with {action = "Ack", controller = "Poll"}. Executing controller action with signature System.Threading.Tasks.Task`1[Microsoft.AspNetCore.Mvc.IActionResult] Ack(MatPoll.DTOs.AckRequest) on controller MatPoll.Controllers.PollController (MatPoll).
[2026-04-14 17:41:38.098 INF] [ACK  ] TypeMID:1b4295cb5abd DeviceID:1 TrnIDsSent:3 TrnIDsUpdated:3 TrnIDs:[40185,40186,40187] ReqTime:12:11:37.949 Duration:148ms
[2026-04-14 17:41:38.099 INF] Executing OkObjectResult, writing value of type 'MatPoll.DTOs.AckResponse'.
[2026-04-14 17:41:38.100 INF] Executed action MatPoll.Controllers.PollController.Ack (MatPoll) in 152.4192ms
[2026-04-14 17:41:38.101 INF] Executed endpoint 'MatPoll.Controllers.PollController.Ack (MatPoll)'
[2026-04-14 17:41:38.102 INF] Request finished HTTP/1.1 POST http://localhost:5000/api/poll/ack - 200 null application/json; charset=utf-8 164.3375ms
[2026-04-14 17:41:46.106 INF] Request starting HTTP/1.1 GET http://localhost:5000/api/poll - null null
[2026-04-14 17:41:46.110 INF] Executing endpoint 'MatPoll.Controllers.PollController.Poll (MatPoll)'
[2026-04-14 17:41:46.112 INF] Route matched with {action = "Poll", controller = "Poll"}. Executing controller action with signature System.Threading.Tasks.Task`1[Microsoft.AspNetCore.Mvc.IActionResult] Poll() on controller MatPoll.Controllers.PollController (MatPoll).
[2026-04-14 17:41:46.408 INF] [POLL ] TypeMID:1b4295cb5abd DeviceID:1 Result:DATA_SENT RowsSent:3 TotalPending:147795 ReqTime:12:11:46.115 Duration:293ms
[2026-04-14 17:41:46.410 INF] Executing OkObjectResult, writing value of type 'MatPoll.DTOs.PollResponse'.
[2026-04-14 17:41:46.411 INF] Executed action MatPoll.Controllers.PollController.Poll (MatPoll) in 296.7652ms
[2026-04-14 17:41:46.412 INF] Executed endpoint 'MatPoll.Controllers.PollController.Poll (MatPoll)'
[2026-04-14 17:41:46.413 INF] Request finished HTTP/1.1 GET http://localhost:5000/api/poll - 200 null application/json; charset=utf-8 307.1134ms
[2026-04-14 17:41:48.419 INF] Request starting HTTP/1.1 POST http://localhost:5000/api/poll/ack - application/json; charset=utf-8 30
[2026-04-14 17:41:48.423 INF] Executing endpoint 'MatPoll.Controllers.PollController.Ack (MatPoll)'
[2026-04-14 17:41:48.425 INF] Route matched with {action = "Ack", controller = "Poll"}. Executing controller action with signature System.Threading.Tasks.Task`1[Microsoft.AspNetCore.Mvc.IActionResult] Ack(MatPoll.DTOs.AckRequest) on controller MatPoll.Controllers.PollController (MatPoll).
[2026-04-14 17:41:48.564 INF] [ACK  ] TypeMID:1b4295cb5abd DeviceID:1 TrnIDsSent:3 TrnIDsUpdated:3 TrnIDs:[40188,40189,40190] ReqTime:12:11:48.427 Duration:136ms
[2026-04-14 17:41:48.566 INF] Executing OkObjectResult, writing value of type 'MatPoll.DTOs.AckResponse'.
[2026-04-14 17:41:48.566 INF] Executed action MatPoll.Controllers.PollController.Ack (MatPoll) in 139.4206ms
[2026-04-14 17:41:48.567 INF] Executed endpoint 'MatPoll.Controllers.PollController.Ack (MatPoll)'
[2026-04-14 17:41:48.568 INF] Request finished HTTP/1.1 POST http://localhost:5000/api/poll/ack - 200 null application/json; charset=utf-8 148.8245ms
[2026-04-14 17:41:56.577 INF] Request starting HTTP/1.1 GET http://localhost:5000/api/poll - null null
[2026-04-14 17:41:56.581 INF] Executing endpoint 'MatPoll.Controllers.PollController.Poll (MatPoll)'
[2026-04-14 17:41:56.583 INF] Route matched with {action = "Poll", controller = "Poll"}. Executing controller action with signature System.Threading.Tasks.Task`1[Microsoft.AspNetCore.Mvc.IActionResult] Poll() on controller MatPoll.Controllers.PollController (MatPoll).
[2026-04-14 17:41:56.857 INF] [POLL ] TypeMID:1b4295cb5abd DeviceID:1 Result:DATA_SENT RowsSent:3 TotalPending:147792 ReqTime:12:11:56.586 Duration:271ms
[2026-04-14 17:41:56.859 INF] Executing OkObjectResult, writing value of type 'MatPoll.DTOs.PollResponse'.
[2026-04-14 17:41:56.860 INF] Executed action MatPoll.Controllers.PollController.Poll (MatPoll) in 274.1161ms
[2026-04-14 17:41:56.861 INF] Executed endpoint 'MatPoll.Controllers.PollController.Poll (MatPoll)'
[2026-04-14 17:41:56.861 INF] Request finished HTTP/1.1 GET http://localhost:5000/api/poll - 200 null application/json; charset=utf-8 284.3642ms
[2026-04-14 17:41:58.874 INF] Request starting HTTP/1.1 POST http://localhost:5000/api/poll/ack - application/json; charset=utf-8 30
[2026-04-14 17:41:58.879 INF] Executing endpoint 'MatPoll.Controllers.PollController.Ack (MatPoll)'
[2026-04-14 17:41:58.880 INF] Route matched with {action = "Ack", controller = "Poll"}. Executing controller action with signature System.Threading.Tasks.Task`1[Microsoft.AspNetCore.Mvc.IActionResult] Ack(MatPoll.DTOs.AckRequest) on controller MatPoll.Controllers.PollController (MatPoll).
[2026-04-14 17:41:59.014 INF] [ACK  ] TypeMID:1b4295cb5abd DeviceID:1 TrnIDsSent:3 TrnIDsUpdated:3 TrnIDs:[40191,40192,40193] ReqTime:12:11:58.883 Duration:130ms
[2026-04-14 17:41:59.016 INF] Executing OkObjectResult, writing value of type 'MatPoll.DTOs.AckResponse'.
[2026-04-14 17:41:59.016 INF] Executed action MatPoll.Controllers.PollController.Ack (MatPoll) in 133.7772ms
[2026-04-14 17:41:59.017 INF] Executed endpoint 'MatPoll.Controllers.PollController.Ack (MatPoll)'
[2026-04-14 17:41:59.018 INF] Request finished HTTP/1.1 POST http://localhost:5000/api/poll/ack - 200 null application/json; charset=utf-8 143.9797ms
[2026-04-14 17:42:07.033 INF] Request starting HTTP/1.1 GET http://localhost:5000/api/poll - null null
[2026-04-14 17:42:07.036 INF] Executing endpoint 'MatPoll.Controllers.PollController.Poll (MatPoll)'
[2026-04-14 17:42:07.037 INF] Route matched with {action = "Poll", controller = "Poll"}. Executing controller action with signature System.Threading.Tasks.Task`1[Microsoft.AspNetCore.Mvc.IActionResult] Poll() on controller MatPoll.Controllers.PollController (MatPoll).
[2026-04-14 17:42:07.328 INF] [POLL ] TypeMID:1b4295cb5abd DeviceID:1 Result:DATA_SENT RowsSent:3 TotalPending:147789 ReqTime:12:12:07.038 Duration:290ms
[2026-04-14 17:42:07.330 INF] Executing OkObjectResult, writing value of type 'MatPoll.DTOs.PollResponse'.
[2026-04-14 17:42:07.330 INF] Executed action MatPoll.Controllers.PollController.Poll (MatPoll) in 292.4372ms
[2026-04-14 17:42:07.331 INF] Executed endpoint 'MatPoll.Controllers.PollController.Poll (MatPoll)'
[2026-04-14 17:42:07.332 INF] Request finished HTTP/1.1 GET http://localhost:5000/api/poll - 200 null application/json; charset=utf-8 298.8419ms
[2026-04-14 17:42:09.348 INF] Request starting HTTP/1.1 POST http://localhost:5000/api/poll/ack - application/json; charset=utf-8 30
[2026-04-14 17:42:09.351 INF] Executing endpoint 'MatPoll.Controllers.PollController.Ack (MatPoll)'
[2026-04-14 17:42:09.351 INF] Route matched with {action = "Ack", controller = "Poll"}. Executing controller action with signature System.Threading.Tasks.Task`1[Microsoft.AspNetCore.Mvc.IActionResult] Ack(MatPoll.DTOs.AckRequest) on controller MatPoll.Controllers.PollController (MatPoll).
[2026-04-14 17:42:09.487 INF] [ACK  ] TypeMID:1b4295cb5abd DeviceID:1 TrnIDsSent:3 TrnIDsUpdated:3 TrnIDs:[40194,40195,40196] ReqTime:12:12:09.353 Duration:134ms
[2026-04-14 17:42:09.489 INF] Executing OkObjectResult, writing value of type 'MatPoll.DTOs.AckResponse'.
[2026-04-14 17:42:09.490 INF] Executed action MatPoll.Controllers.PollController.Ack (MatPoll) in 137.4521ms
[2026-04-14 17:42:09.491 INF] Executed endpoint 'MatPoll.Controllers.PollController.Ack (MatPoll)'
[2026-04-14 17:42:09.492 INF] Request finished HTTP/1.1 POST http://localhost:5000/api/poll/ack - 200 null application/json; charset=utf-8 143.6002ms
[2026-04-14 17:42:17.501 INF] Request starting HTTP/1.1 GET http://localhost:5000/api/poll - null null
[2026-04-14 17:42:17.504 INF] Executing endpoint 'MatPoll.Controllers.PollController.Poll (MatPoll)'
[2026-04-14 17:42:17.506 INF] Route matched with {action = "Poll", controller = "Poll"}. Executing controller action with signature System.Threading.Tasks.Task`1[Microsoft.AspNetCore.Mvc.IActionResult] Poll() on controller MatPoll.Controllers.PollController (MatPoll).
[2026-04-14 17:42:17.822 INF] [POLL ] TypeMID:1b4295cb5abd DeviceID:1 Result:DATA_SENT RowsSent:3 TotalPending:147786 ReqTime:12:12:17.509 Duration:312ms
[2026-04-14 17:42:17.824 INF] Executing OkObjectResult, writing value of type 'MatPoll.DTOs.PollResponse'.
[2026-04-14 17:42:17.825 INF] Executed action MatPoll.Controllers.PollController.Poll (MatPoll) in 316.5747ms
[2026-04-14 17:42:17.826 INF] Executed endpoint 'MatPoll.Controllers.PollController.Poll (MatPoll)'
[2026-04-14 17:42:17.827 INF] Request finished HTTP/1.1 GET http://localhost:5000/api/poll - 200 null application/json; charset=utf-8 325.9808ms
[2026-04-14 17:42:19.842 INF] Request starting HTTP/1.1 POST http://localhost:5000/api/poll/ack - application/json; charset=utf-8 30
[2026-04-14 17:42:19.846 INF] Executing endpoint 'MatPoll.Controllers.PollController.Ack (MatPoll)'
[2026-04-14 17:42:19.847 INF] Route matched with {action = "Ack", controller = "Poll"}. Executing controller action with signature System.Threading.Tasks.Task`1[Microsoft.AspNetCore.Mvc.IActionResult] Ack(MatPoll.DTOs.AckRequest) on controller MatPoll.Controllers.PollController (MatPoll).
[2026-04-14 17:42:19.980 INF] [ACK  ] TypeMID:1b4295cb5abd DeviceID:1 TrnIDsSent:3 TrnIDsUpdated:3 TrnIDs:[40197,40198,40199] ReqTime:12:12:19.849 Duration:131ms
[2026-04-14 17:42:19.982 INF] Executing OkObjectResult, writing value of type 'MatPoll.DTOs.AckResponse'.
[2026-04-14 17:42:19.983 INF] Executed action MatPoll.Controllers.PollController.Ack (MatPoll) in 134.1348ms
[2026-04-14 17:42:19.984 INF] Executed endpoint 'MatPoll.Controllers.PollController.Ack (MatPoll)'
[2026-04-14 17:42:19.984 INF] Request finished HTTP/1.1 POST http://localhost:5000/api/poll/ack - 200 null application/json; charset=utf-8 142.3962ms
[2026-04-14 17:42:28.004 INF] Request starting HTTP/1.1 GET http://localhost:5000/api/poll - null null
[2026-04-14 17:42:28.009 INF] Executing endpoint 'MatPoll.Controllers.PollController.Poll (MatPoll)'
[2026-04-14 17:42:28.014 INF] Route matched with {action = "Poll", controller = "Poll"}. Executing controller action with signature System.Threading.Tasks.Task`1[Microsoft.AspNetCore.Mvc.IActionResult] Poll() on controller MatPoll.Controllers.PollController (MatPoll).
[2026-04-14 17:42:28.334 INF] [POLL ] TypeMID:1b4295cb5abd DeviceID:1 Result:DATA_SENT RowsSent:3 TotalPending:147783 ReqTime:12:12:28.016 Duration:318ms
[2026-04-14 17:42:28.336 INF] Executing OkObjectResult, writing value of type 'MatPoll.DTOs.PollResponse'.
[2026-04-14 17:42:28.337 INF] Executed action MatPoll.Controllers.PollController.Poll (MatPoll) in 321.0245ms
[2026-04-14 17:42:28.337 INF] Executed endpoint 'MatPoll.Controllers.PollController.Poll (MatPoll)'
[2026-04-14 17:42:28.338 INF] Request finished HTTP/1.1 GET http://localhost:5000/api/poll - 200 null application/json; charset=utf-8 334.3014ms
[2026-04-14 17:42:30.350 INF] Request starting HTTP/1.1 POST http://localhost:5000/api/poll/ack - application/json; charset=utf-8 30
[2026-04-14 17:42:30.352 INF] Executing endpoint 'MatPoll.Controllers.PollController.Ack (MatPoll)'
[2026-04-14 17:42:30.352 INF] Route matched with {action = "Ack", controller = "Poll"}. Executing controller action with signature System.Threading.Tasks.Task`1[Microsoft.AspNetCore.Mvc.IActionResult] Ack(MatPoll.DTOs.AckRequest) on controller MatPoll.Controllers.PollController (MatPoll).
[2026-04-14 17:42:30.481 INF] [ACK  ] TypeMID:1b4295cb5abd DeviceID:1 TrnIDsSent:3 TrnIDsUpdated:3 TrnIDs:[40200,40201,40202] ReqTime:12:12:30.354 Duration:127ms
[2026-04-14 17:42:30.483 INF] Executing OkObjectResult, writing value of type 'MatPoll.DTOs.AckResponse'.
[2026-04-14 17:42:30.484 INF] Executed action MatPoll.Controllers.PollController.Ack (MatPoll) in 130.6779ms
[2026-04-14 17:42:30.485 INF] Executed endpoint 'MatPoll.Controllers.PollController.Ack (MatPoll)'
[2026-04-14 17:42:30.486 INF] Request finished HTTP/1.1 POST http://localhost:5000/api/poll/ack - 200 null application/json; charset=utf-8 136.409ms
[2026-04-14 17:42:38.501 INF] Request starting HTTP/1.1 GET http://localhost:5000/api/poll - null null
[2026-04-14 17:42:38.511 INF] Executing endpoint 'MatPoll.Controllers.PollController.Poll (MatPoll)'
[2026-04-14 17:42:38.512 INF] Route matched with {action = "Poll", controller = "Poll"}. Executing controller action with signature System.Threading.Tasks.Task`1[Microsoft.AspNetCore.Mvc.IActionResult] Poll() on controller MatPoll.Controllers.PollController (MatPoll).
[2026-04-14 17:42:38.787 INF] [POLL ] TypeMID:1b4295cb5abd DeviceID:1 Result:DATA_SENT RowsSent:3 TotalPending:147780 ReqTime:12:12:38.515 Duration:271ms
[2026-04-14 17:42:38.788 INF] Executing OkObjectResult, writing value of type 'MatPoll.DTOs.PollResponse'.
[2026-04-14 17:42:38.789 INF] Executed action MatPoll.Controllers.PollController.Poll (MatPoll) in 274.1287ms
[2026-04-14 17:42:38.790 INF] Executed endpoint 'MatPoll.Controllers.PollController.Poll (MatPoll)'
[2026-04-14 17:42:38.791 INF] Request finished HTTP/1.1 GET http://localhost:5000/api/poll - 200 null application/json; charset=utf-8 289.3611ms
[2026-04-14 17:42:40.806 INF] Request starting HTTP/1.1 POST http://localhost:5000/api/poll/ack - application/json; charset=utf-8 30
[2026-04-14 17:42:40.810 INF] Executing endpoint 'MatPoll.Controllers.PollController.Ack (MatPoll)'
[2026-04-14 17:42:40.812 INF] Route matched with {action = "Ack", controller = "Poll"}. Executing controller action with signature System.Threading.Tasks.Task`1[Microsoft.AspNetCore.Mvc.IActionResult] Ack(MatPoll.DTOs.AckRequest) on controller MatPoll.Controllers.PollController (MatPoll).
[2026-04-14 17:42:40.938 INF] [ACK  ] TypeMID:1b4295cb5abd DeviceID:1 TrnIDsSent:3 TrnIDsUpdated:3 TrnIDs:[40203,40204,40205] ReqTime:12:12:40.815 Duration:123ms
[2026-04-14 17:42:40.940 INF] Executing OkObjectResult, writing value of type 'MatPoll.DTOs.AckResponse'.
[2026-04-14 17:42:40.941 INF] Executed action MatPoll.Controllers.PollController.Ack (MatPoll) in 126.954ms
[2026-04-14 17:42:40.942 INF] Executed endpoint 'MatPoll.Controllers.PollController.Ack (MatPoll)'
[2026-04-14 17:42:40.943 INF] Request finished HTTP/1.1 POST http://localhost:5000/api/poll/ack - 200 null application/json; charset=utf-8 136.4743ms
[2026-04-14 17:42:47.748 INF] [StallRecovery] Ran at "2026-04-14T12:12:47.7485053Z"
[2026-04-14 17:42:48.951 INF] Request starting HTTP/1.1 GET http://localhost:5000/api/poll - null null
[2026-04-14 17:42:48.956 INF] Executing endpoint 'MatPoll.Controllers.PollController.Poll (MatPoll)'
[2026-04-14 17:42:48.957 INF] Route matched with {action = "Poll", controller = "Poll"}. Executing controller action with signature System.Threading.Tasks.Task`1[Microsoft.AspNetCore.Mvc.IActionResult] Poll() on controller MatPoll.Controllers.PollController (MatPoll).
[2026-04-14 17:42:49.240 INF] [POLL ] TypeMID:1b4295cb5abd DeviceID:1 Result:DATA_SENT RowsSent:3 TotalPending:147777 ReqTime:12:12:48.960 Duration:280ms
[2026-04-14 17:42:49.242 INF] Executing OkObjectResult, writing value of type 'MatPoll.DTOs.PollResponse'.
[2026-04-14 17:42:49.243 INF] Executed action MatPoll.Controllers.PollController.Poll (MatPoll) in 282.7725ms
[2026-04-14 17:42:49.243 INF] Executed endpoint 'MatPoll.Controllers.PollController.Poll (MatPoll)'
[2026-04-14 17:42:49.244 INF] Request finished HTTP/1.1 GET http://localhost:5000/api/poll - 200 null application/json; charset=utf-8 292.6187ms
[2026-04-14 17:42:51.246 INF] Request starting HTTP/1.1 POST http://localhost:5000/api/poll/ack - application/json; charset=utf-8 30
[2026-04-14 17:42:51.250 INF] Executing endpoint 'MatPoll.Controllers.PollController.Ack (MatPoll)'
[2026-04-14 17:42:51.252 INF] Route matched with {action = "Ack", controller = "Poll"}. Executing controller action with signature System.Threading.Tasks.Task`1[Microsoft.AspNetCore.Mvc.IActionResult] Ack(MatPoll.DTOs.AckRequest) on controller MatPoll.Controllers.PollController (MatPoll).
[2026-04-14 17:42:51.417 INF] [ACK  ] TypeMID:1b4295cb5abd DeviceID:1 TrnIDsSent:3 TrnIDsUpdated:3 TrnIDs:[40206,40207,40208] ReqTime:12:12:51.255 Duration:161ms
[2026-04-14 17:42:51.430 INF] Executing OkObjectResult, writing value of type 'MatPoll.DTOs.AckResponse'.
[2026-04-14 17:42:51.433 INF] Executed action MatPoll.Controllers.PollController.Ack (MatPoll) in 178.6646ms
[2026-04-14 17:42:51.442 INF] Executed endpoint 'MatPoll.Controllers.PollController.Ack (MatPoll)'
[2026-04-14 17:42:51.443 INF] Request finished HTTP/1.1 POST http://localhost:5000/api/poll/ack - 200 null application/json; charset=utf-8 196.9484ms
[2026-04-14 17:42:59.608 INF] Application is shutting down...
[2026-04-14 18:00:13.287 INF] MatPoll server started
[2026-04-14 18:00:13.335 INF] User profile is available. Using 'C:\Users\hasti.movaliya\AppData\Local\ASP.NET\DataProtection-Keys' as key repository and Windows DPAPI to encrypt keys at rest.
[2026-04-14 18:00:13.385 INF] Now listening on: http://localhost:5000
[2026-04-14 18:00:13.387 INF] Application started. Press Ctrl+C to shut down.
[2026-04-14 18:00:13.388 INF] Hosting environment: Production
[2026-04-14 18:00:13.389 INF] Content root path: D:\Cosec-demo-combine\MatPoll
[2026-04-14 18:00:16.694 INF] Request starting HTTP/1.1 GET http://localhost:5000/index.html - null null
[2026-04-14 18:00:16.775 INF] Request finished HTTP/1.1 GET http://localhost:5000/index.html - 200 null text/html;charset=utf-8 82.6614ms
[2026-04-14 18:00:16.802 INF] Request starting HTTP/1.1 GET http://localhost:5000/index.js - null null
[2026-04-14 18:00:16.808 INF] Request finished HTTP/1.1 GET http://localhost:5000/index.js - 200 null application/javascript;charset=utf-8 5.5426ms
[2026-04-14 18:00:16.920 INF] Request starting HTTP/1.1 GET http://localhost:5000/swagger/v1/swagger.json - null null
[2026-04-14 18:00:16.983 INF] Request finished HTTP/1.1 GET http://localhost:5000/swagger/v1/swagger.json - 200 null application/json;charset=utf-8 62.5947ms
[2026-04-14 18:00:19.043 INF] Request starting HTTP/1.1 GET http://localhost:5000/index.html - null null
[2026-04-14 18:00:19.048 INF] Request finished HTTP/1.1 GET http://localhost:5000/index.html - 200 null text/html;charset=utf-8 4.46ms
[2026-04-14 18:00:19.067 INF] Request starting HTTP/1.1 GET http://localhost:5000/index.js - null null
[2026-04-14 18:00:19.069 INF] Request finished HTTP/1.1 GET http://localhost:5000/index.js - 200 null application/javascript;charset=utf-8 2.0356ms
[2026-04-14 18:00:19.083 INF] Request starting HTTP/1.1 GET http://localhost:5000/swagger/v1/swagger.json - null null
[2026-04-14 18:00:19.089 INF] Request finished HTTP/1.1 GET http://localhost:5000/swagger/v1/swagger.json - 200 null application/json;charset=utf-8 5.1221ms
[2026-04-14 18:02:13.630 WRN] The decimal property 'TrnID' is part of a key on entity type 'MatCommTrn'. If the configured precision and scale don't match the column type in the database, this will cause values to be silently truncated if they do not fit in the default precision and scale. Consider using a different property as the key, or make sure that the database column type matches the model configuration and enable decimal rounding warnings using 'SET NUMERIC_ROUNDABORT ON'.
[2026-04-14 18:02:13.632 WRN] The decimal property 'DeviceID' is part of a key on entity type 'MatDeviceMst'. If the configured precision and scale don't match the column type in the database, this will cause values to be silently truncated if they do not fit in the default precision and scale. Consider using a different property as the key, or make sure that the database column type matches the model configuration and enable decimal rounding warnings using 'SET NUMERIC_ROUNDABORT ON'.
[2026-04-14 18:02:14.044 INF] [StallRecovery] Ran at "2026-04-14T12:32:14.0441838Z"
[2026-04-14 18:03:15.305 INF] Application is shutting down...
[2026-04-14 18:08:28.417 INF] MatPoll server started
[2026-04-14 18:08:28.465 INF] User profile is available. Using 'C:\Users\hasti.movaliya\AppData\Local\ASP.NET\DataProtection-Keys' as key repository and Windows DPAPI to encrypt keys at rest.
[2026-04-14 18:08:28.516 INF] Now listening on: http://localhost:5000
[2026-04-14 18:08:28.519 INF] Application started. Press Ctrl+C to shut down.
[2026-04-14 18:08:28.520 INF] Hosting environment: Production
[2026-04-14 18:08:28.521 INF] Content root path: D:\Cosec-demo-combine\MatPoll
[2026-04-14 18:10:28.747 WRN] The decimal property 'TrnID' is part of a key on entity type 'MatCommTrn'. If the configured precision and scale don't match the column type in the database, this will cause values to be silently truncated if they do not fit in the default precision and scale. Consider using a different property as the key, or make sure that the database column type matches the model configuration and enable decimal rounding warnings using 'SET NUMERIC_ROUNDABORT ON'.
[2026-04-14 18:10:28.748 WRN] The decimal property 'DeviceID' is part of a key on entity type 'MatDeviceMst'. If the configured precision and scale don't match the column type in the database, this will cause values to be silently truncated if they do not fit in the default precision and scale. Consider using a different property as the key, or make sure that the database column type matches the model configuration and enable decimal rounding warnings using 'SET NUMERIC_ROUNDABORT ON'.
[2026-04-14 18:10:29.107 INF] [StallRecovery] Ran at "2026-04-14T12:40:29.1073930Z"
[2026-04-14 18:12:29.168 INF] [StallRecovery] Ran at "2026-04-14T12:42:29.1685993Z"
[2026-04-14 18:12:34.139 INF] Application is shutting down...
[2026-04-14 18:16:16.768 INF] MatPoll server started
[2026-04-14 18:16:16.837 INF] User profile is available. Using 'C:\Users\hasti.movaliya\AppData\Local\ASP.NET\DataProtection-Keys' as key repository and Windows DPAPI to encrypt keys at rest.
[2026-04-14 18:16:16.970 INF] Now listening on: http://localhost:5000
[2026-04-14 18:16:16.972 INF] Application started. Press Ctrl+C to shut down.
[2026-04-14 18:16:16.973 INF] Hosting environment: Production
[2026-04-14 18:16:16.974 INF] Content root path: D:\Cosec-demo-combine\MatPoll
[2026-04-14 18:18:17.128 WRN] The decimal property 'TrnID' is part of a key on entity type 'MatCommTrn'. If the configured precision and scale don't match the column type in the database, this will cause values to be silently truncated if they do not fit in the default precision and scale. Consider using a different property as the key, or make sure that the database column type matches the model configuration and enable decimal rounding warnings using 'SET NUMERIC_ROUNDABORT ON'.
[2026-04-14 18:18:17.130 WRN] The decimal property 'DeviceID' is part of a key on entity type 'MatDeviceMst'. If the configured precision and scale don't match the column type in the database, this will cause values to be silently truncated if they do not fit in the default precision and scale. Consider using a different property as the key, or make sure that the database column type matches the model configuration and enable decimal rounding warnings using 'SET NUMERIC_ROUNDABORT ON'.
[2026-04-14 18:18:17.503 INF] [StallRecovery] Ran at "2026-04-14T12:48:17.5034308Z"
[2026-04-14 18:20:17.576 INF] [StallRecovery] Ran at "2026-04-14T12:50:17.5767380Z"
[2026-04-14 18:20:44.373 INF] Request starting HTTP/1.1 POST http://localhost:5000/api/auth/login - application/json; charset=utf-8 69
[2026-04-14 18:20:44.495 INF] Executing endpoint 'MatPoll.Controllers.AuthController.Login (MatPoll)'
[2026-04-14 18:20:44.512 INF] Route matched with {action = "Login", controller = "Auth"}. Executing controller action with signature System.Threading.Tasks.Task`1[Microsoft.AspNetCore.Mvc.IActionResult] Login(MatPoll.DTOs.LoginRequest) on controller MatPoll.Controllers.AuthController (MatPoll).
[2026-04-14 18:20:44.630 INF] [LOGIN] TypeMID:1b4295cb5abd DeviceID:1 Name:R&D1 - Ground Floor Result:SUCCESS Duration:91ms
[2026-04-14 18:20:44.635 INF] Executing OkObjectResult, writing value of type 'MatPoll.DTOs.LoginResponse'.
[2026-04-14 18:20:44.642 INF] Executed action MatPoll.Controllers.AuthController.Login (MatPoll) in 126.8225ms
[2026-04-14 18:20:44.644 INF] Executed endpoint 'MatPoll.Controllers.AuthController.Login (MatPoll)'
[2026-04-14 18:20:44.648 INF] Request finished HTTP/1.1 POST http://localhost:5000/api/auth/login - 200 null application/json; charset=utf-8 283.6588ms
[2026-04-14 18:20:44.660 INF] Request starting HTTP/1.1 POST http://localhost:5000/api/poll/restore - null 0
[2026-04-14 18:20:44.687 INF] Executing endpoint 'MatPoll.Controllers.PollController.Restore (MatPoll)'
[2026-04-14 18:20:44.691 INF] Route matched with {action = "Restore", controller = "Poll"}. Executing controller action with signature System.Threading.Tasks.Task`1[Microsoft.AspNetCore.Mvc.IActionResult] Restore() on controller MatPoll.Controllers.PollController (MatPoll).
[2026-04-14 18:20:44.721 WRN] [REST ] TypeMID:1b4295cb5abd DeviceID:1 RestoredRows:0 ReqTime:12:50:44.693 Duration:27ms
[2026-04-14 18:20:44.723 INF] Executing OkObjectResult, writing value of type 'MatPoll.DTOs.RestoreResponse'.
[2026-04-14 18:20:44.727 INF] Executed action MatPoll.Controllers.PollController.Restore (MatPoll) in 35.3061ms
[2026-04-14 18:20:44.729 INF] Executed endpoint 'MatPoll.Controllers.PollController.Restore (MatPoll)'
[2026-04-14 18:20:44.730 INF] Request finished HTTP/1.1 POST http://localhost:5000/api/poll/restore - 200 null application/json; charset=utf-8 69.6692ms
[2026-04-14 18:20:44.734 INF] Request starting HTTP/1.1 GET http://localhost:5000/api/poll - null null
[2026-04-14 18:20:44.741 INF] Executing endpoint 'MatPoll.Controllers.PollController.Poll (MatPoll)'
[2026-04-14 18:20:44.743 INF] Route matched with {action = "Poll", controller = "Poll"}. Executing controller action with signature System.Threading.Tasks.Task`1[Microsoft.AspNetCore.Mvc.IActionResult] Poll() on controller MatPoll.Controllers.PollController (MatPoll).
[2026-04-14 18:20:45.150 INF] [POLL ] TypeMID:1b4295cb5abd DeviceID:1 Result:DATA_SENT RowsSent:3 TotalPending:147774 ReqTime:12:50:44.746 Duration:403ms
[2026-04-14 18:20:45.153 INF] Executing OkObjectResult, writing value of type 'MatPoll.DTOs.PollResponse'.
[2026-04-14 18:20:45.158 INF] Executed action MatPoll.Controllers.PollController.Poll (MatPoll) in 412.5837ms
[2026-04-14 18:20:45.159 INF] Executed endpoint 'MatPoll.Controllers.PollController.Poll (MatPoll)'
[2026-04-14 18:20:45.160 INF] Request finished HTTP/1.1 GET http://localhost:5000/api/poll - 200 null application/json; charset=utf-8 425.2098ms
[2026-04-14 18:20:47.191 INF] Request starting HTTP/1.1 POST http://localhost:5000/api/poll/ack - application/json; charset=utf-8 30
[2026-04-14 18:20:47.198 INF] Executing endpoint 'MatPoll.Controllers.PollController.Ack (MatPoll)'
[2026-04-14 18:20:47.204 INF] Route matched with {action = "Ack", controller = "Poll"}. Executing controller action with signature System.Threading.Tasks.Task`1[Microsoft.AspNetCore.Mvc.IActionResult] Ack(MatPoll.DTOs.AckRequest) on controller MatPoll.Controllers.PollController (MatPoll).
[2026-04-14 18:20:47.383 INF] [ACK  ] TypeMID:1b4295cb5abd DeviceID:1 TrnIDsSent:3 TrnIDsUpdated:3 TrnIDs:[40209,40210,40211] ReqTime:12:50:47.219 Duration:163ms
[2026-04-14 18:20:47.385 INF] Executing OkObjectResult, writing value of type 'MatPoll.DTOs.AckResponse'.
[2026-04-14 18:20:47.387 INF] Executed action MatPoll.Controllers.PollController.Ack (MatPoll) in 179.8788ms
[2026-04-14 18:20:47.388 INF] Executed endpoint 'MatPoll.Controllers.PollController.Ack (MatPoll)'
[2026-04-14 18:20:47.388 INF] Request finished HTTP/1.1 POST http://localhost:5000/api/poll/ack - 200 null application/json; charset=utf-8 197.363ms
[2026-04-14 18:20:55.392 INF] Request starting HTTP/1.1 GET http://localhost:5000/api/poll - null null
[2026-04-14 18:20:55.397 INF] Executing endpoint 'MatPoll.Controllers.PollController.Poll (MatPoll)'
[2026-04-14 18:20:55.399 INF] Route matched with {action = "Poll", controller = "Poll"}. Executing controller action with signature System.Threading.Tasks.Task`1[Microsoft.AspNetCore.Mvc.IActionResult] Poll() on controller MatPoll.Controllers.PollController (MatPoll).
[2026-04-14 18:20:55.675 INF] [POLL ] TypeMID:1b4295cb5abd DeviceID:1 Result:DATA_SENT RowsSent:3 TotalPending:147771 ReqTime:12:50:55.402 Duration:272ms
[2026-04-14 18:20:55.676 INF] Executing OkObjectResult, writing value of type 'MatPoll.DTOs.PollResponse'.
[2026-04-14 18:20:55.677 INF] Executed action MatPoll.Controllers.PollController.Poll (MatPoll) in 274.7497ms
[2026-04-14 18:20:55.677 INF] Executed endpoint 'MatPoll.Controllers.PollController.Poll (MatPoll)'
[2026-04-14 18:20:55.678 INF] Request finished HTTP/1.1 GET http://localhost:5000/api/poll - 200 null application/json; charset=utf-8 285.8567ms
[2026-04-14 18:20:57.692 INF] Request starting HTTP/1.1 POST http://localhost:5000/api/poll/ack - application/json; charset=utf-8 30
[2026-04-14 18:20:57.697 INF] Executing endpoint 'MatPoll.Controllers.PollController.Ack (MatPoll)'
[2026-04-14 18:20:57.699 INF] Route matched with {action = "Ack", controller = "Poll"}. Executing controller action with signature System.Threading.Tasks.Task`1[Microsoft.AspNetCore.Mvc.IActionResult] Ack(MatPoll.DTOs.AckRequest) on controller MatPoll.Controllers.PollController (MatPoll).
[2026-04-14 18:20:57.820 INF] [ACK  ] TypeMID:1b4295cb5abd DeviceID:1 TrnIDsSent:3 TrnIDsUpdated:3 TrnIDs:[40212,40213,40214] ReqTime:12:50:57.702 Duration:118ms
[2026-04-14 18:20:57.823 INF] Executing OkObjectResult, writing value of type 'MatPoll.DTOs.AckResponse'.
[2026-04-14 18:20:57.824 INF] Executed action MatPoll.Controllers.PollController.Ack (MatPoll) in 122.0699ms
[2026-04-14 18:20:57.824 INF] Executed endpoint 'MatPoll.Controllers.PollController.Ack (MatPoll)'
[2026-04-14 18:20:57.825 INF] Request finished HTTP/1.1 POST http://localhost:5000/api/poll/ack - 200 null application/json; charset=utf-8 133.0777ms
[2026-04-14 18:21:05.834 INF] Request starting HTTP/1.1 GET http://localhost:5000/api/poll - null null
[2026-04-14 18:21:05.841 INF] Executing endpoint 'MatPoll.Controllers.PollController.Poll (MatPoll)'
[2026-04-14 18:21:05.843 INF] Route matched with {action = "Poll", controller = "Poll"}. Executing controller action with signature System.Threading.Tasks.Task`1[Microsoft.AspNetCore.Mvc.IActionResult] Poll() on controller MatPoll.Controllers.PollController (MatPoll).
[2026-04-14 18:21:06.129 INF] [POLL ] TypeMID:1b4295cb5abd DeviceID:1 Result:DATA_SENT RowsSent:3 TotalPending:147768 ReqTime:12:51:05.847 Duration:282ms
[2026-04-14 18:21:06.131 INF] Executing OkObjectResult, writing value of type 'MatPoll.DTOs.PollResponse'.
[2026-04-14 18:21:06.132 INF] Executed action MatPoll.Controllers.PollController.Poll (MatPoll) in 285.3747ms
[2026-04-14 18:21:06.133 INF] Executed endpoint 'MatPoll.Controllers.PollController.Poll (MatPoll)'
[2026-04-14 18:21:06.134 INF] Request finished HTTP/1.1 GET http://localhost:5000/api/poll - 200 null application/json; charset=utf-8 299.7245ms
[2026-04-14 18:21:08.148 INF] Request starting HTTP/1.1 POST http://localhost:5000/api/poll/ack - application/json; charset=utf-8 30
[2026-04-14 18:21:08.155 INF] Executing endpoint 'MatPoll.Controllers.PollController.Ack (MatPoll)'
[2026-04-14 18:21:08.157 INF] Route matched with {action = "Ack", controller = "Poll"}. Executing controller action with signature System.Threading.Tasks.Task`1[Microsoft.AspNetCore.Mvc.IActionResult] Ack(MatPoll.DTOs.AckRequest) on controller MatPoll.Controllers.PollController (MatPoll).
[2026-04-14 18:21:08.292 INF] [ACK  ] TypeMID:1b4295cb5abd DeviceID:1 TrnIDsSent:3 TrnIDsUpdated:3 TrnIDs:[40215,40216,40217] ReqTime:12:51:08.160 Duration:131ms
[2026-04-14 18:21:08.294 INF] Executing OkObjectResult, writing value of type 'MatPoll.DTOs.AckResponse'.
[2026-04-14 18:21:08.295 INF] Executed action MatPoll.Controllers.PollController.Ack (MatPoll) in 135.2036ms
[2026-04-14 18:21:08.296 INF] Executed endpoint 'MatPoll.Controllers.PollController.Ack (MatPoll)'
[2026-04-14 18:21:08.297 INF] Request finished HTTP/1.1 POST http://localhost:5000/api/poll/ack - 200 null application/json; charset=utf-8 148.3632ms
[2026-04-14 18:21:12.793 INF] Application is shutting down...
[2026-04-14 18:24:03.499 INF] MatPoll server started
[2026-04-14 18:24:03.546 INF] User profile is available. Using 'C:\Users\hasti.movaliya\AppData\Local\ASP.NET\DataProtection-Keys' as key repository and Windows DPAPI to encrypt keys at rest.
[2026-04-14 18:24:03.669 INF] Now listening on: http://localhost:5000
[2026-04-14 18:24:03.677 INF] Application started. Press Ctrl+C to shut down.
[2026-04-14 18:24:03.678 INF] Hosting environment: Production
[2026-04-14 18:24:03.682 INF] Content root path: D:\Cosec-demo-combine\MatPoll
[2026-04-14 18:24:04.890 INF] Request starting HTTP/1.1 POST http://localhost:5000/api/auth/login - application/json 64
[2026-04-14 18:24:04.946 INF] Executing endpoint 'MatPoll.Controllers.AuthController.Login (MatPoll)'
[2026-04-14 18:24:04.961 INF] Route matched with {action = "Login", controller = "Auth"}. Executing controller action with signature System.Threading.Tasks.Task`1[Microsoft.AspNetCore.Mvc.IActionResult] Login(MatPoll.DTOs.LoginRequest) on controller MatPoll.Controllers.AuthController (MatPoll).
[2026-04-14 18:24:05.262 WRN] The decimal property 'TrnID' is part of a key on entity type 'MatCommTrn'. If the configured precision and scale don't match the column type in the database, this will cause values to be silently truncated if they do not fit in the default precision and scale. Consider using a different property as the key, or make sure that the database column type matches the model configuration and enable decimal rounding warnings using 'SET NUMERIC_ROUNDABORT ON'.
[2026-04-14 18:24:05.264 WRN] The decimal property 'DeviceID' is part of a key on entity type 'MatDeviceMst'. If the configured precision and scale don't match the column type in the database, this will cause values to be silently truncated if they do not fit in the default precision and scale. Consider using a different property as the key, or make sure that the database column type matches the model configuration and enable decimal rounding warnings using 'SET NUMERIC_ROUNDABORT ON'.
[2026-04-14 18:24:05.459 INF] Request starting HTTP/1.1 GET http://localhost:5000/api/poll - null null
[2026-04-14 18:24:05.501 INF] Executing endpoint 'MatPoll.Controllers.PollController.Poll (MatPoll)'
[2026-04-14 18:24:05.504 INF] Route matched with {action = "Poll", controller = "Poll"}. Executing controller action with signature System.Threading.Tasks.Task`1[Microsoft.AspNetCore.Mvc.IActionResult] Poll() on controller MatPoll.Controllers.PollController (MatPoll).
[2026-04-14 18:24:05.608 WRN] [LOGIN] TypeMID:b4ff13f546b8 DeviceID:1 Result:FAILED Reason:Device not found Duration:555ms
[2026-04-14 18:24:05.613 INF] Executing UnauthorizedObjectResult, writing value of type 'MatPoll.DTOs.LoginResponse'.
[2026-04-14 18:24:05.622 INF] Executed action MatPoll.Controllers.AuthController.Login (MatPoll) in 658.0287ms
[2026-04-14 18:24:05.625 INF] Executed endpoint 'MatPoll.Controllers.AuthController.Login (MatPoll)'
[2026-04-14 18:24:05.631 INF] Request finished HTTP/1.1 POST http://localhost:5000/api/auth/login - 401 null application/json; charset=utf-8 744.198ms
[2026-04-14 18:24:06.151 INF] [POLL ] TypeMID:1b4295cb5abd DeviceID:1 Result:DATA_SENT RowsSent:3 TotalPending:147765 ReqTime:12:54:05.508 Duration:642ms
[2026-04-14 18:24:06.156 INF] Executing OkObjectResult, writing value of type 'MatPoll.DTOs.PollResponse'.
[2026-04-14 18:24:06.164 INF] Executed action MatPoll.Controllers.PollController.Poll (MatPoll) in 658.2541ms
[2026-04-14 18:24:06.166 INF] Executed endpoint 'MatPoll.Controllers.PollController.Poll (MatPoll)'
[2026-04-14 18:24:06.167 INF] Request finished HTTP/1.1 GET http://localhost:5000/api/poll - 200 null application/json; charset=utf-8 707.7018ms
[2026-04-14 18:24:08.176 INF] Request starting HTTP/1.1 POST http://localhost:5000/api/poll/ack - application/json; charset=utf-8 30
[2026-04-14 18:24:08.189 INF] Executing endpoint 'MatPoll.Controllers.PollController.Ack (MatPoll)'
[2026-04-14 18:24:08.194 INF] Route matched with {action = "Ack", controller = "Poll"}. Executing controller action with signature System.Threading.Tasks.Task`1[Microsoft.AspNetCore.Mvc.IActionResult] Ack(MatPoll.DTOs.AckRequest) on controller MatPoll.Controllers.PollController (MatPoll).
[2026-04-14 18:24:08.412 INF] [ACK  ] TypeMID:1b4295cb5abd DeviceID:1 TrnIDsSent:3 TrnIDsUpdated:3 TrnIDs:[40218,40219,40220] ReqTime:12:54:08.207 Duration:203ms
[2026-04-14 18:24:08.414 INF] Executing OkObjectResult, writing value of type 'MatPoll.DTOs.AckResponse'.
[2026-04-14 18:24:08.416 INF] Executed action MatPoll.Controllers.PollController.Ack (MatPoll) in 219.9893ms
[2026-04-14 18:24:08.417 INF] Executed endpoint 'MatPoll.Controllers.PollController.Ack (MatPoll)'
[2026-04-14 18:24:08.418 INF] Request finished HTTP/1.1 POST http://localhost:5000/api/poll/ack - 200 null application/json; charset=utf-8 242.4841ms
[2026-04-14 18:24:16.424 INF] Request starting HTTP/1.1 GET http://localhost:5000/api/poll - null null
[2026-04-14 18:24:16.429 INF] Executing endpoint 'MatPoll.Controllers.PollController.Poll (MatPoll)'
[2026-04-14 18:24:16.431 INF] Route matched with {action = "Poll", controller = "Poll"}. Executing controller action with signature System.Threading.Tasks.Task`1[Microsoft.AspNetCore.Mvc.IActionResult] Poll() on controller MatPoll.Controllers.PollController (MatPoll).
[2026-04-14 18:24:16.735 INF] [POLL ] TypeMID:1b4295cb5abd DeviceID:1 Result:DATA_SENT RowsSent:3 TotalPending:147762 ReqTime:12:54:16.435 Duration:299ms
[2026-04-14 18:24:16.737 INF] Executing OkObjectResult, writing value of type 'MatPoll.DTOs.PollResponse'.
[2026-04-14 18:24:16.738 INF] Executed action MatPoll.Controllers.PollController.Poll (MatPoll) in 303.4013ms
[2026-04-14 18:24:16.739 INF] Executed endpoint 'MatPoll.Controllers.PollController.Poll (MatPoll)'
[2026-04-14 18:24:16.739 INF] Request finished HTTP/1.1 GET http://localhost:5000/api/poll - 200 null application/json; charset=utf-8 315.0215ms
[2026-04-14 18:24:18.743 INF] Request starting HTTP/1.1 POST http://localhost:5000/api/poll/ack - application/json; charset=utf-8 30
[2026-04-14 18:24:18.751 INF] Executing endpoint 'MatPoll.Controllers.PollController.Ack (MatPoll)'
[2026-04-14 18:24:18.752 INF] Route matched with {action = "Ack", controller = "Poll"}. Executing controller action with signature System.Threading.Tasks.Task`1[Microsoft.AspNetCore.Mvc.IActionResult] Ack(MatPoll.DTOs.AckRequest) on controller MatPoll.Controllers.PollController (MatPoll).
[2026-04-14 18:24:18.883 INF] [ACK  ] TypeMID:1b4295cb5abd DeviceID:1 TrnIDsSent:3 TrnIDsUpdated:3 TrnIDs:[40221,40222,40223] ReqTime:12:54:18.753 Duration:129ms
[2026-04-14 18:24:18.885 INF] Executing OkObjectResult, writing value of type 'MatPoll.DTOs.AckResponse'.
[2026-04-14 18:24:18.886 INF] Executed action MatPoll.Controllers.PollController.Ack (MatPoll) in 133.16ms
[2026-04-14 18:24:18.887 INF] Executed endpoint 'MatPoll.Controllers.PollController.Ack (MatPoll)'
[2026-04-14 18:24:18.888 INF] Request finished HTTP/1.1 POST http://localhost:5000/api/poll/ack - 200 null application/json; charset=utf-8 144.9282ms
[2026-04-14 18:24:26.892 INF] Request starting HTTP/1.1 GET http://localhost:5000/api/poll - null null
[2026-04-14 18:24:26.897 INF] Executing endpoint 'MatPoll.Controllers.PollController.Poll (MatPoll)'
[2026-04-14 18:24:26.899 INF] Route matched with {action = "Poll", controller = "Poll"}. Executing controller action with signature System.Threading.Tasks.Task`1[Microsoft.AspNetCore.Mvc.IActionResult] Poll() on controller MatPoll.Controllers.PollController (MatPoll).
[2026-04-14 18:24:27.187 INF] [POLL ] TypeMID:1b4295cb5abd DeviceID:1 Result:DATA_SENT RowsSent:3 TotalPending:147759 ReqTime:12:54:26.902 Duration:285ms
[2026-04-14 18:24:27.189 INF] Executing OkObjectResult, writing value of type 'MatPoll.DTOs.PollResponse'.
[2026-04-14 18:24:27.190 INF] Executed action MatPoll.Controllers.PollController.Poll (MatPoll) in 288.8155ms
[2026-04-14 18:24:27.191 INF] Executed endpoint 'MatPoll.Controllers.PollController.Poll (MatPoll)'
[2026-04-14 18:24:27.192 INF] Request finished HTTP/1.1 GET http://localhost:5000/api/poll - 200 null application/json; charset=utf-8 300.2122ms
[2026-04-14 18:24:29.195 INF] Request starting HTTP/1.1 POST http://localhost:5000/api/poll/ack - application/json; charset=utf-8 30
[2026-04-14 18:24:29.201 INF] Executing endpoint 'MatPoll.Controllers.PollController.Ack (MatPoll)'
[2026-04-14 18:24:29.202 INF] Route matched with {action = "Ack", controller = "Poll"}. Executing controller action with signature System.Threading.Tasks.Task`1[Microsoft.AspNetCore.Mvc.IActionResult] Ack(MatPoll.DTOs.AckRequest) on controller MatPoll.Controllers.PollController (MatPoll).
[2026-04-14 18:24:29.350 INF] [ACK  ] TypeMID:1b4295cb5abd DeviceID:1 TrnIDsSent:3 TrnIDsUpdated:3 TrnIDs:[40224,40225,40226] ReqTime:12:54:29.206 Duration:143ms
[2026-04-14 18:24:29.351 INF] Executing OkObjectResult, writing value of type 'MatPoll.DTOs.AckResponse'.
[2026-04-14 18:24:29.353 INF] Executed action MatPoll.Controllers.PollController.Ack (MatPoll) in 147.6179ms
[2026-04-14 18:24:29.354 INF] Executed endpoint 'MatPoll.Controllers.PollController.Ack (MatPoll)'
[2026-04-14 18:24:29.355 INF] Request finished HTTP/1.1 POST http://localhost:5000/api/poll/ack - 200 null application/json; charset=utf-8 160.0126ms
[2026-04-14 18:24:37.360 INF] Request starting HTTP/1.1 GET http://localhost:5000/api/poll - null null
[2026-04-14 18:24:37.363 INF] Executing endpoint 'MatPoll.Controllers.PollController.Poll (MatPoll)'
[2026-04-14 18:24:37.364 INF] Route matched with {action = "Poll", controller = "Poll"}. Executing controller action with signature System.Threading.Tasks.Task`1[Microsoft.AspNetCore.Mvc.IActionResult] Poll() on controller MatPoll.Controllers.PollController (MatPoll).
[2026-04-14 18:24:37.709 INF] [POLL ] TypeMID:1b4295cb5abd DeviceID:1 Result:DATA_SENT RowsSent:3 TotalPending:147756 ReqTime:12:54:37.366 Duration:342ms
[2026-04-14 18:24:37.710 INF] Executing OkObjectResult, writing value of type 'MatPoll.DTOs.PollResponse'.
[2026-04-14 18:24:37.711 INF] Executed action MatPoll.Controllers.PollController.Poll (MatPoll) in 345.5917ms
[2026-04-14 18:24:37.713 INF] Executed endpoint 'MatPoll.Controllers.PollController.Poll (MatPoll)'
[2026-04-14 18:24:37.713 INF] Request finished HTTP/1.1 GET http://localhost:5000/api/poll - 200 null application/json; charset=utf-8 353.7378ms
[2026-04-14 18:24:39.712 INF] Request starting HTTP/1.1 POST http://localhost:5000/api/poll/ack - application/json; charset=utf-8 30
[2026-04-14 18:24:39.715 INF] Executing endpoint 'MatPoll.Controllers.PollController.Ack (MatPoll)'
[2026-04-14 18:24:39.716 INF] Route matched with {action = "Ack", controller = "Poll"}. Executing controller action with signature System.Threading.Tasks.Task`1[Microsoft.AspNetCore.Mvc.IActionResult] Ack(MatPoll.DTOs.AckRequest) on controller MatPoll.Controllers.PollController (MatPoll).
[2026-04-14 18:24:39.865 INF] [ACK  ] TypeMID:1b4295cb5abd DeviceID:1 TrnIDsSent:3 TrnIDsUpdated:3 TrnIDs:[40227,40228,40229] ReqTime:12:54:39.719 Duration:145ms
[2026-04-14 18:24:39.867 INF] Executing OkObjectResult, writing value of type 'MatPoll.DTOs.AckResponse'.
[2026-04-14 18:24:39.868 INF] Executed action MatPoll.Controllers.PollController.Ack (MatPoll) in 149.0968ms
[2026-04-14 18:24:39.868 INF] Executed endpoint 'MatPoll.Controllers.PollController.Ack (MatPoll)'
[2026-04-14 18:24:39.869 INF] Request finished HTTP/1.1 POST http://localhost:5000/api/poll/ack - 200 null application/json; charset=utf-8 157.1909ms
[2026-04-14 18:24:47.880 INF] Request starting HTTP/1.1 GET http://localhost:5000/api/poll - null null
[2026-04-14 18:24:47.885 INF] Executing endpoint 'MatPoll.Controllers.PollController.Poll (MatPoll)'
[2026-04-14 18:24:47.886 INF] Route matched with {action = "Poll", controller = "Poll"}. Executing controller action with signature System.Threading.Tasks.Task`1[Microsoft.AspNetCore.Mvc.IActionResult] Poll() on controller MatPoll.Controllers.PollController (MatPoll).
[2026-04-14 18:24:48.214 INF] [POLL ] TypeMID:1b4295cb5abd DeviceID:1 Result:DATA_SENT RowsSent:3 TotalPending:147753 ReqTime:12:54:47.888 Duration:325ms
[2026-04-14 18:24:48.215 INF] Executing OkObjectResult, writing value of type 'MatPoll.DTOs.PollResponse'.
[2026-04-14 18:24:48.217 INF] Executed action MatPoll.Controllers.PollController.Poll (MatPoll) in 328.4559ms
[2026-04-14 18:24:48.218 INF] Executed endpoint 'MatPoll.Controllers.PollController.Poll (MatPoll)'
[2026-04-14 18:24:48.218 INF] Request finished HTTP/1.1 GET http://localhost:5000/api/poll - 200 null application/json; charset=utf-8 337.8578ms
[2026-04-14 18:24:50.231 INF] Request starting HTTP/1.1 POST http://localhost:5000/api/poll/ack - application/json; charset=utf-8 30
[2026-04-14 18:24:50.236 INF] Executing endpoint 'MatPoll.Controllers.PollController.Ack (MatPoll)'
[2026-04-14 18:24:50.237 INF] Route matched with {action = "Ack", controller = "Poll"}. Executing controller action with signature System.Threading.Tasks.Task`1[Microsoft.AspNetCore.Mvc.IActionResult] Ack(MatPoll.DTOs.AckRequest) on controller MatPoll.Controllers.PollController (MatPoll).
[2026-04-14 18:24:50.402 INF] [ACK  ] TypeMID:1b4295cb5abd DeviceID:1 TrnIDsSent:3 TrnIDsUpdated:3 TrnIDs:[40230,40231,40232] ReqTime:12:54:50.239 Duration:162ms
[2026-04-14 18:24:50.403 INF] Executing OkObjectResult, writing value of type 'MatPoll.DTOs.AckResponse'.
[2026-04-14 18:24:50.404 INF] Executed action MatPoll.Controllers.PollController.Ack (MatPoll) in 165.8239ms
[2026-04-14 18:24:50.406 INF] Executed endpoint 'MatPoll.Controllers.PollController.Ack (MatPoll)'
[2026-04-14 18:24:50.407 INF] Request finished HTTP/1.1 POST http://localhost:5000/api/poll/ack - 200 null application/json; charset=utf-8 175.5165ms
[2026-04-14 18:24:58.412 INF] Request starting HTTP/1.1 GET http://localhost:5000/api/poll - null null
[2026-04-14 18:24:58.415 INF] Executing endpoint 'MatPoll.Controllers.PollController.Poll (MatPoll)'
[2026-04-14 18:24:58.416 INF] Route matched with {action = "Poll", controller = "Poll"}. Executing controller action with signature System.Threading.Tasks.Task`1[Microsoft.AspNetCore.Mvc.IActionResult] Poll() on controller MatPoll.Controllers.PollController (MatPoll).
[2026-04-14 18:24:58.721 INF] [POLL ] TypeMID:1b4295cb5abd DeviceID:1 Result:DATA_SENT RowsSent:3 TotalPending:147750 ReqTime:12:54:58.418 Duration:303ms
[2026-04-14 18:24:58.723 INF] Executing OkObjectResult, writing value of type 'MatPoll.DTOs.PollResponse'.
[2026-04-14 18:24:58.724 INF] Executed action MatPoll.Controllers.PollController.Poll (MatPoll) in 306.3925ms
[2026-04-14 18:24:58.725 INF] Executed endpoint 'MatPoll.Controllers.PollController.Poll (MatPoll)'
[2026-04-14 18:24:58.726 INF] Request finished HTTP/1.1 GET http://localhost:5000/api/poll - 200 null application/json; charset=utf-8 314.0562ms
[2026-04-14 18:25:00.727 INF] Request starting HTTP/1.1 POST http://localhost:5000/api/poll/ack - application/json; charset=utf-8 30
[2026-04-14 18:25:00.731 INF] Executing endpoint 'MatPoll.Controllers.PollController.Ack (MatPoll)'
[2026-04-14 18:25:00.732 INF] Route matched with {action = "Ack", controller = "Poll"}. Executing controller action with signature System.Threading.Tasks.Task`1[Microsoft.AspNetCore.Mvc.IActionResult] Ack(MatPoll.DTOs.AckRequest) on controller MatPoll.Controllers.PollController (MatPoll).
[2026-04-14 18:25:00.884 INF] [ACK  ] TypeMID:1b4295cb5abd DeviceID:1 TrnIDsSent:3 TrnIDsUpdated:3 TrnIDs:[40233,40234,40235] ReqTime:12:55:00.734 Duration:149ms
[2026-04-14 18:25:00.886 INF] Executing OkObjectResult, writing value of type 'MatPoll.DTOs.AckResponse'.
[2026-04-14 18:25:00.887 INF] Executed action MatPoll.Controllers.PollController.Ack (MatPoll) in 153.5188ms
[2026-04-14 18:25:00.888 INF] Executed endpoint 'MatPoll.Controllers.PollController.Ack (MatPoll)'
[2026-04-14 18:25:00.888 INF] Request finished HTTP/1.1 POST http://localhost:5000/api/poll/ack - 200 null application/json; charset=utf-8 161.3155ms
[2026-04-14 18:25:01.035 INF] Application is shutting down...
