[2026-04-15 12:30:59.181 INF] MatPoll server started
[2026-04-15 12:30:59.225 INF] User profile is available. Using 'C:\Users\hatim.chharchhoda\AppData\Local\ASP.NET\DataProtection-Keys' as key repository and Windows DPAPI to encrypt keys at rest.
[2026-04-15 12:30:59.266 INF] Now listening on: http://localhost:5000
[2026-04-15 12:30:59.269 INF] Application started. Press Ctrl+C to shut down.
[2026-04-15 12:30:59.270 INF] Hosting environment: Production
[2026-04-15 12:30:59.270 INF] Content root path: D:\COSEC-demo\MatPoll
[2026-04-15 12:31:17.558 INF] Application is shutting down...
[2026-04-15 12:32:21.825 INF] MatPoll server started
[2026-04-15 12:32:21.871 INF] User profile is available. Using 'C:\Users\hatim.chharchhoda\AppData\Local\ASP.NET\DataProtection-Keys' as key repository and Windows DPAPI to encrypt keys at rest.
[2026-04-15 12:32:21.915 INF] Now listening on: http://localhost:5000
[2026-04-15 12:32:21.916 INF] Application started. Press Ctrl+C to shut down.
[2026-04-15 12:32:21.917 INF] Hosting environment: Production
[2026-04-15 12:32:21.917 INF] Content root path: D:\COSEC-demo\MatPoll
[2026-04-15 12:32:39.851 INF] Request starting HTTP/1.1 POST http://localhost:5000/api/auth/login - application/json; charset=utf-8 46
[2026-04-15 12:32:39.882 INF] Executing endpoint 'MatPoll.Controllers.AuthController.Login (MatPoll)'
[2026-04-15 12:32:39.893 INF] Route matched with {action = "Login", controller = "Auth"}. Executing controller action with signature System.Threading.Tasks.Task`1[Microsoft.AspNetCore.Mvc.IActionResult] Login(MatPoll.DTOs.LoginRequest) on controller MatPoll.Controllers.AuthController (MatPoll).
[2026-04-15 12:32:40.136 WRN] The decimal property 'TrnID' is part of a key on entity type 'MatCommTrn'. If the configured precision and scale don't match the column type in the database, this will cause values to be silently truncated if they do not fit in the default precision and scale. Consider using a different property as the key, or make sure that the database column type matches the model configuration and enable decimal rounding warnings using 'SET NUMERIC_ROUNDABORT ON'.
[2026-04-15 12:32:40.137 WRN] The decimal property 'DeviceID' is part of a key on entity type 'MatDeviceMst'. If the configured precision and scale don't match the column type in the database, this will cause values to be silently truncated if they do not fit in the default precision and scale. Consider using a different property as the key, or make sure that the database column type matches the model configuration and enable decimal rounding warnings using 'SET NUMERIC_ROUNDABORT ON'.
[2026-04-15 12:32:40.403 INF] Executed DbCommand (21ms) [Parameters=[@__deviceId_0='?' (Precision = 5) (DbType = Decimal), @__mac_1='?' (Size = 50), @__ip_2='?' (Size = 50)], CommandType='"Text"', CommandTimeout='30']
SELECT TOP(1) [m].[DeviceID], [m].[DeviceName], [m].[DeviceType], [m].[IPAddr], [m].[IsActive], [m].[MACAddr]
FROM [Mat_DeviceMst] AS [m]
WHERE [m].[DeviceID] = @__deviceId_0 AND [m].[MACAddr] = @__mac_1 AND [m].[IPAddr] = @__ip_2
[2026-04-15 12:32:40.417 WRN] [LOGIN] TypeMID:fbe72769ef7c DeviceID:100 Result:FAILED Reason:Device not found Duration:447ms
[2026-04-15 12:32:40.421 INF] Executing UnauthorizedObjectResult, writing value of type 'MatPoll.DTOs.LoginResponse'.
[2026-04-15 12:32:40.429 INF] Executed action MatPoll.Controllers.AuthController.Login (MatPoll) in 532.8162ms
[2026-04-15 12:32:40.430 INF] Executed endpoint 'MatPoll.Controllers.AuthController.Login (MatPoll)'
[2026-04-15 12:32:40.434 INF] Request finished HTTP/1.1 POST http://localhost:5000/api/auth/login - 401 null application/json; charset=utf-8 584.2878ms
[2026-04-15 12:32:40.444 INF] Request starting HTTP/1.1 POST http://localhost:5000/api/poll/restore - null 0
[2026-04-15 12:32:40.448 INF] Authorization failed. These requirements were not met:
DenyAnonymousAuthorizationRequirement: Requires an authenticated user.
[2026-04-15 12:32:40.450 INF] AuthenticationScheme: Bearer was challenged.
[2026-04-15 12:32:40.451 INF] Request finished HTTP/1.1 POST http://localhost:5000/api/poll/restore - 401 0 null 7.3306ms
[2026-04-15 12:32:40.454 INF] Request starting HTTP/1.1 GET http://localhost:5000/api/poll - null null
[2026-04-15 12:32:40.460 INF] Authorization failed. These requirements were not met:
DenyAnonymousAuthorizationRequirement: Requires an authenticated user.
[2026-04-15 12:32:40.460 INF] AuthenticationScheme: Bearer was challenged.
[2026-04-15 12:32:40.461 INF] Request finished HTTP/1.1 GET http://localhost:5000/api/poll - 401 0 null 7.0813ms
[2026-04-15 12:32:48.473 INF] Request starting HTTP/1.1 GET http://localhost:5000/api/poll - null null
[2026-04-15 12:32:48.484 INF] Authorization failed. These requirements were not met:
DenyAnonymousAuthorizationRequirement: Requires an authenticated user.
[2026-04-15 12:32:48.486 INF] AuthenticationScheme: Bearer was challenged.
[2026-04-15 12:32:48.487 INF] Request finished HTTP/1.1 GET http://localhost:5000/api/poll - 401 0 null 13.5576ms
[2026-04-15 12:32:55.067 INF] Application is shutting down...
[2026-04-15 15:06:41.881 INF] MatPoll server started
[2026-04-15 15:06:41.929 INF] User profile is available. Using 'C:\Users\hatim.chharchhoda\AppData\Local\ASP.NET\DataProtection-Keys' as key repository and Windows DPAPI to encrypt keys at rest.
[2026-04-15 15:06:41.971 INF] Now listening on: http://localhost:5000
[2026-04-15 15:06:41.972 INF] Application started. Press Ctrl+C to shut down.
[2026-04-15 15:06:41.973 INF] Hosting environment: Production
[2026-04-15 15:06:41.973 INF] Content root path: D:\COSEC-demo\MatPoll
[2026-04-15 15:08:42.751 WRN] The decimal property 'TrnID' is part of a key on entity type 'MatCommTrn'. If the configured precision and scale don't match the column type in the database, this will cause values to be silently truncated if they do not fit in the default precision and scale. Consider using a different property as the key, or make sure that the database column type matches the model configuration and enable decimal rounding warnings using 'SET NUMERIC_ROUNDABORT ON'.
[2026-04-15 15:08:42.752 WRN] The decimal property 'DeviceID' is part of a key on entity type 'MatDeviceMst'. If the configured precision and scale don't match the column type in the database, this will cause values to be silently truncated if they do not fit in the default precision and scale. Consider using a different property as the key, or make sure that the database column type matches the model configuration and enable decimal rounding warnings using 'SET NUMERIC_ROUNDABORT ON'.
[2026-04-15 15:08:43.063 INF] Executed DbCommand (26ms) [Parameters=[@__cutoff_0='?' (DbType = DateTime2)], CommandType='"Text"', CommandTimeout='30']
SELECT [m].[TrnID], [m].[CreatedAt], [m].[MsgStr], [m].[RetryCnt], [m].[TrnStat], [m].[TypeMID]
FROM [Mat_CommTrn] AS [m]
WHERE [m].[TrnStat] = 1.0 AND [m].[CreatedAt] < @__cutoff_0
[2026-04-15 15:08:43.075 INF] [StallRecovery] Ran at "2026-04-15T15:08:43.0755687+05:30"
[2026-04-15 15:10:43.702 INF] Executed DbCommand (3ms) [Parameters=[@__cutoff_0='?' (DbType = DateTime2)], CommandType='"Text"', CommandTimeout='30']
SELECT [m].[TrnID], [m].[CreatedAt], [m].[MsgStr], [m].[RetryCnt], [m].[TrnStat], [m].[TypeMID]
FROM [Mat_CommTrn] AS [m]
WHERE [m].[TrnStat] = 1.0 AND [m].[CreatedAt] < @__cutoff_0
[2026-04-15 15:10:43.705 INF] [StallRecovery] Ran at "2026-04-15T15:10:43.7053441+05:30"
[2026-04-15 15:12:44.093 INF] Executed DbCommand (3ms) [Parameters=[@__cutoff_0='?' (DbType = DateTime2)], CommandType='"Text"', CommandTimeout='30']
SELECT [m].[TrnID], [m].[CreatedAt], [m].[MsgStr], [m].[RetryCnt], [m].[TrnStat], [m].[TypeMID]
FROM [Mat_CommTrn] AS [m]
WHERE [m].[TrnStat] = 1.0 AND [m].[CreatedAt] < @__cutoff_0
[2026-04-15 15:12:44.095 INF] [StallRecovery] Ran at "2026-04-15T15:12:44.0954342+05:30"
[2026-04-15 15:14:44.113 INF] Executed DbCommand (9ms) [Parameters=[@__cutoff_0='?' (DbType = DateTime2)], CommandType='"Text"', CommandTimeout='30']
SELECT [m].[TrnID], [m].[CreatedAt], [m].[MsgStr], [m].[RetryCnt], [m].[TrnStat], [m].[TypeMID]
FROM [Mat_CommTrn] AS [m]
WHERE [m].[TrnStat] = 1.0 AND [m].[CreatedAt] < @__cutoff_0
[2026-04-15 15:14:44.115 INF] [StallRecovery] Ran at "2026-04-15T15:14:44.1155629+05:30"
[2026-04-15 15:15:16.747 INF] Request starting HTTP/1.1 POST http://localhost:5000/api/auth/login - application/json; charset=utf-8 69
[2026-04-15 15:15:16.785 INF] Executing endpoint 'MatPoll.Controllers.AuthController.Login (MatPoll)'
[2026-04-15 15:15:16.795 INF] Route matched with {action = "Login", controller = "Auth"}. Executing controller action with signature System.Threading.Tasks.Task`1[Microsoft.AspNetCore.Mvc.IActionResult] Login(MatPoll.DTOs.LoginRequest) on controller MatPoll.Controllers.AuthController (MatPoll).
[2026-04-15 15:15:16.826 INF] Executed DbCommand (2ms) [Parameters=[@__deviceId_0='?' (Precision = 5) (DbType = Decimal), @__mac_1='?' (Size = 50), @__ip_2='?' (Size = 50)], CommandType='"Text"', CommandTimeout='30']
SELECT TOP(1) [m].[DeviceID], [m].[DeviceName], [m].[DeviceType], [m].[IPAddr], [m].[IsActive], [m].[MACAddr]
FROM [Mat_DeviceMst] AS [m]
WHERE [m].[DeviceID] = @__deviceId_0 AND [m].[MACAddr] = @__mac_1 AND [m].[IPAddr] = @__ip_2
[2026-04-15 15:15:16.868 INF] [LOGIN] TypeMID:d9c20d999ca0 DeviceID:15 Name:Device-15 Result:SUCCESS Duration:52ms
[2026-04-15 15:15:16.872 INF] Executing OkObjectResult, writing value of type 'MatPoll.DTOs.LoginResponse'.
[2026-04-15 15:15:16.879 INF] Executed action MatPoll.Controllers.AuthController.Login (MatPoll) in 81.3181ms
[2026-04-15 15:15:16.880 INF] Executed endpoint 'MatPoll.Controllers.AuthController.Login (MatPoll)'
[2026-04-15 15:15:16.883 INF] Request finished HTTP/1.1 POST http://localhost:5000/api/auth/login - 200 null application/json; charset=utf-8 136.8427ms
[2026-04-15 15:15:16.918 INF] Request starting HTTP/1.1 POST http://localhost:5000/api/poll/restore - null 0
[2026-04-15 15:15:16.941 INF] Executing endpoint 'MatPoll.Controllers.PollController.Restore (MatPoll)'
[2026-04-15 15:15:16.944 INF] Route matched with {action = "Restore", controller = "Poll"}. Executing controller action with signature System.Threading.Tasks.Task`1[Microsoft.AspNetCore.Mvc.IActionResult] Restore() on controller MatPoll.Controllers.PollController (MatPoll).
[2026-04-15 15:15:16.962 INF] Executed DbCommand (8ms) [Parameters=[@__typeMid_0='?' (Size = 32)], CommandType='"Text"', CommandTimeout='30']
SELECT [m].[TrnID], [m].[CreatedAt], [m].[MsgStr], [m].[RetryCnt], [m].[TrnStat], [m].[TypeMID]
FROM [Mat_CommTrn] AS [m]
WHERE [m].[TrnStat] = 1.0 AND [m].[TypeMID] = @__typeMid_0
[2026-04-15 15:15:16.970 WRN] [REST ] TypeMID:d9c20d999ca0 DeviceID:15 RestoredRows:0 ReqTime:15:15:16.946 Duration:24ms
[2026-04-15 15:15:16.971 INF] Executing OkObjectResult, writing value of type 'MatPoll.DTOs.RestoreResponse'.
[2026-04-15 15:15:16.975 INF] Executed action MatPoll.Controllers.PollController.Restore (MatPoll) in 29.5524ms
[2026-04-15 15:15:16.975 INF] Executed endpoint 'MatPoll.Controllers.PollController.Restore (MatPoll)'
[2026-04-15 15:15:16.976 INF] Request finished HTTP/1.1 POST http://localhost:5000/api/poll/restore - 200 null application/json; charset=utf-8 58.4169ms
[2026-04-15 15:15:16.978 INF] Request starting HTTP/1.1 GET http://localhost:5000/api/poll - null null
[2026-04-15 15:15:16.983 INF] Executing endpoint 'MatPoll.Controllers.PollController.Poll (MatPoll)'
[2026-04-15 15:15:16.986 INF] Route matched with {action = "Poll", controller = "Poll"}. Executing controller action with signature System.Threading.Tasks.Task`1[Microsoft.AspNetCore.Mvc.IActionResult] Poll() on controller MatPoll.Controllers.PollController (MatPoll).
[2026-04-15 15:15:17.002 INF] Executed DbCommand (4ms) [Parameters=[@__typeMid_0='?' (Size = 32)], CommandType='"Text"', CommandTimeout='30']
SELECT CASE
    WHEN EXISTS (
        SELECT 1
        FROM [Mat_CommTrn] AS [m]
        WHERE [m].[TrnStat] = 1.0 AND [m].[TypeMID] = @__typeMid_0) THEN CAST(1 AS bit)
    ELSE CAST(0 AS bit)
END
[2026-04-15 15:15:17.014 INF] Executed DbCommand (6ms) [Parameters=[@__p_1='?' (DbType = Int32), @__typeMid_0='?' (Size = 32)], CommandType='"Text"', CommandTimeout='30']
SELECT TOP(@__p_1) [m].[TrnID], [m].[CreatedAt], [m].[MsgStr], [m].[RetryCnt], [m].[TrnStat], [m].[TypeMID]
FROM [Mat_CommTrn] AS [m]
WHERE [m].[TrnStat] = 0.0 AND [m].[TypeMID] = @__typeMid_0
ORDER BY [m].[TrnID]
[2026-04-15 15:15:17.076 INF] Executed DbCommand (12ms) [Parameters=[@p2='?' (Precision = 18) (DbType = Decimal), @p0='?' (Precision = 2) (DbType = Decimal), @p1='?' (Precision = 1) (DbType = Decimal), @p5='?' (Precision = 18) (DbType = Decimal), @p3='?' (Precision = 2) (DbType = Decimal), @p4='?' (Precision = 1) (DbType = Decimal), @p8='?' (Precision = 18) (DbType = Decimal), @p6='?' (Precision = 2) (DbType = Decimal), @p7='?' (Precision = 1) (DbType = Decimal)], CommandType='"Text"', CommandTimeout='30']
SET NOCOUNT ON;
UPDATE [Mat_CommTrn] SET [RetryCnt] = @p0, [TrnStat] = @p1
OUTPUT INSERTED.[CreatedAt]
WHERE [TrnID] = @p2;
UPDATE [Mat_CommTrn] SET [RetryCnt] = @p3, [TrnStat] = @p4
OUTPUT INSERTED.[CreatedAt]
WHERE [TrnID] = @p5;
UPDATE [Mat_CommTrn] SET [RetryCnt] = @p6, [TrnStat] = @p7
OUTPUT INSERTED.[CreatedAt]
WHERE [TrnID] = @p8;
[2026-04-15 15:15:17.115 INF] Executed DbCommand (4ms) [Parameters=[], CommandType='"Text"', CommandTimeout='30']
SELECT COUNT(*)
FROM [Mat_CommTrn] AS [m]
WHERE [m].[TrnStat] = 0.0
[2026-04-15 15:15:17.117 INF] [POLL ] TypeMID:d9c20d999ca0 DeviceID:15 Result:DATA_SENT RowsSent:3 TotalPending:6914 ReqTime:09:45:16.988 Duration:129ms
[2026-04-15 15:15:17.118 INF] Executing OkObjectResult, writing value of type 'MatPoll.DTOs.PollResponse'.
[2026-04-15 15:15:17.123 INF] Executed action MatPoll.Controllers.PollController.Poll (MatPoll) in 136.3336ms
[2026-04-15 15:15:17.124 INF] Executed endpoint 'MatPoll.Controllers.PollController.Poll (MatPoll)'
[2026-04-15 15:15:17.125 INF] Request finished HTTP/1.1 GET http://localhost:5000/api/poll - 200 null application/json; charset=utf-8 146.5871ms
[2026-04-15 15:15:19.147 INF] Request starting HTTP/1.1 POST http://localhost:5000/api/poll/ack - application/json; charset=utf-8 30
[2026-04-15 15:15:19.151 INF] Executing endpoint 'MatPoll.Controllers.PollController.Ack (MatPoll)'
[2026-04-15 15:15:19.154 INF] Route matched with {action = "Ack", controller = "Poll"}. Executing controller action with signature System.Threading.Tasks.Task`1[Microsoft.AspNetCore.Mvc.IActionResult] Ack(MatPoll.DTOs.AckRequest) on controller MatPoll.Controllers.PollController (MatPoll).
[2026-04-15 15:15:19.189 INF] Executed DbCommand (6ms) [Parameters=[@__trnIds_0='?' (Size = 4000), @__typeMid_1='?' (Size = 32)], CommandType='"Text"', CommandTimeout='30']
SELECT [m].[TrnID], [m].[CreatedAt], [m].[MsgStr], [m].[RetryCnt], [m].[TrnStat], [m].[TypeMID]
FROM [Mat_CommTrn] AS [m]
WHERE [m].[TrnID] IN (
    SELECT [t].[value]
    FROM OPENJSON(@__trnIds_0) WITH ([value] numeric(18,0) '$') AS [t]
) AND [m].[TypeMID] = @__typeMid_1 AND [m].[TrnStat] = 1.0
[2026-04-15 15:15:19.200 INF] Executed DbCommand (9ms) [Parameters=[@p1='?' (Precision = 18) (DbType = Decimal), @p0='?' (Precision = 1) (DbType = Decimal), @p3='?' (Precision = 18) (DbType = Decimal), @p2='?' (Precision = 1) (DbType = Decimal), @p5='?' (Precision = 18) (DbType = Decimal), @p4='?' (Precision = 1) (DbType = Decimal)], CommandType='"Text"', CommandTimeout='30']
SET NOCOUNT ON;
UPDATE [Mat_CommTrn] SET [TrnStat] = @p0
OUTPUT INSERTED.[CreatedAt]
WHERE [TrnID] = @p1;
UPDATE [Mat_CommTrn] SET [TrnStat] = @p2
OUTPUT INSERTED.[CreatedAt]
WHERE [TrnID] = @p3;
UPDATE [Mat_CommTrn] SET [TrnStat] = @p4
OUTPUT INSERTED.[CreatedAt]
WHERE [TrnID] = @p5;
[2026-04-15 15:15:19.203 INF] [ACK  ] TypeMID:d9c20d999ca0 DeviceID:15 TrnIDsSent:3 TrnIDsUpdated:3 TrnIDs:[30114,30115,30116] ReqTime:09:45:19.163 Duration:39ms
[2026-04-15 15:15:19.205 INF] Executing OkObjectResult, writing value of type 'MatPoll.DTOs.AckResponse'.
[2026-04-15 15:15:19.206 INF] Executed action MatPoll.Controllers.PollController.Ack (MatPoll) in 49.214ms
[2026-04-15 15:15:19.207 INF] Executed endpoint 'MatPoll.Controllers.PollController.Ack (MatPoll)'
[2026-04-15 15:15:19.207 INF] Request finished HTTP/1.1 POST http://localhost:5000/api/poll/ack - 200 null application/json; charset=utf-8 60.9074ms
[2026-04-15 15:15:27.222 INF] Request starting HTTP/1.1 GET http://localhost:5000/api/poll - null null
[2026-04-15 15:15:27.229 INF] Executing endpoint 'MatPoll.Controllers.PollController.Poll (MatPoll)'
[2026-04-15 15:15:27.230 INF] Route matched with {action = "Poll", controller = "Poll"}. Executing controller action with signature System.Threading.Tasks.Task`1[Microsoft.AspNetCore.Mvc.IActionResult] Poll() on controller MatPoll.Controllers.PollController (MatPoll).
[2026-04-15 15:15:27.236 INF] Executed DbCommand (3ms) [Parameters=[@__typeMid_0='?' (Size = 32)], CommandType='"Text"', CommandTimeout='30']
SELECT CASE
    WHEN EXISTS (
        SELECT 1
        FROM [Mat_CommTrn] AS [m]
        WHERE [m].[TrnStat] = 1.0 AND [m].[TypeMID] = @__typeMid_0) THEN CAST(1 AS bit)
    ELSE CAST(0 AS bit)
END
[2026-04-15 15:15:27.242 INF] Executed DbCommand (4ms) [Parameters=[@__p_1='?' (DbType = Int32), @__typeMid_0='?' (Size = 32)], CommandType='"Text"', CommandTimeout='30']
SELECT TOP(@__p_1) [m].[TrnID], [m].[CreatedAt], [m].[MsgStr], [m].[RetryCnt], [m].[TrnStat], [m].[TypeMID]
FROM [Mat_CommTrn] AS [m]
WHERE [m].[TrnStat] = 0.0 AND [m].[TypeMID] = @__typeMid_0
ORDER BY [m].[TrnID]
[2026-04-15 15:15:27.251 INF] Executed DbCommand (7ms) [Parameters=[@p2='?' (Precision = 18) (DbType = Decimal), @p0='?' (Precision = 2) (DbType = Decimal), @p1='?' (Precision = 1) (DbType = Decimal), @p5='?' (Precision = 18) (DbType = Decimal), @p3='?' (Precision = 2) (DbType = Decimal), @p4='?' (Precision = 1) (DbType = Decimal), @p8='?' (Precision = 18) (DbType = Decimal), @p6='?' (Precision = 2) (DbType = Decimal), @p7='?' (Precision = 1) (DbType = Decimal)], CommandType='"Text"', CommandTimeout='30']
SET NOCOUNT ON;
UPDATE [Mat_CommTrn] SET [RetryCnt] = @p0, [TrnStat] = @p1
OUTPUT INSERTED.[CreatedAt]
WHERE [TrnID] = @p2;
UPDATE [Mat_CommTrn] SET [RetryCnt] = @p3, [TrnStat] = @p4
OUTPUT INSERTED.[CreatedAt]
WHERE [TrnID] = @p5;
UPDATE [Mat_CommTrn] SET [RetryCnt] = @p6, [TrnStat] = @p7
OUTPUT INSERTED.[CreatedAt]
WHERE [TrnID] = @p8;
[2026-04-15 15:15:27.257 INF] Executed DbCommand (2ms) [Parameters=[], CommandType='"Text"', CommandTimeout='30']
SELECT COUNT(*)
FROM [Mat_CommTrn] AS [m]
WHERE [m].[TrnStat] = 0.0
[2026-04-15 15:15:27.258 INF] [POLL ] TypeMID:d9c20d999ca0 DeviceID:15 Result:DATA_SENT RowsSent:3 TotalPending:6911 ReqTime:09:45:27.233 Duration:25ms
[2026-04-15 15:15:27.259 INF] Executing OkObjectResult, writing value of type 'MatPoll.DTOs.PollResponse'.
[2026-04-15 15:15:27.261 INF] Executed action MatPoll.Controllers.PollController.Poll (MatPoll) in 28.0492ms
[2026-04-15 15:15:27.261 INF] Executed endpoint 'MatPoll.Controllers.PollController.Poll (MatPoll)'
[2026-04-15 15:15:27.262 INF] Request finished HTTP/1.1 GET http://localhost:5000/api/poll - 200 null application/json; charset=utf-8 40.3835ms
[2026-04-15 15:15:29.272 INF] Request starting HTTP/1.1 POST http://localhost:5000/api/poll/ack - application/json; charset=utf-8 30
[2026-04-15 15:15:29.276 INF] Executing endpoint 'MatPoll.Controllers.PollController.Ack (MatPoll)'
[2026-04-15 15:15:29.277 INF] Route matched with {action = "Ack", controller = "Poll"}. Executing controller action with signature System.Threading.Tasks.Task`1[Microsoft.AspNetCore.Mvc.IActionResult] Ack(MatPoll.DTOs.AckRequest) on controller MatPoll.Controllers.PollController (MatPoll).
[2026-04-15 15:15:29.282 INF] Executed DbCommand (3ms) [Parameters=[@__trnIds_0='?' (Size = 4000), @__typeMid_1='?' (Size = 32)], CommandType='"Text"', CommandTimeout='30']
SELECT [m].[TrnID], [m].[CreatedAt], [m].[MsgStr], [m].[RetryCnt], [m].[TrnStat], [m].[TypeMID]
FROM [Mat_CommTrn] AS [m]
WHERE [m].[TrnID] IN (
    SELECT [t].[value]
    FROM OPENJSON(@__trnIds_0) WITH ([value] numeric(18,0) '$') AS [t]
) AND [m].[TypeMID] = @__typeMid_1 AND [m].[TrnStat] = 1.0
[2026-04-15 15:15:29.291 INF] Executed DbCommand (6ms) [Parameters=[@p1='?' (Precision = 18) (DbType = Decimal), @p0='?' (Precision = 1) (DbType = Decimal), @p3='?' (Precision = 18) (DbType = Decimal), @p2='?' (Precision = 1) (DbType = Decimal), @p5='?' (Precision = 18) (DbType = Decimal), @p4='?' (Precision = 1) (DbType = Decimal)], CommandType='"Text"', CommandTimeout='30']
SET NOCOUNT ON;
UPDATE [Mat_CommTrn] SET [TrnStat] = @p0
OUTPUT INSERTED.[CreatedAt]
WHERE [TrnID] = @p1;
UPDATE [Mat_CommTrn] SET [TrnStat] = @p2
OUTPUT INSERTED.[CreatedAt]
WHERE [TrnID] = @p3;
UPDATE [Mat_CommTrn] SET [TrnStat] = @p4
OUTPUT INSERTED.[CreatedAt]
WHERE [TrnID] = @p5;
[2026-04-15 15:15:29.294 INF] [ACK  ] TypeMID:d9c20d999ca0 DeviceID:15 TrnIDsSent:3 TrnIDsUpdated:3 TrnIDs:[30117,30118,30119] ReqTime:09:45:29.278 Duration:15ms
[2026-04-15 15:15:29.296 INF] Executing OkObjectResult, writing value of type 'MatPoll.DTOs.AckResponse'.
[2026-04-15 15:15:29.296 INF] Executed action MatPoll.Controllers.PollController.Ack (MatPoll) in 18.6437ms
[2026-04-15 15:15:29.297 INF] Executed endpoint 'MatPoll.Controllers.PollController.Ack (MatPoll)'
[2026-04-15 15:15:29.298 INF] Request finished HTTP/1.1 POST http://localhost:5000/api/poll/ack - 200 null application/json; charset=utf-8 26.1862ms
[2026-04-15 15:15:37.299 INF] Request starting HTTP/1.1 GET http://localhost:5000/api/poll - null null
[2026-04-15 15:15:37.301 INF] Executing endpoint 'MatPoll.Controllers.PollController.Poll (MatPoll)'
[2026-04-15 15:15:37.302 INF] Route matched with {action = "Poll", controller = "Poll"}. Executing controller action with signature System.Threading.Tasks.Task`1[Microsoft.AspNetCore.Mvc.IActionResult] Poll() on controller MatPoll.Controllers.PollController (MatPoll).
[2026-04-15 15:15:37.307 INF] Executed DbCommand (3ms) [Parameters=[@__typeMid_0='?' (Size = 32)], CommandType='"Text"', CommandTimeout='30']
SELECT CASE
    WHEN EXISTS (
        SELECT 1
        FROM [Mat_CommTrn] AS [m]
        WHERE [m].[TrnStat] = 1.0 AND [m].[TypeMID] = @__typeMid_0) THEN CAST(1 AS bit)
    ELSE CAST(0 AS bit)
END
[2026-04-15 15:15:37.313 INF] Executed DbCommand (5ms) [Parameters=[@__p_1='?' (DbType = Int32), @__typeMid_0='?' (Size = 32)], CommandType='"Text"', CommandTimeout='30']
SELECT TOP(@__p_1) [m].[TrnID], [m].[CreatedAt], [m].[MsgStr], [m].[RetryCnt], [m].[TrnStat], [m].[TypeMID]
FROM [Mat_CommTrn] AS [m]
WHERE [m].[TrnStat] = 0.0 AND [m].[TypeMID] = @__typeMid_0
ORDER BY [m].[TrnID]
[2026-04-15 15:15:37.322 INF] Executed DbCommand (6ms) [Parameters=[@p2='?' (Precision = 18) (DbType = Decimal), @p0='?' (Precision = 2) (DbType = Decimal), @p1='?' (Precision = 1) (DbType = Decimal), @p5='?' (Precision = 18) (DbType = Decimal), @p3='?' (Precision = 2) (DbType = Decimal), @p4='?' (Precision = 1) (DbType = Decimal), @p8='?' (Precision = 18) (DbType = Decimal), @p6='?' (Precision = 2) (DbType = Decimal), @p7='?' (Precision = 1) (DbType = Decimal)], CommandType='"Text"', CommandTimeout='30']
SET NOCOUNT ON;
UPDATE [Mat_CommTrn] SET [RetryCnt] = @p0, [TrnStat] = @p1
OUTPUT INSERTED.[CreatedAt]
WHERE [TrnID] = @p2;
UPDATE [Mat_CommTrn] SET [RetryCnt] = @p3, [TrnStat] = @p4
OUTPUT INSERTED.[CreatedAt]
WHERE [TrnID] = @p5;
UPDATE [Mat_CommTrn] SET [RetryCnt] = @p6, [TrnStat] = @p7
OUTPUT INSERTED.[CreatedAt]
WHERE [TrnID] = @p8;
[2026-04-15 15:15:37.329 INF] Executed DbCommand (3ms) [Parameters=[], CommandType='"Text"', CommandTimeout='30']
SELECT COUNT(*)
FROM [Mat_CommTrn] AS [m]
WHERE [m].[TrnStat] = 0.0
[2026-04-15 15:15:37.331 INF] [POLL ] TypeMID:d9c20d999ca0 DeviceID:15 Result:DATA_SENT RowsSent:3 TotalPending:6908 ReqTime:09:45:37.303 Duration:27ms
[2026-04-15 15:15:37.332 INF] Executing OkObjectResult, writing value of type 'MatPoll.DTOs.PollResponse'.
[2026-04-15 15:15:37.333 INF] Executed action MatPoll.Controllers.PollController.Poll (MatPoll) in 29.7664ms
[2026-04-15 15:15:37.333 INF] Executed endpoint 'MatPoll.Controllers.PollController.Poll (MatPoll)'
[2026-04-15 15:15:37.334 INF] Request finished HTTP/1.1 GET http://localhost:5000/api/poll - 200 null application/json; charset=utf-8 34.8987ms
[2026-04-15 15:15:39.337 INF] Request starting HTTP/1.1 POST http://localhost:5000/api/poll/ack - application/json; charset=utf-8 30
[2026-04-15 15:15:39.339 INF] Executing endpoint 'MatPoll.Controllers.PollController.Ack (MatPoll)'
[2026-04-15 15:15:39.340 INF] Route matched with {action = "Ack", controller = "Poll"}. Executing controller action with signature System.Threading.Tasks.Task`1[Microsoft.AspNetCore.Mvc.IActionResult] Ack(MatPoll.DTOs.AckRequest) on controller MatPoll.Controllers.PollController (MatPoll).
[2026-04-15 15:15:39.344 INF] Executed DbCommand (3ms) [Parameters=[@__trnIds_0='?' (Size = 4000), @__typeMid_1='?' (Size = 32)], CommandType='"Text"', CommandTimeout='30']
SELECT [m].[TrnID], [m].[CreatedAt], [m].[MsgStr], [m].[RetryCnt], [m].[TrnStat], [m].[TypeMID]
FROM [Mat_CommTrn] AS [m]
WHERE [m].[TrnID] IN (
    SELECT [t].[value]
    FROM OPENJSON(@__trnIds_0) WITH ([value] numeric(18,0) '$') AS [t]
) AND [m].[TypeMID] = @__typeMid_1 AND [m].[TrnStat] = 1.0
[2026-04-15 15:15:39.353 INF] Executed DbCommand (7ms) [Parameters=[@p1='?' (Precision = 18) (DbType = Decimal), @p0='?' (Precision = 1) (DbType = Decimal), @p3='?' (Precision = 18) (DbType = Decimal), @p2='?' (Precision = 1) (DbType = Decimal), @p5='?' (Precision = 18) (DbType = Decimal), @p4='?' (Precision = 1) (DbType = Decimal)], CommandType='"Text"', CommandTimeout='30']
SET NOCOUNT ON;
UPDATE [Mat_CommTrn] SET [TrnStat] = @p0
OUTPUT INSERTED.[CreatedAt]
WHERE [TrnID] = @p1;
UPDATE [Mat_CommTrn] SET [TrnStat] = @p2
OUTPUT INSERTED.[CreatedAt]
WHERE [TrnID] = @p3;
UPDATE [Mat_CommTrn] SET [TrnStat] = @p4
OUTPUT INSERTED.[CreatedAt]
WHERE [TrnID] = @p5;
[2026-04-15 15:15:39.358 INF] [ACK  ] TypeMID:d9c20d999ca0 DeviceID:15 TrnIDsSent:3 TrnIDsUpdated:3 TrnIDs:[30120,30121,30122] ReqTime:09:45:39.341 Duration:16ms
[2026-04-15 15:15:39.359 INF] Executing OkObjectResult, writing value of type 'MatPoll.DTOs.AckResponse'.
[2026-04-15 15:15:39.360 INF] Executed action MatPoll.Controllers.PollController.Ack (MatPoll) in 19.6122ms
[2026-04-15 15:15:39.361 INF] Executed endpoint 'MatPoll.Controllers.PollController.Ack (MatPoll)'
[2026-04-15 15:15:39.362 INF] Request finished HTTP/1.1 POST http://localhost:5000/api/poll/ack - 200 null application/json; charset=utf-8 24.327ms
[2026-04-15 15:15:47.372 INF] Request starting HTTP/1.1 GET http://localhost:5000/api/poll - null null
[2026-04-15 15:15:47.376 INF] Executing endpoint 'MatPoll.Controllers.PollController.Poll (MatPoll)'
[2026-04-15 15:15:47.377 INF] Route matched with {action = "Poll", controller = "Poll"}. Executing controller action with signature System.Threading.Tasks.Task`1[Microsoft.AspNetCore.Mvc.IActionResult] Poll() on controller MatPoll.Controllers.PollController (MatPoll).
[2026-04-15 15:15:47.382 INF] Executed DbCommand (3ms) [Parameters=[@__typeMid_0='?' (Size = 32)], CommandType='"Text"', CommandTimeout='30']
SELECT CASE
    WHEN EXISTS (
        SELECT 1
        FROM [Mat_CommTrn] AS [m]
        WHERE [m].[TrnStat] = 1.0 AND [m].[TypeMID] = @__typeMid_0) THEN CAST(1 AS bit)
    ELSE CAST(0 AS bit)
END
[2026-04-15 15:15:47.388 INF] Executed DbCommand (4ms) [Parameters=[@__p_1='?' (DbType = Int32), @__typeMid_0='?' (Size = 32)], CommandType='"Text"', CommandTimeout='30']
SELECT TOP(@__p_1) [m].[TrnID], [m].[CreatedAt], [m].[MsgStr], [m].[RetryCnt], [m].[TrnStat], [m].[TypeMID]
FROM [Mat_CommTrn] AS [m]
WHERE [m].[TrnStat] = 0.0 AND [m].[TypeMID] = @__typeMid_0
ORDER BY [m].[TrnID]
[2026-04-15 15:15:47.397 INF] Executed DbCommand (7ms) [Parameters=[@p2='?' (Precision = 18) (DbType = Decimal), @p0='?' (Precision = 2) (DbType = Decimal), @p1='?' (Precision = 1) (DbType = Decimal), @p5='?' (Precision = 18) (DbType = Decimal), @p3='?' (Precision = 2) (DbType = Decimal), @p4='?' (Precision = 1) (DbType = Decimal), @p8='?' (Precision = 18) (DbType = Decimal), @p6='?' (Precision = 2) (DbType = Decimal), @p7='?' (Precision = 1) (DbType = Decimal)], CommandType='"Text"', CommandTimeout='30']
SET NOCOUNT ON;
UPDATE [Mat_CommTrn] SET [RetryCnt] = @p0, [TrnStat] = @p1
OUTPUT INSERTED.[CreatedAt]
WHERE [TrnID] = @p2;
UPDATE [Mat_CommTrn] SET [RetryCnt] = @p3, [TrnStat] = @p4
OUTPUT INSERTED.[CreatedAt]
WHERE [TrnID] = @p5;
UPDATE [Mat_CommTrn] SET [RetryCnt] = @p6, [TrnStat] = @p7
OUTPUT INSERTED.[CreatedAt]
WHERE [TrnID] = @p8;
[2026-04-15 15:15:47.403 INF] Executed DbCommand (2ms) [Parameters=[], CommandType='"Text"', CommandTimeout='30']
SELECT COUNT(*)
FROM [Mat_CommTrn] AS [m]
WHERE [m].[TrnStat] = 0.0
[2026-04-15 15:15:47.404 INF] [POLL ] TypeMID:d9c20d999ca0 DeviceID:15 Result:DATA_SENT RowsSent:3 TotalPending:6905 ReqTime:09:45:47.378 Duration:25ms
[2026-04-15 15:15:47.405 INF] Executing OkObjectResult, writing value of type 'MatPoll.DTOs.PollResponse'.
[2026-04-15 15:15:47.406 INF] Executed action MatPoll.Controllers.PollController.Poll (MatPoll) in 27.8222ms
[2026-04-15 15:15:47.407 INF] Executed endpoint 'MatPoll.Controllers.PollController.Poll (MatPoll)'
[2026-04-15 15:15:47.407 INF] Request finished HTTP/1.1 GET http://localhost:5000/api/poll - 200 null application/json; charset=utf-8 35.4365ms
[2026-04-15 15:15:56.785 INF] Application is shutting down...
