22-04-2026 05:30:46.301 | WARN  | [] LOGIN | MISSING | Field=MACAddr | Hint=Device config is missing MAC address — login aborted
22-04-2026 05:30:46.301 | WARN  | [] RUN | Initial login failed — supervisor will retry; loops starting anyway
22-04-2026 05:30:51.302 | WARN  | [] LOGIN | MISSING | Field=MACAddr | Hint=Device config is missing MAC address — login aborted
22-04-2026 05:30:51.302 | WARN  | [] SUPERVISOR | Re-login did not restore connection | ConsecutiveFails=1
22-04-2026 05:31:01.305 | WARN  | [] LOGIN | MISSING | Field=MACAddr | Hint=Device config is missing MAC address — login aborted
22-04-2026 05:31:01.305 | WARN  | [] SUPERVISOR | Re-login did not restore connection | ConsecutiveFails=2
22-04-2026 05:31:21.317 | WARN  | [] LOGIN | MISSING | Field=MACAddr | Hint=Device config is missing MAC address — login aborted
22-04-2026 05:31:21.317 | WARN  | [] SUPERVISOR | Re-login did not restore connection | ConsecutiveFails=3
22-04-2026 05:31:51.321 | WARN  | [] LOGIN | MISSING | Field=MACAddr | Hint=Device config is missing MAC address — login aborted
22-04-2026 05:31:51.321 | WARN  | [] SUPERVISOR | Re-login did not restore connection | ConsecutiveFails=4
22-04-2026 05:32:51.328 | WARN  | [] LOGIN | MISSING | Field=MACAddr | Hint=Device config is missing MAC address — login aborted
22-04-2026 05:32:51.328 | WARN  | [] SUPERVISOR | Re-login did not restore connection | ConsecutiveFails=5
22-04-2026 05:33:51.337 | WARN  | [] LOGIN | MISSING | Field=MACAddr | Hint=Device config is missing MAC address — login aborted
22-04-2026 05:33:51.337 | WARN  | [] SUPERVISOR | Re-login did not restore connection | ConsecutiveFails=6
22-04-2026 05:34:51.347 | WARN  | [] LOGIN | MISSING | Field=MACAddr | Hint=Device config is missing MAC address — login aborted
22-04-2026 05:34:51.347 | WARN  | [] SUPERVISOR | Re-login did not restore connection | ConsecutiveFails=7
22-04-2026 05:35:51.360 | WARN  | [] LOGIN | MISSING | Field=MACAddr | Hint=Device config is missing MAC address — login aborted
22-04-2026 05:35:51.360 | WARN  | [] SUPERVISOR | Re-login did not restore connection | ConsecutiveFails=8
22-04-2026 05:37:21.993 | ERROR | [mirrored] [00:1B:09:00:00:00] BULK-EVENT Batch=5/5 | SEND-FAILED | No connection could be made because the target machine actively refused it. (localhost:5000) | URI=http://localhost:5000/api/poll/events/bulk
22-04-2026 05:37:21.993 | ERROR | [mirrored] [00:1B:09:00:00:00] BULK-EVENT | Batch=5 | HTTP-ERROR | No connection could be made because the target machine actively refused it. (localhost:5000)
22-04-2026 05:37:26.190 | ERROR | [mirrored] [00:1B:09:00:00:00] POLL | SEND-FAILED | No connection could be made because the target machine actively refused it. (localhost:5000) | URI=http://localhost:5000/api/poll
22-04-2026 05:37:26.190 | ERROR | [mirrored] [00:1B:09:00:00:00] POLL | HTTP-ERROR | No connection could be made because the target machine actively refused it. (localhost:5000)
22-04-2026 05:37:28.233 | ERROR | [mirrored] [00:1B:09:00:00:00] BULK-EVENT Batch=1/50 | SEND-FAILED | No connection could be made because the target machine actively refused it. (localhost:5000) | URI=http://localhost:5000/api/poll/events/bulk
22-04-2026 05:37:28.234 | ERROR | [mirrored] [00:1B:09:00:00:00] BULK-EVENT | Batch=1 | HTTP-ERROR | No connection could be made because the target machine actively refused it. (localhost:5000)
22-04-2026 05:37:31.207 | ERROR | [mirrored] [00:1B:09:00:00:00] BULK-EVENT Batch=1/5 | SEND-FAILED | No connection could be made because the target machine actively refused it. (localhost:5000) | URI=http://localhost:5000/api/poll/events/bulk
22-04-2026 05:37:31.207 | ERROR | [mirrored] [00:1B:09:00:00:00] BULK-EVENT | Batch=1 | HTTP-ERROR | No connection could be made because the target machine actively refused it. (localhost:5000)
22-04-2026 05:37:32.442 | ERROR | [mirrored] [00:1B:09:00:00:00] BULK-EVENT Batch=2/50 | SEND-FAILED | No connection could be made because the target machine actively refused it. (localhost:5000) | URI=http://localhost:5000/api/poll/events/bulk
22-04-2026 05:37:32.442 | ERROR | [mirrored] [00:1B:09:00:00:00] BULK-EVENT | Batch=2 | HTTP-ERROR | No connection could be made because the target machine actively refused it. (localhost:5000)
22-04-2026 05:37:35.411 | ERROR | [mirrored] [00:1B:09:00:00:00] BULK-EVENT Batch=2/5 | SEND-FAILED | No connection could be made because the target machine actively refused it. (localhost:5000) | URI=http://localhost:5000/api/poll/events/bulk
22-04-2026 05:37:35.411 | ERROR | [mirrored] [00:1B:09:00:00:00] BULK-EVENT | Batch=2 | HTTP-ERROR | No connection could be made because the target machine actively refused it. (localhost:5000)
22-04-2026 05:37:36.634 | ERROR | [mirrored] [00:1B:09:00:00:00] BULK-EVENT Batch=3/50 | SEND-FAILED | No connection could be made because the target machine actively refused it. (localhost:5000) | URI=http://localhost:5000/api/poll/events/bulk
22-04-2026 05:37:36.634 | ERROR | [mirrored] [00:1B:09:00:00:00] BULK-EVENT | Batch=3 | HTTP-ERROR | No connection could be made because the target machine actively refused it. (localhost:5000)
22-04-2026 05:37:38.299 | ERROR | [mirrored] [00:1B:09:00:00:00] POLL | SEND-FAILED | No connection could be made because the target machine actively refused it. (localhost:5000) | URI=http://localhost:5000/api/poll
22-04-2026 05:37:38.299 | ERROR | [mirrored] [00:1B:09:00:00:00] POLL | HTTP-ERROR | No connection could be made because the target machine actively refused it. (localhost:5000)
22-04-2026 05:37:39.594 | ERROR | [mirrored] [00:1B:09:00:00:00] BULK-EVENT Batch=3/5 | SEND-FAILED | No connection could be made because the target machine actively refused it. (localhost:5000) | URI=http://localhost:5000/api/poll/events/bulk
22-04-2026 05:37:39.595 | ERROR | [mirrored] [00:1B:09:00:00:00] BULK-EVENT | Batch=3 | HTTP-ERROR | No connection could be made because the target machine actively refused it. (localhost:5000)
22-04-2026 05:37:40.854 | ERROR | [mirrored] [00:1B:09:00:00:00] BULK-EVENT Batch=4/50 | SEND-FAILED | No connection could be made because the target machine actively refused it. (localhost:5000) | URI=http://localhost:5000/api/poll/events/bulk
22-04-2026 05:37:40.854 | ERROR | [mirrored] [00:1B:09:00:00:00] BULK-EVENT | Batch=4 | HTTP-ERROR | No connection could be made because the target machine actively refused it. (localhost:5000)
22-04-2026 05:37:43.790 | ERROR | [mirrored] [00:1B:09:00:00:00] BULK-EVENT Batch=4/5 | SEND-FAILED | No connection could be made because the target machine actively refused it. (localhost:5000) | URI=http://localhost:5000/api/poll/events/bulk
22-04-2026 05:37:43.790 | ERROR | [mirrored] [00:1B:09:00:00:00] BULK-EVENT | Batch=4 | HTTP-ERROR | No connection could be made because the target machine actively refused it. (localhost:5000)
22-04-2026 05:37:45.047 | ERROR | [mirrored] [00:1B:09:00:00:00] BULK-EVENT Batch=5/50 | SEND-FAILED | No connection could be made because the target machine actively refused it. (localhost:5000) | URI=http://localhost:5000/api/poll/events/bulk
22-04-2026 05:37:45.047 | ERROR | [mirrored] [00:1B:09:00:00:00] BULK-EVENT | Batch=5 | HTTP-ERROR | No connection could be made because the target machine actively refused it. (localhost:5000)
22-04-2026 05:37:47.986 | ERROR | [mirrored] [00:1B:09:00:00:00] BULK-EVENT Batch=5/5 | SEND-FAILED | No connection could be made because the target machine actively refused it. (localhost:5000) | URI=http://localhost:5000/api/poll/events/bulk
22-04-2026 05:37:47.986 | ERROR | [mirrored] [00:1B:09:00:00:00] BULK-EVENT | Batch=5 | HTTP-ERROR | No connection could be made because the target machine actively refused it. (localhost:5000)
22-04-2026 05:37:49.249 | ERROR | [mirrored] [00:1B:09:00:00:00] BULK-EVENT Batch=6/50 | SEND-FAILED | No connection could be made because the target machine actively refused it. (localhost:5000) | URI=http://localhost:5000/api/poll/events/bulk
22-04-2026 05:37:49.249 | ERROR | [mirrored] [00:1B:09:00:00:00] BULK-EVENT | Batch=6 | HTTP-ERROR | No connection could be made because the target machine actively refused it. (localhost:5000)
22-04-2026 05:37:50.400 | ERROR | [mirrored] [00:1B:09:00:00:00] POLL | SEND-FAILED | No connection could be made because the target machine actively refused it. (localhost:5000) | URI=http://localhost:5000/api/poll
22-04-2026 05:37:50.400 | ERROR | [mirrored] [00:1B:09:00:00:00] POLL | HTTP-ERROR | No connection could be made because the target machine actively refused it. (localhost:5000)
22-04-2026 05:37:53.446 | ERROR | [mirrored] [00:1B:09:00:00:00] BULK-EVENT Batch=7/50 | SEND-FAILED | No connection could be made because the target machine actively refused it. (localhost:5000) | URI=http://localhost:5000/api/poll/events/bulk
22-04-2026 05:37:53.446 | ERROR | [mirrored] [00:1B:09:00:00:00] BULK-EVENT | Batch=7 | HTTP-ERROR | No connection could be made because the target machine actively refused it. (localhost:5000)
22-04-2026 05:37:57.207 | ERROR | [mirrored] [00:1B:09:00:00:00] BULK-EVENT Batch=1/5 | SEND-FAILED | No connection could be made because the target machine actively refused it. (localhost:5000) | URI=http://localhost:5000/api/poll/events/bulk
22-04-2026 05:37:57.207 | ERROR | [mirrored] [00:1B:09:00:00:00] BULK-EVENT | Batch=1 | HTTP-ERROR | No connection could be made because the target machine actively refused it. (localhost:5000)
22-04-2026 05:37:57.657 | ERROR | [mirrored] [00:1B:09:00:00:00] BULK-EVENT Batch=8/50 | SEND-FAILED | No connection could be made because the target machine actively refused it. (localhost:5000) | URI=http://localhost:5000/api/poll/events/bulk
22-04-2026 05:37:57.657 | ERROR | [mirrored] [00:1B:09:00:00:00] BULK-EVENT | Batch=8 | HTTP-ERROR | No connection could be made because the target machine actively refused it. (localhost:5000)
22-04-2026 05:38:01.381 | ERROR | [mirrored] [00:1B:09:00:00:00] BULK-EVENT Batch=2/5 | SEND-FAILED | No connection could be made because the target machine actively refused it. (localhost:5000) | URI=http://localhost:5000/api/poll/events/bulk
22-04-2026 05:38:01.381 | ERROR | [mirrored] [00:1B:09:00:00:00] BULK-EVENT | Batch=2 | HTTP-ERROR | No connection could be made because the target machine actively refused it. (localhost:5000)
22-04-2026 05:38:01.848 | ERROR | [mirrored] [00:1B:09:00:00:00] BULK-EVENT Batch=9/50 | SEND-FAILED | No connection could be made because the target machine actively refused it. (localhost:5000) | URI=http://localhost:5000/api/poll/events/bulk
22-04-2026 05:38:01.848 | ERROR | [mirrored] [00:1B:09:00:00:00] BULK-EVENT | Batch=9 | HTTP-ERROR | No connection could be made because the target machine actively refused it. (localhost:5000)
22-04-2026 05:38:02.495 | ERROR | [mirrored] [00:1B:09:00:00:00] POLL | SEND-FAILED | No connection could be made because the target machine actively refused it. (localhost:5000) | URI=http://localhost:5000/api/poll
22-04-2026 05:38:02.495 | ERROR | [mirrored] [00:1B:09:00:00:00] POLL | HTTP-ERROR | No connection could be made because the target machine actively refused it. (localhost:5000)
22-04-2026 05:38:05.585 | ERROR | [mirrored] [00:1B:09:00:00:00] BULK-EVENT Batch=3/5 | SEND-FAILED | No connection could be made because the target machine actively refused it. (localhost:5000) | URI=http://localhost:5000/api/poll/events/bulk
22-04-2026 05:38:05.585 | ERROR | [mirrored] [00:1B:09:00:00:00] BULK-EVENT | Batch=3 | HTTP-ERROR | No connection could be made because the target machine actively refused it. (localhost:5000)
22-04-2026 05:38:06.039 | ERROR | [mirrored] [00:1B:09:00:00:00] BULK-EVENT Batch=10/50 | SEND-FAILED | No connection could be made because the target machine actively refused it. (localhost:5000) | URI=http://localhost:5000/api/poll/events/bulk
22-04-2026 05:38:06.039 | ERROR | [mirrored] [00:1B:09:00:00:00] BULK-EVENT | Batch=10 | HTTP-ERROR | No connection could be made because the target machine actively refused it. (localhost:5000)
22-04-2026 05:38:09.777 | ERROR | [mirrored] [00:1B:09:00:00:00] BULK-EVENT Batch=4/5 | SEND-FAILED | No connection could be made because the target machine actively refused it. (localhost:5000) | URI=http://localhost:5000/api/poll/events/bulk
22-04-2026 05:38:09.777 | ERROR | [mirrored] [00:1B:09:00:00:00] BULK-EVENT | Batch=4 | HTTP-ERROR | No connection could be made because the target machine actively refused it. (localhost:5000)
22-04-2026 05:38:10.223 | ERROR | [mirrored] [00:1B:09:00:00:00] BULK-EVENT Batch=11/50 | SEND-FAILED | No connection could be made because the target machine actively refused it. (localhost:5000) | URI=http://localhost:5000/api/poll/events/bulk
22-04-2026 05:38:10.223 | ERROR | [mirrored] [00:1B:09:00:00:00] BULK-EVENT | Batch=11 | HTTP-ERROR | No connection could be made because the target machine actively refused it. (localhost:5000)
22-04-2026 05:38:13.957 | ERROR | [mirrored] [00:1B:09:00:00:00] TOKEN-REFRESH | SEND-FAILED | No connection could be made because the target machine actively refused it. (localhost:5000) | URI=http://localhost:5000/api/auth/refresh
22-04-2026 05:38:13.957 | ERROR | [mirrored] [00:1B:09:00:00:00] TOKEN-REFRESH | EXCEPTION | HttpRequestException: No connection could be made because the target machine actively refused it. (localhost:5000)
22-04-2026 05:38:13.972 | ERROR | [mirrored] [00:1B:09:00:00:00] BULK-EVENT Batch=5/5 | SEND-FAILED | No connection could be made because the target machine actively refused it. (localhost:5000) | URI=http://localhost:5000/api/poll/events/bulk
22-04-2026 05:38:13.972 | ERROR | [mirrored] [00:1B:09:00:00:00] BULK-EVENT | Batch=5 | HTTP-ERROR | No connection could be made because the target machine actively refused it. (localhost:5000)
22-04-2026 05:38:14.418 | ERROR | [mirrored] [00:1B:09:00:00:00] BULK-EVENT Batch=12/50 | SEND-FAILED | No connection could be made because the target machine actively refused it. (localhost:5000) | URI=http://localhost:5000/api/poll/events/bulk
22-04-2026 05:38:14.418 | ERROR | [mirrored] [00:1B:09:00:00:00] BULK-EVENT | Batch=12 | HTTP-ERROR | No connection could be made because the target machine actively refused it. (localhost:5000)
22-04-2026 05:38:14.591 | ERROR | [mirrored] [00:1B:09:00:00:00] POLL | SEND-FAILED | No connection could be made because the target machine actively refused it. (localhost:5000) | URI=http://localhost:5000/api/poll
22-04-2026 05:38:14.591 | ERROR | [mirrored] [00:1B:09:00:00:00] POLL | HTTP-ERROR | No connection could be made because the target machine actively refused it. (localhost:5000)
22-04-2026 05:38:18.602 | ERROR | [mirrored] [00:1B:09:00:00:00] BULK-EVENT Batch=13/50 | SEND-FAILED | No connection could be made because the target machine actively refused it. (localhost:5000) | URI=http://localhost:5000/api/poll/events/bulk
22-04-2026 05:38:18.602 | ERROR | [mirrored] [00:1B:09:00:00:00] BULK-EVENT | Batch=13 | HTTP-ERROR | No connection could be made because the target machine actively refused it. (localhost:5000)
22-04-2026 05:38:22.799 | ERROR | [mirrored] [00:1B:09:00:00:00] BULK-EVENT Batch=14/50 | SEND-FAILED | No connection could be made because the target machine actively refused it. (localhost:5000) | URI=http://localhost:5000/api/poll/events/bulk
22-04-2026 05:38:22.800 | ERROR | [mirrored] [00:1B:09:00:00:00] BULK-EVENT | Batch=14 | HTTP-ERROR | No connection could be made because the target machine actively refused it. (localhost:5000)
22-04-2026 05:38:23.173 | ERROR | [mirrored] [00:1B:09:00:00:00] BULK-EVENT Batch=1/5 | SEND-FAILED | No connection could be made because the target machine actively refused it. (localhost:5000) | URI=http://localhost:5000/api/poll/events/bulk
22-04-2026 05:38:23.173 | ERROR | [mirrored] [00:1B:09:00:00:00] BULK-EVENT | Batch=1 | HTTP-ERROR | No connection could be made because the target machine actively refused it. (localhost:5000)
22-04-2026 05:38:26.701 | ERROR | [mirrored] [00:1B:09:00:00:00] POLL | SEND-FAILED | No connection could be made because the target machine actively refused it. (localhost:5000) | URI=http://localhost:5000/api/poll
22-04-2026 05:38:26.701 | ERROR | [mirrored] [00:1B:09:00:00:00] POLL | HTTP-ERROR | No connection could be made because the target machine actively refused it. (localhost:5000)
22-04-2026 05:38:26.983 | ERROR | [mirrored] [00:1B:09:00:00:00] BULK-EVENT Batch=15/50 | SEND-FAILED | No connection could be made because the target machine actively refused it. (localhost:5000) | URI=http://localhost:5000/api/poll/events/bulk
22-04-2026 05:38:26.983 | ERROR | [mirrored] [00:1B:09:00:00:00] BULK-EVENT | Batch=15 | HTTP-ERROR | No connection could be made because the target machine actively refused it. (localhost:5000)
22-04-2026 05:38:27.373 | ERROR | [mirrored] [00:1B:09:00:00:00] BULK-EVENT Batch=2/5 | SEND-FAILED | No connection could be made because the target machine actively refused it. (localhost:5000) | URI=http://localhost:5000/api/poll/events/bulk
22-04-2026 05:38:27.373 | ERROR | [mirrored] [00:1B:09:00:00:00] BULK-EVENT | Batch=2 | HTTP-ERROR | No connection could be made because the target machine actively refused it. (localhost:5000)
22-04-2026 05:38:31.180 | ERROR | [mirrored] [00:1B:09:00:00:00] BULK-EVENT Batch=16/50 | SEND-FAILED | No connection could be made because the target machine actively refused it. (localhost:5000) | URI=http://localhost:5000/api/poll/events/bulk
22-04-2026 05:38:31.180 | ERROR | [mirrored] [00:1B:09:00:00:00] BULK-EVENT | Batch=16 | HTTP-ERROR | No connection could be made because the target machine actively refused it. (localhost:5000)
22-04-2026 05:38:31.552 | ERROR | [mirrored] [00:1B:09:00:00:00] BULK-EVENT Batch=3/5 | SEND-FAILED | No connection could be made because the target machine actively refused it. (localhost:5000) | URI=http://localhost:5000/api/poll/events/bulk
22-04-2026 05:38:31.552 | ERROR | [mirrored] [00:1B:09:00:00:00] BULK-EVENT | Batch=3 | HTTP-ERROR | No connection could be made because the target machine actively refused it. (localhost:5000)
22-04-2026 05:38:35.362 | ERROR | [mirrored] [00:1B:09:00:00:00] BULK-EVENT Batch=17/50 | SEND-FAILED | No connection could be made because the target machine actively refused it. (localhost:5000) | URI=http://localhost:5000/api/poll/events/bulk
22-04-2026 05:38:35.362 | ERROR | [mirrored] [00:1B:09:00:00:00] BULK-EVENT | Batch=17 | HTTP-ERROR | No connection could be made because the target machine actively refused it. (localhost:5000)
22-04-2026 05:38:35.721 | ERROR | [mirrored] [00:1B:09:00:00:00] BULK-EVENT Batch=4/5 | SEND-FAILED | No connection could be made because the target machine actively refused it. (localhost:5000) | URI=http://localhost:5000/api/poll/events/bulk
22-04-2026 05:38:35.721 | ERROR | [mirrored] [00:1B:09:00:00:00] BULK-EVENT | Batch=4 | HTTP-ERROR | No connection could be made because the target machine actively refused it. (localhost:5000)
22-04-2026 05:38:38.791 | ERROR | [mirrored] [00:1B:09:00:00:00] POLL | SEND-FAILED | No connection could be made because the target machine actively refused it. (localhost:5000) | URI=http://localhost:5000/api/poll
22-04-2026 05:38:38.791 | ERROR | [mirrored] [00:1B:09:00:00:00] POLL | HTTP-ERROR | No connection could be made because the target machine actively refused it. (localhost:5000)
22-04-2026 05:38:39.561 | ERROR | [mirrored] [00:1B:09:00:00:00] BULK-EVENT Batch=18/50 | SEND-FAILED | No connection could be made because the target machine actively refused it. (localhost:5000) | URI=http://localhost:5000/api/poll/events/bulk
22-04-2026 05:38:39.561 | ERROR | [mirrored] [00:1B:09:00:00:00] BULK-EVENT | Batch=18 | HTTP-ERROR | No connection could be made because the target machine actively refused it. (localhost:5000)
22-04-2026 05:38:39.919 | ERROR | [mirrored] [00:1B:09:00:00:00] BULK-EVENT Batch=5/5 | SEND-FAILED | No connection could be made because the target machine actively refused it. (localhost:5000) | URI=http://localhost:5000/api/poll/events/bulk
22-04-2026 05:38:39.919 | ERROR | [mirrored] [00:1B:09:00:00:00] BULK-EVENT | Batch=5 | HTTP-ERROR | No connection could be made because the target machine actively refused it. (localhost:5000)
22-04-2026 05:38:43.745 | ERROR | [mirrored] [00:1B:09:00:00:00] BULK-EVENT Batch=19/50 | SEND-FAILED | No connection could be made because the target machine actively refused it. (localhost:5000) | URI=http://localhost:5000/api/poll/events/bulk
22-04-2026 05:38:43.745 | ERROR | [mirrored] [00:1B:09:00:00:00] BULK-EVENT | Batch=19 | HTTP-ERROR | No connection could be made because the target machine actively refused it. (localhost:5000)
22-04-2026 05:38:47.946 | ERROR | [mirrored] [00:1B:09:00:00:00] BULK-EVENT Batch=20/50 | SEND-FAILED | No connection could be made because the target machine actively refused it. (localhost:5000) | URI=http://localhost:5000/api/poll/events/bulk
22-04-2026 05:38:47.946 | ERROR | [mirrored] [00:1B:09:00:00:00] BULK-EVENT | Batch=20 | HTTP-ERROR | No connection could be made because the target machine actively refused it. (localhost:5000)
22-04-2026 05:38:48.057 | ERROR | [mirrored] [00:1B:09:00:00:00] TOKEN-REFRESH | SEND-FAILED | No connection could be made because the target machine actively refused it. (localhost:5000) | URI=http://localhost:5000/api/auth/refresh
22-04-2026 05:38:48.057 | ERROR | [mirrored] [00:1B:09:00:00:00] TOKEN-REFRESH | EXCEPTION | HttpRequestException: No connection could be made because the target machine actively refused it. (localhost:5000)
22-04-2026 05:38:49.117 | ERROR | [mirrored] [00:1B:09:00:00:00] BULK-EVENT Batch=1/5 | SEND-FAILED | No connection could be made because the target machine actively refused it. (localhost:5000) | URI=http://localhost:5000/api/poll/events/bulk
22-04-2026 05:38:49.118 | ERROR | [mirrored] [00:1B:09:00:00:00] BULK-EVENT | Batch=1 | HTTP-ERROR | No connection could be made because the target machine actively refused it. (localhost:5000)
22-04-2026 05:38:50.872 | ERROR | [mirrored] [00:1B:09:00:00:00] POLL | SEND-FAILED | No connection could be made because the target machine actively refused it. (localhost:5000) | URI=http://localhost:5000/api/poll
22-04-2026 05:38:50.872 | ERROR | [mirrored] [00:1B:09:00:00:00] POLL | HTTP-ERROR | No connection could be made because the target machine actively refused it. (localhost:5000)
22-04-2026 05:38:52.136 | ERROR | [mirrored] [00:1B:09:00:00:00] BULK-EVENT Batch=21/50 | SEND-FAILED | No connection could be made because the target machine actively refused it. (localhost:5000) | URI=http://localhost:5000/api/poll/events/bulk
22-04-2026 05:38:52.136 | ERROR | [mirrored] [00:1B:09:00:00:00] BULK-EVENT | Batch=21 | HTTP-ERROR | No connection could be made because the target machine actively refused it. (localhost:5000)
22-04-2026 05:38:53.319 | ERROR | [mirrored] [00:1B:09:00:00:00] BULK-EVENT Batch=2/5 | SEND-FAILED | No connection could be made because the target machine actively refused it. (localhost:5000) | URI=http://localhost:5000/api/poll/events/bulk
22-04-2026 05:38:53.320 | ERROR | [mirrored] [00:1B:09:00:00:00] BULK-EVENT | Batch=2 | HTTP-ERROR | No connection could be made because the target machine actively refused it. (localhost:5000)
22-04-2026 05:38:56.354 | ERROR | [mirrored] [00:1B:09:00:00:00] BULK-EVENT Batch=22/50 | SEND-FAILED | No connection could be made because the target machine actively refused it. (localhost:5000) | URI=http://localhost:5000/api/poll/events/bulk
22-04-2026 05:38:56.354 | ERROR | [mirrored] [00:1B:09:00:00:00] BULK-EVENT | Batch=22 | HTTP-ERROR | No connection could be made because the target machine actively refused it. (localhost:5000)
22-04-2026 05:38:57.531 | ERROR | [mirrored] [00:1B:09:00:00:00] BULK-EVENT Batch=3/5 | SEND-FAILED | No connection could be made because the target machine actively refused it. (localhost:5000) | URI=http://localhost:5000/api/poll/events/bulk
22-04-2026 05:38:57.531 | ERROR | [mirrored] [00:1B:09:00:00:00] BULK-EVENT | Batch=3 | HTTP-ERROR | No connection could be made because the target machine actively refused it. (localhost:5000)
22-04-2026 05:39:00.530 | ERROR | [mirrored] [00:1B:09:00:00:00] BULK-EVENT Batch=23/50 | SEND-FAILED | No connection could be made because the target machine actively refused it. (localhost:5000) | URI=http://localhost:5000/api/poll/events/bulk
22-04-2026 05:39:00.530 | ERROR | [mirrored] [00:1B:09:00:00:00] BULK-EVENT | Batch=23 | HTTP-ERROR | No connection could be made because the target machine actively refused it. (localhost:5000)
22-04-2026 05:39:01.744 | ERROR | [mirrored] [00:1B:09:00:00:00] BULK-EVENT Batch=4/5 | SEND-FAILED | No connection could be made because the target machine actively refused it. (localhost:5000) | URI=http://localhost:5000/api/poll/events/bulk
22-04-2026 05:39:01.744 | ERROR | [mirrored] [00:1B:09:00:00:00] BULK-EVENT | Batch=4 | HTTP-ERROR | No connection could be made because the target machine actively refused it. (localhost:5000)
22-04-2026 05:39:02.959 | ERROR | [mirrored] [00:1B:09:00:00:00] POLL | SEND-FAILED | No connection could be made because the target machine actively refused it. (localhost:5000) | URI=http://localhost:5000/api/poll
22-04-2026 05:39:02.959 | ERROR | [mirrored] [00:1B:09:00:00:00] POLL | HTTP-ERROR | No connection could be made because the target machine actively refused it. (localhost:5000)
22-04-2026 05:39:04.719 | ERROR | [mirrored] [00:1B:09:00:00:00] BULK-EVENT Batch=24/50 | SEND-FAILED | No connection could be made because the target machine actively refused it. (localhost:5000) | URI=http://localhost:5000/api/poll/events/bulk
22-04-2026 05:39:04.719 | ERROR | [mirrored] [00:1B:09:00:00:00] BULK-EVENT | Batch=24 | HTTP-ERROR | No connection could be made because the target machine actively refused it. (localhost:5000)
22-04-2026 05:39:05.934 | ERROR | [mirrored] [00:1B:09:00:00:00] BULK-EVENT Batch=5/5 | SEND-FAILED | No connection could be made because the target machine actively refused it. (localhost:5000) | URI=http://localhost:5000/api/poll/events/bulk
22-04-2026 05:39:05.934 | ERROR | [mirrored] [00:1B:09:00:00:00] BULK-EVENT | Batch=5 | HTTP-ERROR | No connection could be made because the target machine actively refused it. (localhost:5000)
22-04-2026 05:39:08.879 | ERROR | [mirrored] [00:1B:09:00:00:00] BULK-EVENT Batch=25/50 | SEND-FAILED | No connection could be made because the target machine actively refused it. (localhost:5000) | URI=http://localhost:5000/api/poll/events/bulk
22-04-2026 05:39:08.879 | ERROR | [mirrored] [00:1B:09:00:00:00] BULK-EVENT | Batch=25 | HTTP-ERROR | No connection could be made because the target machine actively refused it. (localhost:5000)
22-04-2026 05:39:13.066 | ERROR | [mirrored] [00:1B:09:00:00:00] BULK-EVENT Batch=26/50 | SEND-FAILED | No connection could be made because the target machine actively refused it. (localhost:5000) | URI=http://localhost:5000/api/poll/events/bulk
22-04-2026 05:39:13.066 | ERROR | [mirrored] [00:1B:09:00:00:00] BULK-EVENT | Batch=26 | HTTP-ERROR | No connection could be made because the target machine actively refused it. (localhost:5000)
22-04-2026 05:39:15.035 | ERROR | [mirrored] [00:1B:09:00:00:00] POLL | SEND-FAILED | No connection could be made because the target machine actively refused it. (localhost:5000) | URI=http://localhost:5000/api/poll
22-04-2026 05:39:15.035 | ERROR | [mirrored] [00:1B:09:00:00:00] POLL | HTTP-ERROR | No connection could be made because the target machine actively refused it. (localhost:5000)
22-04-2026 05:39:15.142 | ERROR | [mirrored] [00:1B:09:00:00:00] BULK-EVENT Batch=1/5 | SEND-FAILED | No connection could be made because the target machine actively refused it. (localhost:5000) | URI=http://localhost:5000/api/poll/events/bulk
22-04-2026 05:39:15.142 | ERROR | [mirrored] [00:1B:09:00:00:00] BULK-EVENT | Batch=1 | HTTP-ERROR | No connection could be made because the target machine actively refused it. (localhost:5000)
22-04-2026 05:39:17.255 | ERROR | [mirrored] [00:1B:09:00:00:00] BULK-EVENT Batch=27/50 | SEND-FAILED | No connection could be made because the target machine actively refused it. (localhost:5000) | URI=http://localhost:5000/api/poll/events/bulk
22-04-2026 05:39:17.255 | ERROR | [mirrored] [00:1B:09:00:00:00] BULK-EVENT | Batch=27 | HTTP-ERROR | No connection could be made because the target machine actively refused it. (localhost:5000)
22-04-2026 05:39:18.068 | WARN  | [00:1B:09:00:00:00] TOKEN-REFRESH | Token already EXPIRED (9s ago) — refreshing urgently
22-04-2026 05:39:19.343 | ERROR | [mirrored] [00:1B:09:00:00:00] BULK-EVENT Batch=2/5 | SEND-FAILED | No connection could be made because the target machine actively refused it. (localhost:5000) | URI=http://localhost:5000/api/poll/events/bulk
22-04-2026 05:39:19.343 | ERROR | [mirrored] [00:1B:09:00:00:00] BULK-EVENT | Batch=2 | HTTP-ERROR | No connection could be made because the target machine actively refused it. (localhost:5000)
22-04-2026 05:39:21.466 | ERROR | [mirrored] [00:1B:09:00:00:00] BULK-EVENT Batch=28/50 | SEND-FAILED | No connection could be made because the target machine actively refused it. (localhost:5000) | URI=http://localhost:5000/api/poll/events/bulk
22-04-2026 05:39:21.466 | ERROR | [mirrored] [00:1B:09:00:00:00] BULK-EVENT | Batch=28 | HTTP-ERROR | No connection could be made because the target machine actively refused it. (localhost:5000)
22-04-2026 05:39:22.146 | ERROR | [mirrored] [00:1B:09:00:00:00] TOKEN-REFRESH | SEND-FAILED | No connection could be made because the target machine actively refused it. (localhost:5000) | URI=http://localhost:5000/api/auth/refresh
22-04-2026 05:39:22.146 | ERROR | [mirrored] [00:1B:09:00:00:00] TOKEN-REFRESH | EXCEPTION | HttpRequestException: No connection could be made because the target machine actively refused it. (localhost:5000)
22-04-2026 05:39:23.537 | ERROR | [mirrored] [00:1B:09:00:00:00] BULK-EVENT Batch=3/5 | SEND-FAILED | No connection could be made because the target machine actively refused it. (localhost:5000) | URI=http://localhost:5000/api/poll/events/bulk
22-04-2026 05:39:23.537 | ERROR | [mirrored] [00:1B:09:00:00:00] BULK-EVENT | Batch=3 | HTTP-ERROR | No connection could be made because the target machine actively refused it. (localhost:5000)
22-04-2026 05:39:25.678 | ERROR | [mirrored] [00:1B:09:00:00:00] BULK-EVENT Batch=29/50 | SEND-FAILED | No connection could be made because the target machine actively refused it. (localhost:5000) | URI=http://localhost:5000/api/poll/events/bulk
22-04-2026 05:39:25.678 | ERROR | [mirrored] [00:1B:09:00:00:00] BULK-EVENT | Batch=29 | HTTP-ERROR | No connection could be made because the target machine actively refused it. (localhost:5000)
22-04-2026 05:39:27.125 | ERROR | [mirrored] [00:1B:09:00:00:00] POLL | SEND-FAILED | No connection could be made because the target machine actively refused it. (localhost:5000) | URI=http://localhost:5000/api/poll
22-04-2026 05:39:27.125 | ERROR | [mirrored] [00:1B:09:00:00:00] POLL | HTTP-ERROR | No connection could be made because the target machine actively refused it. (localhost:5000)
22-04-2026 05:39:27.751 | ERROR | [mirrored] [00:1B:09:00:00:00] BULK-EVENT Batch=4/5 | SEND-FAILED | No connection could be made because the target machine actively refused it. (localhost:5000) | URI=http://localhost:5000/api/poll/events/bulk
22-04-2026 05:39:27.751 | ERROR | [mirrored] [00:1B:09:00:00:00] BULK-EVENT | Batch=4 | HTTP-ERROR | No connection could be made because the target machine actively refused it. (localhost:5000)
22-04-2026 05:39:29.870 | ERROR | [mirrored] [00:1B:09:00:00:00] BULK-EVENT Batch=30/50 | SEND-FAILED | No connection could be made because the target machine actively refused it. (localhost:5000) | URI=http://localhost:5000/api/poll/events/bulk
22-04-2026 05:39:29.870 | ERROR | [mirrored] [00:1B:09:00:00:00] BULK-EVENT | Batch=30 | HTTP-ERROR | No connection could be made because the target machine actively refused it. (localhost:5000)
22-04-2026 05:39:31.954 | ERROR | [mirrored] [00:1B:09:00:00:00] BULK-EVENT Batch=5/5 | SEND-FAILED | No connection could be made because the target machine actively refused it. (localhost:5000) | URI=http://localhost:5000/api/poll/events/bulk
22-04-2026 05:39:31.954 | ERROR | [mirrored] [00:1B:09:00:00:00] BULK-EVENT | Batch=5 | HTTP-ERROR | No connection could be made because the target machine actively refused it. (localhost:5000)
22-04-2026 05:39:34.035 | ERROR | [mirrored] [00:1B:09:00:00:00] BULK-EVENT Batch=31/50 | SEND-FAILED | No connection could be made because the target machine actively refused it. (localhost:5000) | URI=http://localhost:5000/api/poll/events/bulk
22-04-2026 05:39:34.035 | ERROR | [mirrored] [00:1B:09:00:00:00] BULK-EVENT | Batch=31 | HTTP-ERROR | No connection could be made because the target machine actively refused it. (localhost:5000)
22-04-2026 05:39:38.226 | ERROR | [mirrored] [00:1B:09:00:00:00] BULK-EVENT Batch=32/50 | SEND-FAILED | No connection could be made because the target machine actively refused it. (localhost:5000) | URI=http://localhost:5000/api/poll/events/bulk
22-04-2026 05:39:38.226 | ERROR | [mirrored] [00:1B:09:00:00:00] BULK-EVENT | Batch=32 | HTTP-ERROR | No connection could be made because the target machine actively refused it. (localhost:5000)
22-04-2026 05:39:39.238 | ERROR | [mirrored] [00:1B:09:00:00:00] POLL | SEND-FAILED | No connection could be made because the target machine actively refused it. (localhost:5000) | URI=http://localhost:5000/api/poll
22-04-2026 05:39:39.239 | ERROR | [mirrored] [00:1B:09:00:00:00] POLL | HTTP-ERROR | No connection could be made because the target machine actively refused it. (localhost:5000)
22-04-2026 05:39:41.154 | ERROR | [mirrored] [00:1B:09:00:00:00] BULK-EVENT Batch=1/5 | SEND-FAILED | No connection could be made because the target machine actively refused it. (localhost:5000) | URI=http://localhost:5000/api/poll/events/bulk
22-04-2026 05:39:41.154 | ERROR | [mirrored] [00:1B:09:00:00:00] BULK-EVENT | Batch=1 | HTTP-ERROR | No connection could be made because the target machine actively refused it. (localhost:5000)
22-04-2026 05:39:42.433 | ERROR | [mirrored] [00:1B:09:00:00:00] BULK-EVENT Batch=33/50 | SEND-FAILED | No connection could be made because the target machine actively refused it. (localhost:5000) | URI=http://localhost:5000/api/poll/events/bulk
22-04-2026 05:39:42.433 | ERROR | [mirrored] [00:1B:09:00:00:00] BULK-EVENT | Batch=33 | HTTP-ERROR | No connection could be made because the target machine actively refused it. (localhost:5000)
22-04-2026 05:39:45.331 | ERROR | [mirrored] [00:1B:09:00:00:00] BULK-EVENT Batch=2/5 | SEND-FAILED | No connection could be made because the target machine actively refused it. (localhost:5000) | URI=http://localhost:5000/api/poll/events/bulk
22-04-2026 05:39:45.331 | ERROR | [mirrored] [00:1B:09:00:00:00] BULK-EVENT | Batch=2 | HTTP-ERROR | No connection could be made because the target machine actively refused it. (localhost:5000)
22-04-2026 05:39:46.653 | ERROR | [mirrored] [00:1B:09:00:00:00] BULK-EVENT Batch=34/50 | SEND-FAILED | No connection could be made because the target machine actively refused it. (localhost:5000) | URI=http://localhost:5000/api/poll/events/bulk
22-04-2026 05:39:46.653 | ERROR | [mirrored] [00:1B:09:00:00:00] BULK-EVENT | Batch=34 | HTTP-ERROR | No connection could be made because the target machine actively refused it. (localhost:5000)
22-04-2026 05:39:49.552 | ERROR | [mirrored] [00:1B:09:00:00:00] BULK-EVENT Batch=3/5 | SEND-FAILED | No connection could be made because the target machine actively refused it. (localhost:5000) | URI=http://localhost:5000/api/poll/events/bulk
22-04-2026 05:39:49.552 | ERROR | [mirrored] [00:1B:09:00:00:00] BULK-EVENT | Batch=3 | HTTP-ERROR | No connection could be made because the target machine actively refused it. (localhost:5000)
22-04-2026 05:39:50.846 | ERROR | [mirrored] [00:1B:09:00:00:00] BULK-EVENT Batch=35/50 | SEND-FAILED | No connection could be made because the target machine actively refused it. (localhost:5000) | URI=http://localhost:5000/api/poll/events/bulk
22-04-2026 05:39:50.846 | ERROR | [mirrored] [00:1B:09:00:00:00] BULK-EVENT | Batch=35 | HTTP-ERROR | No connection could be made because the target machine actively refused it. (localhost:5000)
22-04-2026 05:39:51.328 | ERROR | [mirrored] [00:1B:09:00:00:00] POLL | SEND-FAILED | No connection could be made because the target machine actively refused it. (localhost:5000) | URI=http://localhost:5000/api/poll
22-04-2026 05:39:51.328 | ERROR | [mirrored] [00:1B:09:00:00:00] POLL | HTTP-ERROR | No connection could be made because the target machine actively refused it. (localhost:5000)
22-04-2026 05:39:52.155 | WARN  | [00:1B:09:00:00:00] TOKEN-REFRESH | Token already EXPIRED (43s ago) — refreshing urgently
22-04-2026 05:39:53.755 | ERROR | [mirrored] [00:1B:09:00:00:00] BULK-EVENT Batch=4/5 | SEND-FAILED | No connection could be made because the target machine actively refused it. (localhost:5000) | URI=http://localhost:5000/api/poll/events/bulk
22-04-2026 05:39:53.755 | ERROR | [mirrored] [00:1B:09:00:00:00] BULK-EVENT | Batch=4 | HTTP-ERROR | No connection could be made because the target machine actively refused it. (localhost:5000)
22-04-2026 05:39:55.014 | ERROR | [mirrored] [00:1B:09:00:00:00] BULK-EVENT Batch=36/50 | SEND-FAILED | No connection could be made because the target machine actively refused it. (localhost:5000) | URI=http://localhost:5000/api/poll/events/bulk
22-04-2026 05:39:55.014 | ERROR | [mirrored] [00:1B:09:00:00:00] BULK-EVENT | Batch=36 | HTTP-ERROR | No connection could be made because the target machine actively refused it. (localhost:5000)
22-04-2026 05:39:56.260 | ERROR | [mirrored] [00:1B:09:00:00:00] TOKEN-REFRESH | SEND-FAILED | No connection could be made because the target machine actively refused it. (localhost:5000) | URI=http://localhost:5000/api/auth/refresh
22-04-2026 05:39:56.260 | ERROR | [mirrored] [00:1B:09:00:00:00] TOKEN-REFRESH | EXCEPTION | HttpRequestException: No connection could be made because the target machine actively refused it. (localhost:5000)
22-04-2026 05:39:57.967 | ERROR | [mirrored] [00:1B:09:00:00:00] BULK-EVENT Batch=5/5 | SEND-FAILED | No connection could be made because the target machine actively refused it. (localhost:5000) | URI=http://localhost:5000/api/poll/events/bulk
22-04-2026 05:39:57.967 | ERROR | [mirrored] [00:1B:09:00:00:00] BULK-EVENT | Batch=5 | HTTP-ERROR | No connection could be made because the target machine actively refused it. (localhost:5000)
22-04-2026 05:39:59.223 | ERROR | [mirrored] [00:1B:09:00:00:00] BULK-EVENT Batch=37/50 | SEND-FAILED | No connection could be made because the target machine actively refused it. (localhost:5000) | URI=http://localhost:5000/api/poll/events/bulk
22-04-2026 05:39:59.223 | ERROR | [mirrored] [00:1B:09:00:00:00] BULK-EVENT | Batch=37 | HTTP-ERROR | No connection could be made because the target machine actively refused it. (localhost:5000)
22-04-2026 05:40:03.442 | ERROR | [mirrored] [00:1B:09:00:00:00] POLL | SEND-FAILED | No connection could be made because the target machine actively refused it. (localhost:5000) | URI=http://localhost:5000/api/poll
22-04-2026 05:40:03.442 | ERROR | [mirrored] [00:1B:09:00:00:00] BULK-EVENT Batch=38/50 | SEND-FAILED | No connection could be made because the target machine actively refused it. (localhost:5000) | URI=http://localhost:5000/api/poll/events/bulk
22-04-2026 05:40:03.442 | ERROR | [mirrored] [00:1B:09:00:00:00] POLL | HTTP-ERROR | No connection could be made because the target machine actively refused it. (localhost:5000)
22-04-2026 05:40:03.442 | ERROR | [mirrored] [00:1B:09:00:00:00] BULK-EVENT | Batch=38 | HTTP-ERROR | No connection could be made because the target machine actively refused it. (localhost:5000)
22-04-2026 05:40:07.180 | ERROR | [mirrored] [00:1B:09:00:00:00] BULK-EVENT Batch=1/5 | SEND-FAILED | No connection could be made because the target machine actively refused it. (localhost:5000) | URI=http://localhost:5000/api/poll/events/bulk
22-04-2026 05:40:07.180 | ERROR | [mirrored] [00:1B:09:00:00:00] BULK-EVENT | Batch=1 | HTTP-ERROR | No connection could be made because the target machine actively refused it. (localhost:5000)
22-04-2026 05:40:07.629 | ERROR | [mirrored] [00:1B:09:00:00:00] BULK-EVENT Batch=39/50 | SEND-FAILED | No connection could be made because the target machine actively refused it. (localhost:5000) | URI=http://localhost:5000/api/poll/events/bulk
22-04-2026 05:40:07.629 | ERROR | [mirrored] [00:1B:09:00:00:00] BULK-EVENT | Batch=39 | HTTP-ERROR | No connection could be made because the target machine actively refused it. (localhost:5000)
22-04-2026 05:40:11.369 | ERROR | [mirrored] [00:1B:09:00:00:00] BULK-EVENT Batch=2/5 | SEND-FAILED | No connection could be made because the target machine actively refused it. (localhost:5000) | URI=http://localhost:5000/api/poll/events/bulk
22-04-2026 05:40:11.369 | ERROR | [mirrored] [00:1B:09:00:00:00] BULK-EVENT | Batch=2 | HTTP-ERROR | No connection could be made because the target machine actively refused it. (localhost:5000)
22-04-2026 05:40:11.838 | ERROR | [mirrored] [00:1B:09:00:00:00] BULK-EVENT Batch=40/50 | SEND-FAILED | No connection could be made because the target machine actively refused it. (localhost:5000) | URI=http://localhost:5000/api/poll/events/bulk
22-04-2026 05:40:11.838 | ERROR | [mirrored] [00:1B:09:00:00:00] BULK-EVENT | Batch=40 | HTTP-ERROR | No connection could be made because the target machine actively refused it. (localhost:5000)
22-04-2026 05:40:15.529 | ERROR | [mirrored] [00:1B:09:00:00:00] POLL | SEND-FAILED | No connection could be made because the target machine actively refused it. (localhost:5000) | URI=http://localhost:5000/api/poll
22-04-2026 05:40:15.529 | ERROR | [mirrored] [00:1B:09:00:00:00] POLL | HTTP-ERROR | No connection could be made because the target machine actively refused it. (localhost:5000)
22-04-2026 05:40:15.560 | ERROR | [mirrored] [00:1B:09:00:00:00] BULK-EVENT Batch=3/5 | SEND-FAILED | No connection could be made because the target machine actively refused it. (localhost:5000) | URI=http://localhost:5000/api/poll/events/bulk
22-04-2026 05:40:15.560 | ERROR | [mirrored] [00:1B:09:00:00:00] BULK-EVENT | Batch=3 | HTTP-ERROR | No connection could be made because the target machine actively refused it. (localhost:5000)
22-04-2026 05:40:16.014 | ERROR | [mirrored] [00:1B:09:00:00:00] BULK-EVENT Batch=41/50 | SEND-FAILED | No connection could be made because the target machine actively refused it. (localhost:5000) | URI=http://localhost:5000/api/poll/events/bulk
22-04-2026 05:40:16.014 | ERROR | [mirrored] [00:1B:09:00:00:00] BULK-EVENT | Batch=41 | HTTP-ERROR | No connection could be made because the target machine actively refused it. (localhost:5000)
22-04-2026 05:40:19.772 | ERROR | [mirrored] [00:1B:09:00:00:00] BULK-EVENT Batch=4/5 | SEND-FAILED | No connection could be made because the target machine actively refused it. (localhost:5000) | URI=http://localhost:5000/api/poll/events/bulk
22-04-2026 05:40:19.772 | ERROR | [mirrored] [00:1B:09:00:00:00] BULK-EVENT | Batch=4 | HTTP-ERROR | No connection could be made because the target machine actively refused it. (localhost:5000)
22-04-2026 05:40:20.222 | ERROR | [mirrored] [00:1B:09:00:00:00] BULK-EVENT Batch=42/50 | SEND-FAILED | No connection could be made because the target machine actively refused it. (localhost:5000) | URI=http://localhost:5000/api/poll/events/bulk
22-04-2026 05:40:20.222 | ERROR | [mirrored] [00:1B:09:00:00:00] BULK-EVENT | Batch=42 | HTTP-ERROR | No connection could be made because the target machine actively refused it. (localhost:5000)
22-04-2026 05:40:23.984 | ERROR | [mirrored] [00:1B:09:00:00:00] BULK-EVENT Batch=5/5 | SEND-FAILED | No connection could be made because the target machine actively refused it. (localhost:5000) | URI=http://localhost:5000/api/poll/events/bulk
22-04-2026 05:40:23.984 | ERROR | [mirrored] [00:1B:09:00:00:00] BULK-EVENT | Batch=5 | HTTP-ERROR | No connection could be made because the target machine actively refused it. (localhost:5000)
22-04-2026 05:40:24.403 | ERROR | [mirrored] [00:1B:09:00:00:00] BULK-EVENT Batch=43/50 | SEND-FAILED | No connection could be made because the target machine actively refused it. (localhost:5000) | URI=http://localhost:5000/api/poll/events/bulk
22-04-2026 05:40:24.403 | ERROR | [mirrored] [00:1B:09:00:00:00] BULK-EVENT | Batch=43 | HTTP-ERROR | No connection could be made because the target machine actively refused it. (localhost:5000)
22-04-2026 05:40:25.667 | WARN  | [00:1B:09:00:00:00] POLL | AUTH-FAILURE | Status=401 | URI=http://localhost:5000/api/poll | Body=
22-04-2026 05:40:25.667 | WARN  | [00:1B:09:00:00:00] POLL | UNAUTHORIZED | Marking disconnected for reconnect
22-04-2026 05:40:25.671 | WARN  | [00:1B:09:00:00:00] BULK-EVENT Batch=44/50 | AUTH-FAILURE | Status=401 | URI=http://localhost:5000/api/poll/events/bulk | Body=
22-04-2026 05:40:25.671 | WARN  | [00:1B:09:00:00:00] BULK-EVENT | Batch=44 | UNAUTHORIZED — marking disconnected, aborting remaining batches
22-04-2026 05:40:26.264 | WARN  | [00:1B:09:00:00:00] TOKEN-REFRESH | Token already EXPIRED (77s ago) — refreshing urgently
22-04-2026 05:40:26.360 | WARN  | [00:1B:09:00:00:00] TOKEN-REFRESH | AUTH-FAILURE | Status=401 | URI=http://localhost:5000/api/auth/refresh | Body={"success":false,"message":"No token.","token":null,"typeMID":null,"serverSentAt":"2026-04-22T05:40:26.3266936Z"}
22-04-2026 05:40:26.360 | ERROR | [mirrored] [00:1B:09:00:00:00] TOKEN-REFRESH | REFRESH FAILED | Status=401 | Body={"success":false,"message":"No token.","token":null,"typeMID":null,"serverSentAt":"2026-04-22T05:40:26.3266936Z"}
22-04-2026 05:40:26.360 | WARN  | [00:1B:09:00:00:00] TOKEN-REFRESH | 401 on refresh — marking disconnected
22-04-2026 05:40:45.402 | WARN  | [00:1B:09:00:00:00] LOGIN | TOKEN CHANGED mid-session
22-04-2026 05:44:32.979 | ERROR | [mirrored] [00:1B:09:00:00:00] BULK-EVENT Batch=23/50 | SEND-FAILED | An error occurred while sending the request. | URI=http://localhost:5000/api/poll/events/bulk
22-04-2026 05:44:32.979 | ERROR | [mirrored] [00:1B:09:00:00:00] BULK-EVENT | Batch=23 | HTTP-ERROR | An error occurred while sending the request.
22-04-2026 05:44:37.181 | ERROR | [mirrored] [00:1B:09:00:00:00] BULK-EVENT Batch=24/50 | SEND-FAILED | No connection could be made because the target machine actively refused it. (localhost:5000) | URI=http://localhost:5000/api/poll/events/bulk
22-04-2026 05:44:37.181 | ERROR | [mirrored] [00:1B:09:00:00:00] BULK-EVENT | Batch=24 | HTTP-ERROR | No connection could be made because the target machine actively refused it. (localhost:5000)
22-04-2026 05:44:38.529 | ERROR | [mirrored] [00:1B:09:00:00:00] POLL | SEND-FAILED | No connection could be made because the target machine actively refused it. (localhost:5000) | URI=http://localhost:5000/api/poll
22-04-2026 05:44:38.530 | ERROR | [mirrored] [00:1B:09:00:00:00] POLL | HTTP-ERROR | No connection could be made because the target machine actively refused it. (localhost:5000)
22-04-2026 05:44:40.617 | ERROR | [mirrored] [00:1B:09:00:00:00] BULK-EVENT Batch=1/5 | SEND-FAILED | No connection could be made because the target machine actively refused it. (localhost:5000) | URI=http://localhost:5000/api/poll/events/bulk
22-04-2026 05:44:40.617 | ERROR | [mirrored] [00:1B:09:00:00:00] BULK-EVENT | Batch=1 | HTTP-ERROR | No connection could be made because the target machine actively refused it. (localhost:5000)
22-04-2026 05:44:41.375 | ERROR | [mirrored] [00:1B:09:00:00:00] BULK-EVENT Batch=25/50 | SEND-FAILED | No connection could be made because the target machine actively refused it. (localhost:5000) | URI=http://localhost:5000/api/poll/events/bulk
22-04-2026 05:44:41.375 | ERROR | [mirrored] [00:1B:09:00:00:00] BULK-EVENT | Batch=25 | HTTP-ERROR | No connection could be made because the target machine actively refused it. (localhost:5000)
22-04-2026 05:44:44.805 | ERROR | [mirrored] [00:1B:09:00:00:00] BULK-EVENT Batch=2/5 | SEND-FAILED | No connection could be made because the target machine actively refused it. (localhost:5000) | URI=http://localhost:5000/api/poll/events/bulk
22-04-2026 05:44:44.805 | ERROR | [mirrored] [00:1B:09:00:00:00] BULK-EVENT | Batch=2 | HTTP-ERROR | No connection could be made because the target machine actively refused it. (localhost:5000)
22-04-2026 05:44:45.581 | ERROR | [mirrored] [00:1B:09:00:00:00] BULK-EVENT Batch=26/50 | SEND-FAILED | No connection could be made because the target machine actively refused it. (localhost:5000) | URI=http://localhost:5000/api/poll/events/bulk
22-04-2026 05:44:45.581 | ERROR | [mirrored] [00:1B:09:00:00:00] BULK-EVENT | Batch=26 | HTTP-ERROR | No connection could be made because the target machine actively refused it. (localhost:5000)
22-04-2026 05:44:49.011 | ERROR | [mirrored] [00:1B:09:00:00:00] BULK-EVENT Batch=3/5 | SEND-FAILED | No connection could be made because the target machine actively refused it. (localhost:5000) | URI=http://localhost:5000/api/poll/events/bulk
22-04-2026 05:44:49.011 | ERROR | [mirrored] [00:1B:09:00:00:00] BULK-EVENT | Batch=3 | HTTP-ERROR | No connection could be made because the target machine actively refused it. (localhost:5000)
22-04-2026 05:44:49.617 | ERROR | [mirrored] [00:1B:09:00:00:00] TOKEN-REFRESH | SEND-FAILED | No connection could be made because the target machine actively refused it. (localhost:5000) | URI=http://localhost:5000/api/auth/refresh
22-04-2026 05:44:49.617 | ERROR | [mirrored] [00:1B:09:00:00:00] TOKEN-REFRESH | EXCEPTION | HttpRequestException: No connection could be made because the target machine actively refused it. (localhost:5000)
22-04-2026 05:44:49.787 | ERROR | [mirrored] [00:1B:09:00:00:00] BULK-EVENT Batch=27/50 | SEND-FAILED | No connection could be made because the target machine actively refused it. (localhost:5000) | URI=http://localhost:5000/api/poll/events/bulk
22-04-2026 05:44:49.788 | ERROR | [mirrored] [00:1B:09:00:00:00] BULK-EVENT | Batch=27 | HTTP-ERROR | No connection could be made because the target machine actively refused it. (localhost:5000)
22-04-2026 05:44:50.630 | ERROR | [mirrored] [00:1B:09:00:00:00] POLL | SEND-FAILED | No connection could be made because the target machine actively refused it. (localhost:5000) | URI=http://localhost:5000/api/poll
22-04-2026 05:44:50.630 | ERROR | [mirrored] [00:1B:09:00:00:00] POLL | HTTP-ERROR | No connection could be made because the target machine actively refused it. (localhost:5000)
22-04-2026 05:44:53.222 | ERROR | [mirrored] [00:1B:09:00:00:00] BULK-EVENT Batch=4/5 | SEND-FAILED | No connection could be made because the target machine actively refused it. (localhost:5000) | URI=http://localhost:5000/api/poll/events/bulk
22-04-2026 05:44:53.223 | ERROR | [mirrored] [00:1B:09:00:00:00] BULK-EVENT | Batch=4 | HTTP-ERROR | No connection could be made because the target machine actively refused it. (localhost:5000)
22-04-2026 05:44:53.984 | ERROR | [mirrored] [00:1B:09:00:00:00] BULK-EVENT Batch=28/50 | SEND-FAILED | No connection could be made because the target machine actively refused it. (localhost:5000) | URI=http://localhost:5000/api/poll/events/bulk
22-04-2026 05:44:53.984 | ERROR | [mirrored] [00:1B:09:00:00:00] BULK-EVENT | Batch=28 | HTTP-ERROR | No connection could be made because the target machine actively refused it. (localhost:5000)
22-04-2026 05:44:57.406 | ERROR | [mirrored] [00:1B:09:00:00:00] BULK-EVENT Batch=5/5 | SEND-FAILED | No connection could be made because the target machine actively refused it. (localhost:5000) | URI=http://localhost:5000/api/poll/events/bulk
22-04-2026 05:44:57.406 | ERROR | [mirrored] [00:1B:09:00:00:00] BULK-EVENT | Batch=5 | HTTP-ERROR | No connection could be made because the target machine actively refused it. (localhost:5000)
22-04-2026 05:44:58.170 | ERROR | [mirrored] [00:1B:09:00:00:00] BULK-EVENT Batch=29/50 | SEND-FAILED | No connection could be made because the target machine actively refused it. (localhost:5000) | URI=http://localhost:5000/api/poll/events/bulk
22-04-2026 05:44:58.170 | ERROR | [mirrored] [00:1B:09:00:00:00] BULK-EVENT | Batch=29 | HTTP-ERROR | No connection could be made because the target machine actively refused it. (localhost:5000)
22-04-2026 05:45:02.350 | ERROR | [mirrored] [00:1B:09:00:00:00] BULK-EVENT Batch=30/50 | SEND-FAILED | No connection could be made because the target machine actively refused it. (localhost:5000) | URI=http://localhost:5000/api/poll/events/bulk
22-04-2026 05:45:02.350 | ERROR | [mirrored] [00:1B:09:00:00:00] BULK-EVENT | Batch=30 | HTTP-ERROR | No connection could be made because the target machine actively refused it. (localhost:5000)
22-04-2026 05:45:02.708 | ERROR | [mirrored] [00:1B:09:00:00:00] POLL | SEND-FAILED | No connection could be made because the target machine actively refused it. (localhost:5000) | URI=http://localhost:5000/api/poll
22-04-2026 05:45:02.708 | ERROR | [mirrored] [00:1B:09:00:00:00] POLL | HTTP-ERROR | No connection could be made because the target machine actively refused it. (localhost:5000)
22-04-2026 05:45:06.535 | ERROR | [mirrored] [00:1B:09:00:00:00] BULK-EVENT Batch=31/50 | SEND-FAILED | No connection could be made because the target machine actively refused it. (localhost:5000) | URI=http://localhost:5000/api/poll/events/bulk
22-04-2026 05:45:06.535 | ERROR | [mirrored] [00:1B:09:00:00:00] BULK-EVENT | Batch=31 | HTTP-ERROR | No connection could be made because the target machine actively refused it. (localhost:5000)
22-04-2026 05:45:06.597 | ERROR | [mirrored] [00:1B:09:00:00:00] BULK-EVENT Batch=1/5 | SEND-FAILED | No connection could be made because the target machine actively refused it. (localhost:5000) | URI=http://localhost:5000/api/poll/events/bulk
22-04-2026 05:45:06.597 | ERROR | [mirrored] [00:1B:09:00:00:00] BULK-EVENT | Batch=1 | HTTP-ERROR | No connection could be made because the target machine actively refused it. (localhost:5000)
22-04-2026 05:45:10.725 | ERROR | [mirrored] [00:1B:09:00:00:00] BULK-EVENT Batch=32/50 | SEND-FAILED | No connection could be made because the target machine actively refused it. (localhost:5000) | URI=http://localhost:5000/api/poll/events/bulk
22-04-2026 05:45:10.725 | ERROR | [mirrored] [00:1B:09:00:00:00] BULK-EVENT | Batch=32 | HTTP-ERROR | No connection could be made because the target machine actively refused it. (localhost:5000)
22-04-2026 05:45:10.771 | ERROR | [mirrored] [00:1B:09:00:00:00] BULK-EVENT Batch=2/5 | SEND-FAILED | No connection could be made because the target machine actively refused it. (localhost:5000) | URI=http://localhost:5000/api/poll/events/bulk
22-04-2026 05:45:10.771 | ERROR | [mirrored] [00:1B:09:00:00:00] BULK-EVENT | Batch=2 | HTTP-ERROR | No connection could be made because the target machine actively refused it. (localhost:5000)
22-04-2026 05:45:14.798 | ERROR | [mirrored] [00:1B:09:00:00:00] POLL | SEND-FAILED | No connection could be made because the target machine actively refused it. (localhost:5000) | URI=http://localhost:5000/api/poll
22-04-2026 05:45:14.798 | ERROR | [mirrored] [00:1B:09:00:00:00] POLL | HTTP-ERROR | No connection could be made because the target machine actively refused it. (localhost:5000)
22-04-2026 05:45:14.922 | ERROR | [mirrored] [00:1B:09:00:00:00] BULK-EVENT Batch=33/50 | SEND-FAILED | No connection could be made because the target machine actively refused it. (localhost:5000) | URI=http://localhost:5000/api/poll/events/bulk
22-04-2026 05:45:14.922 | ERROR | [mirrored] [00:1B:09:00:00:00] BULK-EVENT | Batch=33 | HTTP-ERROR | No connection could be made because the target machine actively refused it. (localhost:5000)
22-04-2026 05:45:14.969 | ERROR | [mirrored] [00:1B:09:00:00:00] BULK-EVENT Batch=3/5 | SEND-FAILED | No connection could be made because the target machine actively refused it. (localhost:5000) | URI=http://localhost:5000/api/poll/events/bulk
22-04-2026 05:45:14.969 | ERROR | [mirrored] [00:1B:09:00:00:00] BULK-EVENT | Batch=3 | HTTP-ERROR | No connection could be made because the target machine actively refused it. (localhost:5000)
22-04-2026 05:45:19.146 | ERROR | [mirrored] [00:1B:09:00:00:00] BULK-EVENT Batch=34/50 | SEND-FAILED | No connection could be made because the target machine actively refused it. (localhost:5000) | URI=http://localhost:5000/api/poll/events/bulk
22-04-2026 05:45:19.146 | ERROR | [mirrored] [00:1B:09:00:00:00] BULK-EVENT | Batch=34 | HTTP-ERROR | No connection could be made because the target machine actively refused it. (localhost:5000)
22-04-2026 05:45:19.161 | ERROR | [mirrored] [00:1B:09:00:00:00] BULK-EVENT Batch=4/5 | SEND-FAILED | No connection could be made because the target machine actively refused it. (localhost:5000) | URI=http://localhost:5000/api/poll/events/bulk
22-04-2026 05:45:19.161 | ERROR | [mirrored] [00:1B:09:00:00:00] BULK-EVENT | Batch=4 | HTTP-ERROR | No connection could be made because the target machine actively refused it. (localhost:5000)
22-04-2026 05:45:23.336 | ERROR | [mirrored] [00:1B:09:00:00:00] BULK-EVENT Batch=35/50 | SEND-FAILED | No connection could be made because the target machine actively refused it. (localhost:5000) | URI=http://localhost:5000/api/poll/events/bulk
22-04-2026 05:45:23.337 | ERROR | [mirrored] [00:1B:09:00:00:00] BULK-EVENT | Batch=35 | HTTP-ERROR | No connection could be made because the target machine actively refused it. (localhost:5000)
22-04-2026 05:45:23.337 | ERROR | [mirrored] [00:1B:09:00:00:00] BULK-EVENT Batch=5/5 | SEND-FAILED | No connection could be made because the target machine actively refused it. (localhost:5000) | URI=http://localhost:5000/api/poll/events/bulk
22-04-2026 05:45:23.337 | ERROR | [mirrored] [00:1B:09:00:00:00] BULK-EVENT | Batch=5 | HTTP-ERROR | No connection could be made because the target machine actively refused it. (localhost:5000)
22-04-2026 05:45:23.711 | ERROR | [mirrored] [00:1B:09:00:00:00] TOKEN-REFRESH | SEND-FAILED | No connection could be made because the target machine actively refused it. (localhost:5000) | URI=http://localhost:5000/api/auth/refresh
22-04-2026 05:45:23.711 | ERROR | [mirrored] [00:1B:09:00:00:00] TOKEN-REFRESH | EXCEPTION | HttpRequestException: No connection could be made because the target machine actively refused it. (localhost:5000)
22-04-2026 05:45:26.900 | ERROR | [mirrored] [00:1B:09:00:00:00] POLL | SEND-FAILED | No connection could be made because the target machine actively refused it. (localhost:5000) | URI=http://localhost:5000/api/poll
22-04-2026 05:45:26.900 | ERROR | [mirrored] [00:1B:09:00:00:00] POLL | HTTP-ERROR | No connection could be made because the target machine actively refused it. (localhost:5000)
22-04-2026 05:45:27.537 | ERROR | [mirrored] [00:1B:09:00:00:00] BULK-EVENT Batch=36/50 | SEND-FAILED | No connection could be made because the target machine actively refused it. (localhost:5000) | URI=http://localhost:5000/api/poll/events/bulk
22-04-2026 05:45:27.537 | ERROR | [mirrored] [00:1B:09:00:00:00] BULK-EVENT | Batch=36 | HTTP-ERROR | No connection could be made because the target machine actively refused it. (localhost:5000)
22-04-2026 05:45:31.711 | ERROR | [mirrored] [00:1B:09:00:00:00] BULK-EVENT Batch=37/50 | SEND-FAILED | No connection could be made because the target machine actively refused it. (localhost:5000) | URI=http://localhost:5000/api/poll/events/bulk
22-04-2026 05:45:31.711 | ERROR | [mirrored] [00:1B:09:00:00:00] BULK-EVENT | Batch=37 | HTTP-ERROR | No connection could be made because the target machine actively refused it. (localhost:5000)
22-04-2026 05:45:32.507 | ERROR | [mirrored] [00:1B:09:00:00:00] BULK-EVENT Batch=1/5 | SEND-FAILED | No connection could be made because the target machine actively refused it. (localhost:5000) | URI=http://localhost:5000/api/poll/events/bulk
22-04-2026 05:45:32.507 | ERROR | [mirrored] [00:1B:09:00:00:00] BULK-EVENT | Batch=1 | HTTP-ERROR | No connection could be made because the target machine actively refused it. (localhost:5000)
22-04-2026 05:45:35.904 | ERROR | [mirrored] [00:1B:09:00:00:00] BULK-EVENT Batch=38/50 | SEND-FAILED | No connection could be made because the target machine actively refused it. (localhost:5000) | URI=http://localhost:5000/api/poll/events/bulk
22-04-2026 05:45:35.904 | ERROR | [mirrored] [00:1B:09:00:00:00] BULK-EVENT | Batch=38 | HTTP-ERROR | No connection could be made because the target machine actively refused it. (localhost:5000)
22-04-2026 05:45:36.703 | ERROR | [mirrored] [00:1B:09:00:00:00] BULK-EVENT Batch=2/5 | SEND-FAILED | No connection could be made because the target machine actively refused it. (localhost:5000) | URI=http://localhost:5000/api/poll/events/bulk
22-04-2026 05:45:36.703 | ERROR | [mirrored] [00:1B:09:00:00:00] BULK-EVENT | Batch=2 | HTTP-ERROR | No connection could be made because the target machine actively refused it. (localhost:5000)
22-04-2026 05:45:38.989 | ERROR | [mirrored] [00:1B:09:00:00:00] POLL | SEND-FAILED | No connection could be made because the target machine actively refused it. (localhost:5000) | URI=http://localhost:5000/api/poll
22-04-2026 05:45:38.989 | ERROR | [mirrored] [00:1B:09:00:00:00] POLL | HTTP-ERROR | No connection could be made because the target machine actively refused it. (localhost:5000)
22-04-2026 05:45:40.122 | ERROR | [mirrored] [00:1B:09:00:00:00] BULK-EVENT Batch=39/50 | SEND-FAILED | No connection could be made because the target machine actively refused it. (localhost:5000) | URI=http://localhost:5000/api/poll/events/bulk
22-04-2026 05:45:40.122 | ERROR | [mirrored] [00:1B:09:00:00:00] BULK-EVENT | Batch=39 | HTTP-ERROR | No connection could be made because the target machine actively refused it. (localhost:5000)
22-04-2026 05:45:40.913 | ERROR | [mirrored] [00:1B:09:00:00:00] BULK-EVENT Batch=3/5 | SEND-FAILED | No connection could be made because the target machine actively refused it. (localhost:5000) | URI=http://localhost:5000/api/poll/events/bulk
22-04-2026 05:45:40.913 | ERROR | [mirrored] [00:1B:09:00:00:00] BULK-EVENT | Batch=3 | HTTP-ERROR | No connection could be made because the target machine actively refused it. (localhost:5000)
22-04-2026 05:45:44.315 | ERROR | [mirrored] [00:1B:09:00:00:00] BULK-EVENT Batch=40/50 | SEND-FAILED | No connection could be made because the target machine actively refused it. (localhost:5000) | URI=http://localhost:5000/api/poll/events/bulk
22-04-2026 05:45:44.315 | ERROR | [mirrored] [00:1B:09:00:00:00] BULK-EVENT | Batch=40 | HTTP-ERROR | No connection could be made because the target machine actively refused it. (localhost:5000)
22-04-2026 05:45:45.109 | ERROR | [mirrored] [00:1B:09:00:00:00] BULK-EVENT Batch=4/5 | SEND-FAILED | No connection could be made because the target machine actively refused it. (localhost:5000) | URI=http://localhost:5000/api/poll/events/bulk
22-04-2026 05:45:45.109 | ERROR | [mirrored] [00:1B:09:00:00:00] BULK-EVENT | Batch=4 | HTTP-ERROR | No connection could be made because the target machine actively refused it. (localhost:5000)
22-04-2026 05:45:48.521 | ERROR | [mirrored] [00:1B:09:00:00:00] BULK-EVENT Batch=41/50 | SEND-FAILED | No connection could be made because the target machine actively refused it. (localhost:5000) | URI=http://localhost:5000/api/poll/events/bulk
22-04-2026 05:45:48.521 | ERROR | [mirrored] [00:1B:09:00:00:00] BULK-EVENT | Batch=41 | HTTP-ERROR | No connection could be made because the target machine actively refused it. (localhost:5000)
22-04-2026 05:45:49.286 | ERROR | [mirrored] [00:1B:09:00:00:00] BULK-EVENT Batch=5/5 | SEND-FAILED | No connection could be made because the target machine actively refused it. (localhost:5000) | URI=http://localhost:5000/api/poll/events/bulk
22-04-2026 05:45:49.286 | ERROR | [mirrored] [00:1B:09:00:00:00] BULK-EVENT | Batch=5 | HTTP-ERROR | No connection could be made because the target machine actively refused it. (localhost:5000)
22-04-2026 05:45:51.087 | ERROR | [mirrored] [00:1B:09:00:00:00] POLL | SEND-FAILED | No connection could be made because the target machine actively refused it. (localhost:5000) | URI=http://localhost:5000/api/poll
22-04-2026 05:45:51.087 | ERROR | [mirrored] [00:1B:09:00:00:00] POLL | HTTP-ERROR | No connection could be made because the target machine actively refused it. (localhost:5000)
22-04-2026 05:45:52.740 | ERROR | [mirrored] [00:1B:09:00:00:00] BULK-EVENT Batch=42/50 | SEND-FAILED | No connection could be made because the target machine actively refused it. (localhost:5000) | URI=http://localhost:5000/api/poll/events/bulk
22-04-2026 05:45:52.740 | ERROR | [mirrored] [00:1B:09:00:00:00] BULK-EVENT | Batch=42 | HTTP-ERROR | No connection could be made because the target machine actively refused it. (localhost:5000)
22-04-2026 05:45:53.719 | WARN  | [00:1B:09:00:00:00] TOKEN-REFRESH | Token already EXPIRED (9s ago) — refreshing urgently
22-04-2026 05:45:56.934 | ERROR | [mirrored] [00:1B:09:00:00:00] BULK-EVENT Batch=43/50 | SEND-FAILED | No connection could be made because the target machine actively refused it. (localhost:5000) | URI=http://localhost:5000/api/poll/events/bulk
22-04-2026 05:45:56.934 | ERROR | [mirrored] [00:1B:09:00:00:00] BULK-EVENT | Batch=43 | HTTP-ERROR | No connection could be made because the target machine actively refused it. (localhost:5000)
22-04-2026 05:45:57.819 | ERROR | [mirrored] [00:1B:09:00:00:00] TOKEN-REFRESH | SEND-FAILED | No connection could be made because the target machine actively refused it. (localhost:5000) | URI=http://localhost:5000/api/auth/refresh
22-04-2026 05:45:57.819 | ERROR | [mirrored] [00:1B:09:00:00:00] TOKEN-REFRESH | EXCEPTION | HttpRequestException: No connection could be made because the target machine actively refused it. (localhost:5000)
22-04-2026 05:45:58.485 | ERROR | [mirrored] [00:1B:09:00:00:00] BULK-EVENT Batch=1/5 | SEND-FAILED | No connection could be made because the target machine actively refused it. (localhost:5000) | URI=http://localhost:5000/api/poll/events/bulk
22-04-2026 05:45:58.485 | ERROR | [mirrored] [00:1B:09:00:00:00] BULK-EVENT | Batch=1 | HTTP-ERROR | No connection could be made because the target machine actively refused it. (localhost:5000)
22-04-2026 05:46:01.127 | ERROR | [mirrored] [00:1B:09:00:00:00] BULK-EVENT Batch=44/50 | SEND-FAILED | No connection could be made because the target machine actively refused it. (localhost:5000) | URI=http://localhost:5000/api/poll/events/bulk
22-04-2026 05:46:01.127 | ERROR | [mirrored] [00:1B:09:00:00:00] BULK-EVENT | Batch=44 | HTTP-ERROR | No connection could be made because the target machine actively refused it. (localhost:5000)
22-04-2026 05:46:02.700 | ERROR | [mirrored] [00:1B:09:00:00:00] BULK-EVENT Batch=2/5 | SEND-FAILED | No connection could be made because the target machine actively refused it. (localhost:5000) | URI=http://localhost:5000/api/poll/events/bulk
22-04-2026 05:46:02.700 | ERROR | [mirrored] [00:1B:09:00:00:00] BULK-EVENT | Batch=2 | HTTP-ERROR | No connection could be made because the target machine actively refused it. (localhost:5000)
22-04-2026 05:46:03.200 | ERROR | [mirrored] [00:1B:09:00:00:00] POLL | SEND-FAILED | No connection could be made because the target machine actively refused it. (localhost:5000) | URI=http://localhost:5000/api/poll
22-04-2026 05:46:03.200 | ERROR | [mirrored] [00:1B:09:00:00:00] POLL | HTTP-ERROR | No connection could be made because the target machine actively refused it. (localhost:5000)
22-04-2026 05:46:05.333 | ERROR | [mirrored] [00:1B:09:00:00:00] BULK-EVENT Batch=45/50 | SEND-FAILED | No connection could be made because the target machine actively refused it. (localhost:5000) | URI=http://localhost:5000/api/poll/events/bulk
22-04-2026 05:46:05.333 | ERROR | [mirrored] [00:1B:09:00:00:00] BULK-EVENT | Batch=45 | HTTP-ERROR | No connection could be made because the target machine actively refused it. (localhost:5000)
22-04-2026 05:46:06.907 | ERROR | [mirrored] [00:1B:09:00:00:00] BULK-EVENT Batch=3/5 | SEND-FAILED | No connection could be made because the target machine actively refused it. (localhost:5000) | URI=http://localhost:5000/api/poll/events/bulk
22-04-2026 05:46:06.907 | ERROR | [mirrored] [00:1B:09:00:00:00] BULK-EVENT | Batch=3 | HTTP-ERROR | No connection could be made because the target machine actively refused it. (localhost:5000)
22-04-2026 05:46:08.579 | WARN  | [00:1B:09:00:00:00] BULK-EVENT Batch=46/50 | AUTH-FAILURE | Status=401 | URI=http://localhost:5000/api/poll/events/bulk | Body=
22-04-2026 05:46:08.579 | WARN  | [00:1B:09:00:00:00] BULK-EVENT | Batch=46 | UNAUTHORIZED — marking disconnected, aborting remaining batches
22-04-2026 05:46:08.583 | WARN  | [00:1B:09:00:00:00] BULK-EVENT Batch=4/5 | AUTH-FAILURE | Status=401 | URI=http://localhost:5000/api/poll/events/bulk | Body=
22-04-2026 05:46:08.583 | WARN  | [00:1B:09:00:00:00] BULK-EVENT | Batch=4 | UNAUTHORIZED — marking disconnected, aborting remaining batches
22-04-2026 05:46:21.070 | WARN  | [00:1B:09:00:00:00] LOGIN | TOKEN CHANGED mid-session
